#
# There is insufficient memory for the Java Runtime Environment to continue.
# Native memory allocation (malloc) failed to allocate 96496 bytes. Error detail: Chunk::new
# Possible reasons:
#   The system is out of physical RAM or swap space
#   This process is running with CompressedOops enabled, and the Java Heap may be blocking the growth of the native heap
# Possible solutions:
#   Reduce memory load on the system
#   Increase physical memory or swap space
#   Check if swap backing store is full
#   Decrease Java heap size (-Xmx/-Xms)
#   Decrease number of Java threads
#   Decrease Java thread stack sizes (-Xss)
#   Set larger code cache with -XX:ReservedCodeCacheSize=
#   JVM is running with Unscaled Compressed Oops mode in which the Java heap is
#     placed in the first 4GB address space. The Java Heap base address is the
#     maximum limit for the native heap growth. Please use -XX:HeapBaseMinAddress
#     to set the Java Heap base and to place the Java Heap above 4GB virtual address.
# This output file may be truncated or incomplete.
#
#  Out of Memory Error (arena.cpp:149), pid=14872, tid=6372
#
# JRE version: OpenJDK Runtime Environment (23.0+37) (build 23+37-2369)
# Java VM: OpenJDK 64-Bit Server VM (23+37-2369, mixed mode, sharing, tiered, compressed oops, compressed class ptrs, g1 gc, windows-amd64)
# No core dump will be written. Minidumps are not enabled by default on client versions of Windows
#

---------------  S U M M A R Y ------------

Command Line: --add-opens=java.base/java.util=ALL-UNNAMED --add-opens=java.base/java.lang=ALL-UNNAMED --add-opens=java.base/java.lang.invoke=ALL-UNNAMED --add-opens=java.prefs/java.util.prefs=ALL-UNNAMED --add-exports=jdk.compiler/com.sun.tools.javac.api=ALL-UNNAMED --add-exports=jdk.compiler/com.sun.tools.javac.util=ALL-UNNAMED --add-opens=java.base/java.nio.charset=ALL-UNNAMED --add-opens=java.base/java.net=ALL-UNNAMED --add-opens=java.base/java.util.concurrent.atomic=ALL-UNNAMED -XX:MaxMetaspaceSize=384m -XX:+HeapDumpOnOutOfMemoryError -Xms256m -Xmx512m -Dfile.encoding=UTF-8 -Duser.country=US -Duser.language=en -Duser.variant -javaagent:C:\Users\HP\.gradle\wrapper\dists\gradle-8.10.2-bin\a04bxjujx95o3nb99gddekhwo\gradle-8.10.2\lib\agents\gradle-instrumentation-agent-8.10.2.jar org.gradle.launcher.daemon.bootstrap.GradleDaemon 8.10.2

Host: 11th Gen Intel(R) Core(TM) i7-1165G7 @ 2.80GHz, 8 cores, 7G,  Windows 11 , 64 bit Build 22621 (10.0.22621.4391)
Time: Tue Nov 19 16:11:15 2024 SE Asia Standard Time elapsed time: 462.909368 seconds (0d 0h 7m 42s)

---------------  T H R E A D  ---------------

Current thread (0x0000028858611250):  JavaThread "C2 CompilerThread0" daemon [_thread_in_native, id=6372, stack(0x000000ca6a100000,0x000000ca6a200000) (1024K)]


Current CompileTask:
C2:462909 7521       4       java.lang.PublicMethods::merge (81 bytes)

Stack: [0x000000ca6a100000,0x000000ca6a200000]
Native frames: (J=compiled Java code, j=interpreted, Vv=VM code, C=native code)
V  [jvm.dll+0x6e08a9]  (no source info available)
V  [jvm.dll+0x87da63]  (no source info available)
V  [jvm.dll+0x87feee]  (no source info available)
V  [jvm.dll+0x8805c3]  (no source info available)
V  [jvm.dll+0x27aee6]  (no source info available)
V  [jvm.dll+0xbc06f]  (no source info available)
V  [jvm.dll+0xbc2cb]  (no source info available)
V  [jvm.dll+0x5e7aba]  (no source info available)
V  [jvm.dll+0x38a45a]  (no source info available)
V  [jvm.dll+0x38989a]  (no source info available)
V  [jvm.dll+0x244aa1]  (no source info available)
V  [jvm.dll+0x243dff]  (no source info available)
V  [jvm.dll+0x1c33a0]  (no source info available)
V  [jvm.dll+0x253cf1]  (no source info available)
V  [jvm.dll+0x251faa]  (no source info available)
V  [jvm.dll+0x3ee036]  (no source info available)
V  [jvm.dll+0x824f1b]  (no source info available)
V  [jvm.dll+0x6df055]  (no source info available)
C  [ucrtbase.dll+0x29333]  (no source info available)
C  [KERNEL32.DLL+0x1259d]  (no source info available)
C  [ntdll.dll+0x5af38]  (no source info available)

Lock stack of current Java thread (top to bottom):


---------------  P R O C E S S  ---------------

Threads class SMR info:
_java_thread_list=0x0000028875e96d30, length=62, elements={
0x000002883b3240d0, 0x00000288586067f0, 0x0000028858608c10, 0x0000028858609c20,
0x000002885860b980, 0x000002885860e4e0, 0x0000028858610170, 0x0000028858611250,
0x0000028858613e00, 0x00000288586edc10, 0x000002885892ef40, 0x00000288737b1c60,
0x000002885896df60, 0x0000028858972760, 0x0000028872c4efe0, 0x000002885887e8f0,
0x0000028872e4f100, 0x0000028872e4f790, 0x0000028872e4fe20, 0x0000028872e504b0,
0x0000028872e50b40, 0x0000028872e511d0, 0x0000028872e4dd50, 0x00000288739cf5d0,
0x00000288739cfc60, 0x00000288739d16a0, 0x00000288739d02f0, 0x00000288739d1d30,
0x00000288739d0980, 0x00000288739d1010, 0x0000028873cdf460, 0x0000028873cdac30,
0x0000028873cdcd00, 0x0000028873ce0180, 0x0000028873cdb950, 0x0000028873ce2250,
0x0000028873cdb2c0, 0x0000028873ce1bc0, 0x0000028873cde0b0, 0x0000028873cdfaf0,
0x000002887366a320, 0x000002887366a9b0, 0x00000288736688e0, 0x0000028873667bc0,
0x000002887366b6d0, 0x0000028873668250, 0x000002887366d7a0, 0x000002887366de30,
0x000002887366bd60, 0x000002887366c3f0, 0x000002887366ca80, 0x000002887366d110,
0x0000028873666ea0, 0x000002887366e4c0, 0x0000028873668f70, 0x0000028873667530,
0x0000028873669c90, 0x0000028873669600, 0x0000028873cde740, 0x0000028875e87060,
0x0000028875e876f0, 0x0000028875e87d80
}

Java Threads: ( => current thread )
  0x000002883b3240d0 JavaThread "main"                              [_thread_blocked, id=9528, stack(0x000000ca69300000,0x000000ca69400000) (1024K)]
  0x00000288586067f0 JavaThread "Reference Handler"          daemon [_thread_blocked, id=17900, stack(0x000000ca69b00000,0x000000ca69c00000) (1024K)]
  0x0000028858608c10 JavaThread "Finalizer"                  daemon [_thread_blocked, id=18180, stack(0x000000ca69c00000,0x000000ca69d00000) (1024K)]
  0x0000028858609c20 JavaThread "Signal Dispatcher"          daemon [_thread_blocked, id=2464, stack(0x000000ca69d00000,0x000000ca69e00000) (1024K)]
  0x000002885860b980 JavaThread "Attach Listener"            daemon [_thread_blocked, id=11640, stack(0x000000ca69e00000,0x000000ca69f00000) (1024K)]
  0x000002885860e4e0 JavaThread "Service Thread"             daemon [_thread_blocked, id=18200, stack(0x000000ca69f00000,0x000000ca6a000000) (1024K)]
  0x0000028858610170 JavaThread "Monitor Deflation Thread"   daemon [_thread_blocked, id=18188, stack(0x000000ca6a000000,0x000000ca6a100000) (1024K)]
=>0x0000028858611250 JavaThread "C2 CompilerThread0"         daemon [_thread_in_native, id=6372, stack(0x000000ca6a100000,0x000000ca6a200000) (1024K)]
  0x0000028858613e00 JavaThread "C1 CompilerThread0"         daemon [_thread_blocked, id=17816, stack(0x000000ca6a200000,0x000000ca6a300000) (1024K)]
  0x00000288586edc10 JavaThread "Common-Cleaner"             daemon [_thread_blocked, id=12520, stack(0x000000ca6a300000,0x000000ca6a400000) (1024K)]
  0x000002885892ef40 JavaThread "Notification Thread"        daemon [_thread_blocked, id=17912, stack(0x000000ca6a400000,0x000000ca6a500000) (1024K)]
  0x00000288737b1c60 JavaThread "Daemon health stats"               [_thread_blocked, id=13860, stack(0x000000ca6aa00000,0x000000ca6ab00000) (1024K)]
  0x000002885896df60 JavaThread "Incoming local TCP Connector on port 54805"        [_thread_in_native, id=14276, stack(0x000000ca6ab00000,0x000000ca6ac00000) (1024K)]
  0x0000028858972760 JavaThread "Daemon periodic checks"            [_thread_blocked, id=7268, stack(0x000000ca6ac00000,0x000000ca6ad00000) (1024K)]
  0x0000028872c4efe0 JavaThread "Daemon"                            [_thread_blocked, id=13508, stack(0x000000ca6ad00000,0x000000ca6ae00000) (1024K)]
  0x000002885887e8f0 JavaThread "Handler for socket connection from /127.0.0.1:54805 to /127.0.0.1:54806"        [_thread_in_native, id=8232, stack(0x000000ca6ae00000,0x000000ca6af00000) (1024K)]
  0x0000028872e4f100 JavaThread "Cancel handler"                    [_thread_blocked, id=7348, stack(0x000000ca6af00000,0x000000ca6b000000) (1024K)]
  0x0000028872e4f790 JavaThread "Daemon worker"                     [_thread_in_vm, id=12352, stack(0x000000ca6b000000,0x000000ca6b100000) (1024K)]
  0x0000028872e4fe20 JavaThread "Asynchronous log dispatcher for DefaultDaemonConnection: socket connection from /127.0.0.1:54805 to /127.0.0.1:54806"        [_thread_blocked, id=17964, stack(0x000000ca6b100000,0x000000ca6b200000) (1024K)]
  0x0000028872e504b0 JavaThread "Stdin handler"                     [_thread_blocked, id=12264, stack(0x000000ca6b200000,0x000000ca6b300000) (1024K)]
  0x0000028872e50b40 JavaThread "Daemon client event forwarder"        [_thread_blocked, id=16052, stack(0x000000ca6b300000,0x000000ca6b400000) (1024K)]
  0x0000028872e511d0 JavaThread "Cache worker for journal cache (C:\Users\HP\.gradle\caches\journal-1)"        [_thread_blocked, id=19164, stack(0x000000ca6b600000,0x000000ca6b700000) (1024K)]
  0x0000028872e4dd50 JavaThread "File lock request listener"        [_thread_in_native, id=18624, stack(0x000000ca6b700000,0x000000ca6b800000) (1024K)]
  0x00000288739cf5d0 JavaThread "Cache worker for file hash cache (C:\Users\HP\.gradle\caches\8.10.2\fileHashes)"        [_thread_blocked, id=1924, stack(0x000000ca6bb00000,0x000000ca6bc00000) (1024K)]
  0x00000288739cfc60 JavaThread "Cache worker for file hash cache (D:\quan_ly_toa_nha_van_phong\module_6_back_end\.gradle\8.10.2\fileHashes)"        [_thread_blocked, id=19704, stack(0x000000ca6ba00000,0x000000ca6bb00000) (1024K)]
  0x00000288739d16a0 JavaThread "Cache worker for Build Output Cleanup Cache (D:\quan_ly_toa_nha_van_phong\module_6_back_end\.gradle\buildOutputCleanup)"        [_thread_blocked, id=19708, stack(0x000000ca6bc00000,0x000000ca6bd00000) (1024K)]
  0x00000288739d02f0 JavaThread "File watcher server"        daemon [_thread_in_native, id=19832, stack(0x000000ca6bd00000,0x000000ca6be00000) (1024K)]
  0x00000288739d1d30 JavaThread "File watcher consumer"      daemon [_thread_blocked, id=19836, stack(0x000000ca6be00000,0x000000ca6bf00000) (1024K)]
  0x00000288739d0980 JavaThread "Cache worker for checksums cache (D:\quan_ly_toa_nha_van_phong\module_6_back_end\.gradle\8.10.2\checksums)"        [_thread_blocked, id=19916, stack(0x000000ca6bf00000,0x000000ca6c000000) (1024K)]
  0x00000288739d1010 JavaThread "Cache worker for file content cache (C:\Users\HP\.gradle\caches\8.10.2\fileContent)"        [_thread_blocked, id=19924, stack(0x000000ca6c000000,0x000000ca6c100000) (1024K)]
  0x0000028873cdf460 JavaThread "Cache worker for cache directory md-rule (C:\Users\HP\.gradle\caches\8.10.2\md-rule)"        [_thread_blocked, id=19952, stack(0x000000ca6c100000,0x000000ca6c200000) (1024K)]
  0x0000028873cdac30 JavaThread "Cache worker for cache directory md-supplier (C:\Users\HP\.gradle\caches\8.10.2\md-supplier)"        [_thread_blocked, id=20024, stack(0x000000ca6c200000,0x000000ca6c300000) (1024K)]
  0x0000028873cdcd00 JavaThread "jar transforms"                    [_thread_blocked, id=8432, stack(0x000000ca69000000,0x000000ca69100000) (1024K)]
  0x0000028873ce0180 JavaThread "jar transforms Thread 2"           [_thread_blocked, id=18932, stack(0x000000ca69100000,0x000000ca69200000) (1024K)]
  0x0000028873cdb950 JavaThread "File lock release action executor Thread 2"        [_thread_blocked, id=20460, stack(0x000000ca6c300000,0x000000ca6c400000) (1024K)]
  0x0000028873ce2250 JavaThread "jar transforms Thread 3"           [_thread_blocked, id=8416, stack(0x000000ca6b900000,0x000000ca6ba00000) (1024K)]
  0x0000028873cdb2c0 JavaThread "jar transforms Thread 4"           [_thread_blocked, id=2304, stack(0x000000ca6c400000,0x000000ca6c500000) (1024K)]
  0x0000028873ce1bc0 JavaThread "jar transforms Thread 5"           [_thread_blocked, id=20856, stack(0x000000ca6c500000,0x000000ca6c600000) (1024K)]
  0x0000028873cde0b0 JavaThread "jar transforms Thread 6"           [_thread_blocked, id=21304, stack(0x000000ca6b800000,0x000000ca6b900000) (1024K)]
  0x0000028873cdfaf0 JavaThread "jar transforms Thread 7"           [_thread_blocked, id=21784, stack(0x000000ca6c700000,0x000000ca6c800000) (1024K)]
  0x000002887366a320 JavaThread "Unconstrained build operations"        [_thread_blocked, id=22132, stack(0x000000ca6ca00000,0x000000ca6cb00000) (1024K)]
  0x000002887366a9b0 JavaThread "Unconstrained build operations Thread 2"        [_thread_blocked, id=18544, stack(0x000000ca6cb00000,0x000000ca6cc00000) (1024K)]
  0x00000288736688e0 JavaThread "Unconstrained build operations Thread 3"        [_thread_blocked, id=22012, stack(0x000000ca6cc00000,0x000000ca6cd00000) (1024K)]
  0x0000028873667bc0 JavaThread "Unconstrained build operations Thread 4"        [_thread_blocked, id=18644, stack(0x000000ca6cd00000,0x000000ca6ce00000) (1024K)]
  0x000002887366b6d0 JavaThread "Unconstrained build operations Thread 5"        [_thread_blocked, id=19956, stack(0x000000ca6ce00000,0x000000ca6cf00000) (1024K)]
  0x0000028873668250 JavaThread "Unconstrained build operations Thread 6"        [_thread_blocked, id=17704, stack(0x000000ca6cf00000,0x000000ca6d000000) (1024K)]
  0x000002887366d7a0 JavaThread "Unconstrained build operations Thread 7"        [_thread_blocked, id=6544, stack(0x000000ca6d000000,0x000000ca6d100000) (1024K)]
  0x000002887366de30 JavaThread "Unconstrained build operations Thread 8"        [_thread_blocked, id=16236, stack(0x000000ca6d100000,0x000000ca6d200000) (1024K)]
  0x000002887366bd60 JavaThread "Unconstrained build operations Thread 9"        [_thread_blocked, id=24464, stack(0x000000ca6d200000,0x000000ca6d300000) (1024K)]
  0x000002887366c3f0 JavaThread "Unconstrained build operations Thread 10"        [_thread_blocked, id=11660, stack(0x000000ca6d300000,0x000000ca6d400000) (1024K)]
  0x000002887366ca80 JavaThread "Unconstrained build operations Thread 11"        [_thread_blocked, id=3992, stack(0x000000ca6d400000,0x000000ca6d500000) (1024K)]
  0x000002887366d110 JavaThread "Unconstrained build operations Thread 12"        [_thread_blocked, id=12476, stack(0x000000ca6d500000,0x000000ca6d600000) (1024K)]
  0x0000028873666ea0 JavaThread "Unconstrained build operations Thread 13"        [_thread_blocked, id=11896, stack(0x000000ca6d600000,0x000000ca6d700000) (1024K)]
  0x000002887366e4c0 JavaThread "Unconstrained build operations Thread 14"        [_thread_blocked, id=21688, stack(0x000000ca6d700000,0x000000ca6d800000) (1024K)]
  0x0000028873668f70 JavaThread "Unconstrained build operations Thread 15"        [_thread_blocked, id=25384, stack(0x000000ca6c600000,0x000000ca6c700000) (1024K)]
  0x0000028873667530 JavaThread "Unconstrained build operations Thread 16"        [_thread_blocked, id=25388, stack(0x000000ca6c800000,0x000000ca6c900000) (1024K)]
  0x0000028873669c90 JavaThread "Unconstrained build operations Thread 17"        [_thread_blocked, id=25392, stack(0x000000ca6c900000,0x000000ca6ca00000) (1024K)]
  0x0000028873669600 JavaThread "Unconstrained build operations Thread 18"        [_thread_blocked, id=25396, stack(0x000000ca6d800000,0x000000ca6d900000) (1024K)]
  0x0000028873cde740 JavaThread "Unconstrained build operations Thread 19"        [_thread_blocked, id=25400, stack(0x000000ca6d900000,0x000000ca6da00000) (1024K)]
  0x0000028875e87060 JavaThread "Unconstrained build operations Thread 20"        [_thread_blocked, id=25404, stack(0x000000ca6da00000,0x000000ca6db00000) (1024K)]
  0x0000028875e876f0 JavaThread "Unconstrained build operations Thread 21"        [_thread_blocked, id=25408, stack(0x000000ca6db00000,0x000000ca6dc00000) (1024K)]
  0x0000028875e87d80 JavaThread "Memory manager"                    [_thread_blocked, id=19776, stack(0x000000ca6dc00000,0x000000ca6dd00000) (1024K)]
Total: 62

Other Threads:
  0x00000288585ee690 VMThread "VM Thread"                           [id=18184, stack(0x000000ca69a00000,0x000000ca69b00000) (1024K)]
  0x00000288585e1f60 WatcherThread "VM Periodic Task Thread"        [id=17888, stack(0x000000ca69900000,0x000000ca69a00000) (1024K)]
  0x000002883d658c50 WorkerThread "GC Thread#0"                     [id=17804, stack(0x000000ca69400000,0x000000ca69500000) (1024K)]
  0x00000288722c6870 WorkerThread "GC Thread#1"                     [id=7952, stack(0x000000ca6a500000,0x000000ca6a600000) (1024K)]
  0x0000028872424370 WorkerThread "GC Thread#2"                     [id=16644, stack(0x000000ca6a600000,0x000000ca6a700000) (1024K)]
  0x0000028872424720 WorkerThread "GC Thread#3"                     [id=17644, stack(0x000000ca6a700000,0x000000ca6a800000) (1024K)]
  0x0000028872424ad0 WorkerThread "GC Thread#4"                     [id=17456, stack(0x000000ca6a800000,0x000000ca6a900000) (1024K)]
  0x0000028872424e80 WorkerThread "GC Thread#5"                     [id=15960, stack(0x000000ca6a900000,0x000000ca6aa00000) (1024K)]
  0x00000288728a3cf0 WorkerThread "GC Thread#6"                     [id=16104, stack(0x000000ca6b400000,0x000000ca6b500000) (1024K)]
  0x00000288728a4450 WorkerThread "GC Thread#7"                     [id=15400, stack(0x000000ca6b500000,0x000000ca6b600000) (1024K)]
  0x000002883d65eca0 ConcurrentGCThread "G1 Main Marker"            [id=15736, stack(0x000000ca69500000,0x000000ca69600000) (1024K)]
  0x000002883d65f7b0 WorkerThread "G1 Conc#0"                       [id=14472, stack(0x000000ca69600000,0x000000ca69700000) (1024K)]
  0x0000028872bba750 WorkerThread "G1 Conc#1"                       [id=19584, stack(0x000000ca69200000,0x000000ca69300000) (1024K)]
  0x000002883d6ee8e0 ConcurrentGCThread "G1 Refine#0"               [id=17884, stack(0x000000ca69700000,0x000000ca69800000) (1024K)]
  0x00000288584b7750 ConcurrentGCThread "G1 Service"                [id=6656, stack(0x000000ca69800000,0x000000ca69900000) (1024K)]
Total: 15

Threads with active compile tasks:
C2 CompilerThread0  463209 7521       4       java.lang.PublicMethods::merge (81 bytes)
Total: 1

VM state: not at safepoint (normal execution)

VM Mutex/Monitor currently owned by a thread: None

Heap address: 0x00000000e0000000, size: 512 MB, Compressed Oops mode: 32-bit

CDS archive(s) mapped at: [0x0000028859000000-0x0000028859d70000-0x0000028859d70000), size 14090240, SharedBaseAddress: 0x0000028859000000, ArchiveRelocationMode: 1.
Compressed class space mapped at: 0x000002885a000000-0x000002886e000000, reserved size: 335544320
Narrow klass base: 0x0000028859000000, Narrow klass shift: 0, Narrow klass range: 0x15000000

GC Precious Log:
 CardTable entry size: 512
 Card Set container configuration: InlinePtr #cards 5 size 8 Array Of Cards #cards 10 size 36 Howl #buckets 4 coarsen threshold 1843 Howl Bitmap #cards 512 size 80 coarsen threshold 460 Card regions per heap region 1 cards per card region 2048
 CPUs: 8 total, 8 available
 Memory: 7957M
 Large Page Support: Disabled
 NUMA Support: Disabled
 Compressed Oops: Enabled (32-bit)
 Heap Region Size: 1M
 Heap Min Capacity: 256M
 Heap Initial Capacity: 256M
 Heap Max Capacity: 512M
 Pre-touch: Disabled
 Parallel Workers: 8
 Concurrent Workers: 2
 Concurrent Refinement Workers: 8
 Periodic GC: Disabled

Heap:
 garbage-first heap   total reserved 524288K, committed 262144K, used 96787K [0x00000000e0000000, 0x0000000100000000)
  region size 1024K, 60 young (61440K), 3 survivors (3072K)
 Metaspace       used 54318K, committed 56192K, reserved 393216K
  class space    used 8059K, committed 8960K, reserved 327680K

Heap Regions: E=young(eden), S=young(survivor), O=old, HS=humongous(starts), HC=humongous(continues), CS=collection set, F=free, TAMS=top-at-mark-start, PB=parsable bottom
|   0|0x00000000e0000000, 0x00000000e0100000, 0x00000000e0100000|100%|HS|  |TAMS 0x00000000e0000000| PB 0x00000000e0000000| Complete |  0
|   1|0x00000000e0100000, 0x00000000e0200000, 0x00000000e0200000|100%|HC|  |TAMS 0x00000000e0100000| PB 0x00000000e0100000| Complete |  0
|   2|0x00000000e0200000, 0x00000000e0300000, 0x00000000e0300000|100%|HC|  |TAMS 0x00000000e0200000| PB 0x00000000e0200000| Complete |  0
|   3|0x00000000e0300000, 0x00000000e0400000, 0x00000000e0400000|100%|HC|  |TAMS 0x00000000e0300000| PB 0x00000000e0300000| Complete |  0
|   4|0x00000000e0400000, 0x00000000e0500000, 0x00000000e0500000|100%| O|  |TAMS 0x00000000e0400000| PB 0x00000000e0400000| Untracked |  0
|   5|0x00000000e0500000, 0x00000000e0500000, 0x00000000e0600000|  0%| F|  |TAMS 0x00000000e0500000| PB 0x00000000e0500000| Untracked |  0
|   6|0x00000000e0600000, 0x00000000e0700000, 0x00000000e0700000|100%| O|  |TAMS 0x00000000e0600000| PB 0x00000000e0600000| Untracked |  0
|   7|0x00000000e0700000, 0x00000000e0800000, 0x00000000e0800000|100%| O|  |TAMS 0x00000000e0700000| PB 0x00000000e0700000| Untracked |  0
|   8|0x00000000e0800000, 0x00000000e0900000, 0x00000000e0900000|100%| O|  |TAMS 0x00000000e0800000| PB 0x00000000e0800000| Untracked |  0
|   9|0x00000000e0900000, 0x00000000e0a00000, 0x00000000e0a00000|100%| O|  |TAMS 0x00000000e0900000| PB 0x00000000e0900000| Untracked |  0
|  10|0x00000000e0a00000, 0x00000000e0b00000, 0x00000000e0b00000|100%| O|  |TAMS 0x00000000e0a00000| PB 0x00000000e0a00000| Untracked |  0
|  11|0x00000000e0b00000, 0x00000000e0c00000, 0x00000000e0c00000|100%|HS|  |TAMS 0x00000000e0b00000| PB 0x00000000e0b00000| Complete |  0
|  12|0x00000000e0c00000, 0x00000000e0d00000, 0x00000000e0d00000|100%| O|  |TAMS 0x00000000e0c00000| PB 0x00000000e0c00000| Untracked |  0
|  13|0x00000000e0d00000, 0x00000000e0e00000, 0x00000000e0e00000|100%| O|  |TAMS 0x00000000e0d00000| PB 0x00000000e0d00000| Untracked |  0
|  14|0x00000000e0e00000, 0x00000000e0f00000, 0x00000000e0f00000|100%| O|  |TAMS 0x00000000e0e00000| PB 0x00000000e0e00000| Untracked |  0
|  15|0x00000000e0f00000, 0x00000000e1000000, 0x00000000e1000000|100%| O|  |TAMS 0x00000000e0f00000| PB 0x00000000e0f00000| Untracked |  0
|  16|0x00000000e1000000, 0x00000000e1100000, 0x00000000e1100000|100%| O|  |TAMS 0x00000000e1000000| PB 0x00000000e1000000| Untracked |  0
|  17|0x00000000e1100000, 0x00000000e1200000, 0x00000000e1200000|100%| O|  |TAMS 0x00000000e1100000| PB 0x00000000e1100000| Untracked |  0
|  18|0x00000000e1200000, 0x00000000e1300000, 0x00000000e1300000|100%| O|  |TAMS 0x00000000e1200000| PB 0x00000000e1200000| Untracked |  0
|  19|0x00000000e1300000, 0x00000000e1400000, 0x00000000e1400000|100%| O|  |TAMS 0x00000000e1300000| PB 0x00000000e1300000| Untracked |  0
|  20|0x00000000e1400000, 0x00000000e1500000, 0x00000000e1500000|100%| O|  |TAMS 0x00000000e1400000| PB 0x00000000e1400000| Untracked |  0
|  21|0x00000000e1500000, 0x00000000e1600000, 0x00000000e1600000|100%| O|  |TAMS 0x00000000e1500000| PB 0x00000000e1500000| Untracked |  0
|  22|0x00000000e1600000, 0x00000000e1700000, 0x00000000e1700000|100%| O|  |TAMS 0x00000000e1600000| PB 0x00000000e1600000| Untracked |  0
|  23|0x00000000e1700000, 0x00000000e1800000, 0x00000000e1800000|100%| O|  |TAMS 0x00000000e1700000| PB 0x00000000e1700000| Untracked |  0
|  24|0x00000000e1800000, 0x00000000e1900000, 0x00000000e1900000|100%| O|  |TAMS 0x00000000e1800000| PB 0x00000000e1800000| Untracked |  0
|  25|0x00000000e1900000, 0x00000000e1a00000, 0x00000000e1a00000|100%| O|  |TAMS 0x00000000e1900000| PB 0x00000000e1900000| Untracked |  0
|  26|0x00000000e1a00000, 0x00000000e1b00000, 0x00000000e1b00000|100%| O|  |TAMS 0x00000000e1a00000| PB 0x00000000e1a00000| Untracked |  0
|  27|0x00000000e1b00000, 0x00000000e1c00000, 0x00000000e1c00000|100%| O|  |TAMS 0x00000000e1b00000| PB 0x00000000e1b00000| Untracked |  0
|  28|0x00000000e1c00000, 0x00000000e1d00000, 0x00000000e1d00000|100%| O|  |TAMS 0x00000000e1c00000| PB 0x00000000e1c00000| Untracked |  0
|  29|0x00000000e1d00000, 0x00000000e1e00000, 0x00000000e1e00000|100%| O|  |TAMS 0x00000000e1d00000| PB 0x00000000e1d00000| Untracked |  0
|  30|0x00000000e1e00000, 0x00000000e1f00000, 0x00000000e1f00000|100%| O|  |TAMS 0x00000000e1e00000| PB 0x00000000e1e00000| Untracked |  0
|  31|0x00000000e1f00000, 0x00000000e2000000, 0x00000000e2000000|100%| O|  |TAMS 0x00000000e1f00000| PB 0x00000000e1f00000| Untracked |  0
|  32|0x00000000e2000000, 0x00000000e2100000, 0x00000000e2100000|100%| O|  |TAMS 0x00000000e2000000| PB 0x00000000e2000000| Untracked |  0
|  33|0x00000000e2100000, 0x00000000e2200000, 0x00000000e2200000|100%| O|  |TAMS 0x00000000e2100000| PB 0x00000000e2100000| Untracked |  0
|  34|0x00000000e2200000, 0x00000000e2300000, 0x00000000e2300000|100%| O|  |TAMS 0x00000000e2200000| PB 0x00000000e2200000| Untracked |  0
|  35|0x00000000e2300000, 0x00000000e2400000, 0x00000000e2400000|100%| O|  |TAMS 0x00000000e2300000| PB 0x00000000e2300000| Untracked |  0
|  36|0x00000000e2400000, 0x00000000e2500000, 0x00000000e2500000|100%| O|  |TAMS 0x00000000e2400000| PB 0x00000000e2400000| Untracked |  0
|  37|0x00000000e2500000, 0x00000000e2584d80, 0x00000000e2600000| 51%| O|  |TAMS 0x00000000e2500000| PB 0x00000000e2500000| Untracked |  0
|  38|0x00000000e2600000, 0x00000000e2600000, 0x00000000e2700000|  0%| F|  |TAMS 0x00000000e2600000| PB 0x00000000e2600000| Untracked |  0
|  39|0x00000000e2700000, 0x00000000e2700000, 0x00000000e2800000|  0%| F|  |TAMS 0x00000000e2700000| PB 0x00000000e2700000| Untracked |  0
|  40|0x00000000e2800000, 0x00000000e2800000, 0x00000000e2900000|  0%| F|  |TAMS 0x00000000e2800000| PB 0x00000000e2800000| Untracked |  0
|  41|0x00000000e2900000, 0x00000000e2900000, 0x00000000e2a00000|  0%| F|  |TAMS 0x00000000e2900000| PB 0x00000000e2900000| Untracked |  0
|  42|0x00000000e2a00000, 0x00000000e2a00000, 0x00000000e2b00000|  0%| F|  |TAMS 0x00000000e2a00000| PB 0x00000000e2a00000| Untracked |  0
|  43|0x00000000e2b00000, 0x00000000e2b00000, 0x00000000e2c00000|  0%| F|  |TAMS 0x00000000e2b00000| PB 0x00000000e2b00000| Untracked |  0
|  44|0x00000000e2c00000, 0x00000000e2c00000, 0x00000000e2d00000|  0%| F|  |TAMS 0x00000000e2c00000| PB 0x00000000e2c00000| Untracked |  0
|  45|0x00000000e2d00000, 0x00000000e2d00000, 0x00000000e2e00000|  0%| F|  |TAMS 0x00000000e2d00000| PB 0x00000000e2d00000| Untracked |  0
|  46|0x00000000e2e00000, 0x00000000e2e00000, 0x00000000e2f00000|  0%| F|  |TAMS 0x00000000e2e00000| PB 0x00000000e2e00000| Untracked |  0
|  47|0x00000000e2f00000, 0x00000000e2f00000, 0x00000000e3000000|  0%| F|  |TAMS 0x00000000e2f00000| PB 0x00000000e2f00000| Untracked |  0
|  48|0x00000000e3000000, 0x00000000e3000000, 0x00000000e3100000|  0%| F|  |TAMS 0x00000000e3000000| PB 0x00000000e3000000| Untracked |  0
|  49|0x00000000e3100000, 0x00000000e3100000, 0x00000000e3200000|  0%| F|  |TAMS 0x00000000e3100000| PB 0x00000000e3100000| Untracked |  0
|  50|0x00000000e3200000, 0x00000000e3200000, 0x00000000e3300000|  0%| F|  |TAMS 0x00000000e3200000| PB 0x00000000e3200000| Untracked |  0
|  51|0x00000000e3300000, 0x00000000e3300000, 0x00000000e3400000|  0%| F|  |TAMS 0x00000000e3300000| PB 0x00000000e3300000| Untracked |  0
|  52|0x00000000e3400000, 0x00000000e3400000, 0x00000000e3500000|  0%| F|  |TAMS 0x00000000e3400000| PB 0x00000000e3400000| Untracked |  0
|  53|0x00000000e3500000, 0x00000000e3500000, 0x00000000e3600000|  0%| F|  |TAMS 0x00000000e3500000| PB 0x00000000e3500000| Untracked |  0
|  54|0x00000000e3600000, 0x00000000e3600000, 0x00000000e3700000|  0%| F|  |TAMS 0x00000000e3600000| PB 0x00000000e3600000| Untracked |  0
|  55|0x00000000e3700000, 0x00000000e3700000, 0x00000000e3800000|  0%| F|  |TAMS 0x00000000e3700000| PB 0x00000000e3700000| Untracked |  0
|  56|0x00000000e3800000, 0x00000000e3800000, 0x00000000e3900000|  0%| F|  |TAMS 0x00000000e3800000| PB 0x00000000e3800000| Untracked |  0
|  57|0x00000000e3900000, 0x00000000e3900000, 0x00000000e3a00000|  0%| F|  |TAMS 0x00000000e3900000| PB 0x00000000e3900000| Untracked |  0
|  58|0x00000000e3a00000, 0x00000000e3a00000, 0x00000000e3b00000|  0%| F|  |TAMS 0x00000000e3a00000| PB 0x00000000e3a00000| Untracked |  0
|  59|0x00000000e3b00000, 0x00000000e3b00000, 0x00000000e3c00000|  0%| F|  |TAMS 0x00000000e3b00000| PB 0x00000000e3b00000| Untracked |  0
|  60|0x00000000e3c00000, 0x00000000e3c00000, 0x00000000e3d00000|  0%| F|  |TAMS 0x00000000e3c00000| PB 0x00000000e3c00000| Untracked |  0
|  61|0x00000000e3d00000, 0x00000000e3d00000, 0x00000000e3e00000|  0%| F|  |TAMS 0x00000000e3d00000| PB 0x00000000e3d00000| Untracked |  0
|  62|0x00000000e3e00000, 0x00000000e3e00000, 0x00000000e3f00000|  0%| F|  |TAMS 0x00000000e3e00000| PB 0x00000000e3e00000| Untracked |  0
|  63|0x00000000e3f00000, 0x00000000e3f00000, 0x00000000e4000000|  0%| F|  |TAMS 0x00000000e3f00000| PB 0x00000000e3f00000| Untracked |  0
|  64|0x00000000e4000000, 0x00000000e4000000, 0x00000000e4100000|  0%| F|  |TAMS 0x00000000e4000000| PB 0x00000000e4000000| Untracked |  0
|  65|0x00000000e4100000, 0x00000000e4100000, 0x00000000e4200000|  0%| F|  |TAMS 0x00000000e4100000| PB 0x00000000e4100000| Untracked |  0
|  66|0x00000000e4200000, 0x00000000e4200000, 0x00000000e4300000|  0%| F|  |TAMS 0x00000000e4200000| PB 0x00000000e4200000| Untracked |  0
|  67|0x00000000e4300000, 0x00000000e4300000, 0x00000000e4400000|  0%| F|  |TAMS 0x00000000e4300000| PB 0x00000000e4300000| Untracked |  0
|  68|0x00000000e4400000, 0x00000000e4400000, 0x00000000e4500000|  0%| F|  |TAMS 0x00000000e4400000| PB 0x00000000e4400000| Untracked |  0
|  69|0x00000000e4500000, 0x00000000e4500000, 0x00000000e4600000|  0%| F|  |TAMS 0x00000000e4500000| PB 0x00000000e4500000| Untracked |  0
|  70|0x00000000e4600000, 0x00000000e4600000, 0x00000000e4700000|  0%| F|  |TAMS 0x00000000e4600000| PB 0x00000000e4600000| Untracked |  0
|  71|0x00000000e4700000, 0x00000000e4700000, 0x00000000e4800000|  0%| F|  |TAMS 0x00000000e4700000| PB 0x00000000e4700000| Untracked |  0
|  72|0x00000000e4800000, 0x00000000e4800000, 0x00000000e4900000|  0%| F|  |TAMS 0x00000000e4800000| PB 0x00000000e4800000| Untracked |  0
|  73|0x00000000e4900000, 0x00000000e4900000, 0x00000000e4a00000|  0%| F|  |TAMS 0x00000000e4900000| PB 0x00000000e4900000| Untracked |  0
|  74|0x00000000e4a00000, 0x00000000e4a00000, 0x00000000e4b00000|  0%| F|  |TAMS 0x00000000e4a00000| PB 0x00000000e4a00000| Untracked |  0
|  75|0x00000000e4b00000, 0x00000000e4b00000, 0x00000000e4c00000|  0%| F|  |TAMS 0x00000000e4b00000| PB 0x00000000e4b00000| Untracked |  0
|  76|0x00000000e4c00000, 0x00000000e4c00000, 0x00000000e4d00000|  0%| F|  |TAMS 0x00000000e4c00000| PB 0x00000000e4c00000| Untracked |  0
|  77|0x00000000e4d00000, 0x00000000e4d00000, 0x00000000e4e00000|  0%| F|  |TAMS 0x00000000e4d00000| PB 0x00000000e4d00000| Untracked |  0
|  78|0x00000000e4e00000, 0x00000000e4e00000, 0x00000000e4f00000|  0%| F|  |TAMS 0x00000000e4e00000| PB 0x00000000e4e00000| Untracked |  0
|  79|0x00000000e4f00000, 0x00000000e4f00000, 0x00000000e5000000|  0%| F|  |TAMS 0x00000000e4f00000| PB 0x00000000e4f00000| Untracked |  0
|  80|0x00000000e5000000, 0x00000000e5000000, 0x00000000e5100000|  0%| F|  |TAMS 0x00000000e5000000| PB 0x00000000e5000000| Untracked |  0
|  81|0x00000000e5100000, 0x00000000e5100000, 0x00000000e5200000|  0%| F|  |TAMS 0x00000000e5100000| PB 0x00000000e5100000| Untracked |  0
|  82|0x00000000e5200000, 0x00000000e5200000, 0x00000000e5300000|  0%| F|  |TAMS 0x00000000e5200000| PB 0x00000000e5200000| Untracked |  0
|  83|0x00000000e5300000, 0x00000000e5300000, 0x00000000e5400000|  0%| F|  |TAMS 0x00000000e5300000| PB 0x00000000e5300000| Untracked |  0
|  84|0x00000000e5400000, 0x00000000e5400000, 0x00000000e5500000|  0%| F|  |TAMS 0x00000000e5400000| PB 0x00000000e5400000| Untracked |  0
|  85|0x00000000e5500000, 0x00000000e5500000, 0x00000000e5600000|  0%| F|  |TAMS 0x00000000e5500000| PB 0x00000000e5500000| Untracked |  0
|  86|0x00000000e5600000, 0x00000000e5600000, 0x00000000e5700000|  0%| F|  |TAMS 0x00000000e5600000| PB 0x00000000e5600000| Untracked |  0
|  87|0x00000000e5700000, 0x00000000e5700000, 0x00000000e5800000|  0%| F|  |TAMS 0x00000000e5700000| PB 0x00000000e5700000| Untracked |  0
|  88|0x00000000e5800000, 0x00000000e5800000, 0x00000000e5900000|  0%| F|  |TAMS 0x00000000e5800000| PB 0x00000000e5800000| Untracked |  0
|  89|0x00000000e5900000, 0x00000000e5900000, 0x00000000e5a00000|  0%| F|  |TAMS 0x00000000e5900000| PB 0x00000000e5900000| Untracked |  0
|  90|0x00000000e5a00000, 0x00000000e5a00000, 0x00000000e5b00000|  0%| F|  |TAMS 0x00000000e5a00000| PB 0x00000000e5a00000| Untracked |  0
|  91|0x00000000e5b00000, 0x00000000e5b00000, 0x00000000e5c00000|  0%| F|  |TAMS 0x00000000e5b00000| PB 0x00000000e5b00000| Untracked |  0
|  92|0x00000000e5c00000, 0x00000000e5c00000, 0x00000000e5d00000|  0%| F|  |TAMS 0x00000000e5c00000| PB 0x00000000e5c00000| Untracked |  0
|  93|0x00000000e5d00000, 0x00000000e5d00000, 0x00000000e5e00000|  0%| F|  |TAMS 0x00000000e5d00000| PB 0x00000000e5d00000| Untracked |  0
|  94|0x00000000e5e00000, 0x00000000e5e00000, 0x00000000e5f00000|  0%| F|  |TAMS 0x00000000e5e00000| PB 0x00000000e5e00000| Untracked |  0
|  95|0x00000000e5f00000, 0x00000000e5f00000, 0x00000000e6000000|  0%| F|  |TAMS 0x00000000e5f00000| PB 0x00000000e5f00000| Untracked |  0
|  96|0x00000000e6000000, 0x00000000e6000000, 0x00000000e6100000|  0%| F|  |TAMS 0x00000000e6000000| PB 0x00000000e6000000| Untracked |  0
|  97|0x00000000e6100000, 0x00000000e6100000, 0x00000000e6200000|  0%| F|  |TAMS 0x00000000e6100000| PB 0x00000000e6100000| Untracked |  0
|  98|0x00000000e6200000, 0x00000000e6200000, 0x00000000e6300000|  0%| F|  |TAMS 0x00000000e6200000| PB 0x00000000e6200000| Untracked |  0
|  99|0x00000000e6300000, 0x00000000e6300000, 0x00000000e6400000|  0%| F|  |TAMS 0x00000000e6300000| PB 0x00000000e6300000| Untracked |  0
| 100|0x00000000e6400000, 0x00000000e6400000, 0x00000000e6500000|  0%| F|  |TAMS 0x00000000e6400000| PB 0x00000000e6400000| Untracked |  0
| 101|0x00000000e6500000, 0x00000000e6500000, 0x00000000e6600000|  0%| F|  |TAMS 0x00000000e6500000| PB 0x00000000e6500000| Untracked |  0
| 102|0x00000000e6600000, 0x00000000e6600000, 0x00000000e6700000|  0%| F|  |TAMS 0x00000000e6600000| PB 0x00000000e6600000| Untracked |  0
| 103|0x00000000e6700000, 0x00000000e6700000, 0x00000000e6800000|  0%| F|  |TAMS 0x00000000e6700000| PB 0x00000000e6700000| Untracked |  0
| 104|0x00000000e6800000, 0x00000000e6800000, 0x00000000e6900000|  0%| F|  |TAMS 0x00000000e6800000| PB 0x00000000e6800000| Untracked |  0
| 105|0x00000000e6900000, 0x00000000e6900000, 0x00000000e6a00000|  0%| F|  |TAMS 0x00000000e6900000| PB 0x00000000e6900000| Untracked |  0
| 106|0x00000000e6a00000, 0x00000000e6a00000, 0x00000000e6b00000|  0%| F|  |TAMS 0x00000000e6a00000| PB 0x00000000e6a00000| Untracked |  0
| 107|0x00000000e6b00000, 0x00000000e6b00000, 0x00000000e6c00000|  0%| F|  |TAMS 0x00000000e6b00000| PB 0x00000000e6b00000| Untracked |  0
| 108|0x00000000e6c00000, 0x00000000e6c00000, 0x00000000e6d00000|  0%| F|  |TAMS 0x00000000e6c00000| PB 0x00000000e6c00000| Untracked |  0
| 109|0x00000000e6d00000, 0x00000000e6d00000, 0x00000000e6e00000|  0%| F|  |TAMS 0x00000000e6d00000| PB 0x00000000e6d00000| Untracked |  0
| 110|0x00000000e6e00000, 0x00000000e6e00000, 0x00000000e6f00000|  0%| F|  |TAMS 0x00000000e6e00000| PB 0x00000000e6e00000| Untracked |  0
| 111|0x00000000e6f00000, 0x00000000e6f00000, 0x00000000e7000000|  0%| F|  |TAMS 0x00000000e6f00000| PB 0x00000000e6f00000| Untracked |  0
| 112|0x00000000e7000000, 0x00000000e7000000, 0x00000000e7100000|  0%| F|  |TAMS 0x00000000e7000000| PB 0x00000000e7000000| Untracked |  0
| 113|0x00000000e7100000, 0x00000000e7100000, 0x00000000e7200000|  0%| F|  |TAMS 0x00000000e7100000| PB 0x00000000e7100000| Untracked |  0
| 114|0x00000000e7200000, 0x00000000e7200000, 0x00000000e7300000|  0%| F|  |TAMS 0x00000000e7200000| PB 0x00000000e7200000| Untracked |  0
| 115|0x00000000e7300000, 0x00000000e7300000, 0x00000000e7400000|  0%| F|  |TAMS 0x00000000e7300000| PB 0x00000000e7300000| Untracked |  0
| 116|0x00000000e7400000, 0x00000000e7400000, 0x00000000e7500000|  0%| F|  |TAMS 0x00000000e7400000| PB 0x00000000e7400000| Untracked |  0
| 117|0x00000000e7500000, 0x00000000e7500000, 0x00000000e7600000|  0%| F|  |TAMS 0x00000000e7500000| PB 0x00000000e7500000| Untracked |  0
| 118|0x00000000e7600000, 0x00000000e7600000, 0x00000000e7700000|  0%| F|  |TAMS 0x00000000e7600000| PB 0x00000000e7600000| Untracked |  0
| 119|0x00000000e7700000, 0x00000000e7700000, 0x00000000e7800000|  0%| F|  |TAMS 0x00000000e7700000| PB 0x00000000e7700000| Untracked |  0
| 120|0x00000000e7800000, 0x00000000e7800000, 0x00000000e7900000|  0%| F|  |TAMS 0x00000000e7800000| PB 0x00000000e7800000| Untracked |  0
| 121|0x00000000e7900000, 0x00000000e7900000, 0x00000000e7a00000|  0%| F|  |TAMS 0x00000000e7900000| PB 0x00000000e7900000| Untracked |  0
| 122|0x00000000e7a00000, 0x00000000e7a00000, 0x00000000e7b00000|  0%| F|  |TAMS 0x00000000e7a00000| PB 0x00000000e7a00000| Untracked |  0
| 123|0x00000000e7b00000, 0x00000000e7b00000, 0x00000000e7c00000|  0%| F|  |TAMS 0x00000000e7b00000| PB 0x00000000e7b00000| Untracked |  0
| 124|0x00000000e7c00000, 0x00000000e7c00000, 0x00000000e7d00000|  0%| F|  |TAMS 0x00000000e7c00000| PB 0x00000000e7c00000| Untracked |  0
| 125|0x00000000e7d00000, 0x00000000e7d00000, 0x00000000e7e00000|  0%| F|  |TAMS 0x00000000e7d00000| PB 0x00000000e7d00000| Untracked |  0
| 126|0x00000000e7e00000, 0x00000000e7e00000, 0x00000000e7f00000|  0%| F|  |TAMS 0x00000000e7e00000| PB 0x00000000e7e00000| Untracked |  0
| 127|0x00000000e7f00000, 0x00000000e7f00000, 0x00000000e8000000|  0%| F|  |TAMS 0x00000000e7f00000| PB 0x00000000e7f00000| Untracked |  0
| 128|0x00000000e8000000, 0x00000000e8000000, 0x00000000e8100000|  0%| F|  |TAMS 0x00000000e8000000| PB 0x00000000e8000000| Untracked |  0
| 129|0x00000000e8100000, 0x00000000e8100000, 0x00000000e8200000|  0%| F|  |TAMS 0x00000000e8100000| PB 0x00000000e8100000| Untracked |  0
| 130|0x00000000e8200000, 0x00000000e8200000, 0x00000000e8300000|  0%| F|  |TAMS 0x00000000e8200000| PB 0x00000000e8200000| Untracked |  0
| 131|0x00000000e8300000, 0x00000000e8300000, 0x00000000e8400000|  0%| F|  |TAMS 0x00000000e8300000| PB 0x00000000e8300000| Untracked |  0
| 132|0x00000000e8400000, 0x00000000e8400000, 0x00000000e8500000|  0%| F|  |TAMS 0x00000000e8400000| PB 0x00000000e8400000| Untracked |  0
| 133|0x00000000e8500000, 0x00000000e8500000, 0x00000000e8600000|  0%| F|  |TAMS 0x00000000e8500000| PB 0x00000000e8500000| Untracked |  0
| 134|0x00000000e8600000, 0x00000000e8600000, 0x00000000e8700000|  0%| F|  |TAMS 0x00000000e8600000| PB 0x00000000e8600000| Untracked |  0
| 135|0x00000000e8700000, 0x00000000e8700000, 0x00000000e8800000|  0%| F|  |TAMS 0x00000000e8700000| PB 0x00000000e8700000| Untracked |  0
| 136|0x00000000e8800000, 0x00000000e8800000, 0x00000000e8900000|  0%| F|  |TAMS 0x00000000e8800000| PB 0x00000000e8800000| Untracked |  0
| 137|0x00000000e8900000, 0x00000000e8900000, 0x00000000e8a00000|  0%| F|  |TAMS 0x00000000e8900000| PB 0x00000000e8900000| Untracked |  0
| 138|0x00000000e8a00000, 0x00000000e8a00000, 0x00000000e8b00000|  0%| F|  |TAMS 0x00000000e8a00000| PB 0x00000000e8a00000| Untracked |  0
| 139|0x00000000e8b00000, 0x00000000e8b00000, 0x00000000e8c00000|  0%| F|  |TAMS 0x00000000e8b00000| PB 0x00000000e8b00000| Untracked |  0
| 140|0x00000000e8c00000, 0x00000000e8c00000, 0x00000000e8d00000|  0%| F|  |TAMS 0x00000000e8c00000| PB 0x00000000e8c00000| Untracked |  0
| 141|0x00000000e8d00000, 0x00000000e8d00000, 0x00000000e8e00000|  0%| F|  |TAMS 0x00000000e8d00000| PB 0x00000000e8d00000| Untracked |  0
| 142|0x00000000e8e00000, 0x00000000e8e00000, 0x00000000e8f00000|  0%| F|  |TAMS 0x00000000e8e00000| PB 0x00000000e8e00000| Untracked |  0
| 143|0x00000000e8f00000, 0x00000000e8f00000, 0x00000000e9000000|  0%| F|  |TAMS 0x00000000e8f00000| PB 0x00000000e8f00000| Untracked |  0
| 144|0x00000000e9000000, 0x00000000e9000000, 0x00000000e9100000|  0%| F|  |TAMS 0x00000000e9000000| PB 0x00000000e9000000| Untracked |  0
| 145|0x00000000e9100000, 0x00000000e9100000, 0x00000000e9200000|  0%| F|  |TAMS 0x00000000e9100000| PB 0x00000000e9100000| Untracked |  0
| 146|0x00000000e9200000, 0x00000000e9200000, 0x00000000e9300000|  0%| F|  |TAMS 0x00000000e9200000| PB 0x00000000e9200000| Untracked |  0
| 147|0x00000000e9300000, 0x00000000e9300000, 0x00000000e9400000|  0%| F|  |TAMS 0x00000000e9300000| PB 0x00000000e9300000| Untracked |  0
| 148|0x00000000e9400000, 0x00000000e9400000, 0x00000000e9500000|  0%| F|  |TAMS 0x00000000e9400000| PB 0x00000000e9400000| Untracked |  0
| 149|0x00000000e9500000, 0x00000000e9500000, 0x00000000e9600000|  0%| F|  |TAMS 0x00000000e9500000| PB 0x00000000e9500000| Untracked |  0
| 150|0x00000000e9600000, 0x00000000e9600000, 0x00000000e9700000|  0%| F|  |TAMS 0x00000000e9600000| PB 0x00000000e9600000| Untracked |  0
| 151|0x00000000e9700000, 0x00000000e9700000, 0x00000000e9800000|  0%| F|  |TAMS 0x00000000e9700000| PB 0x00000000e9700000| Untracked |  0
| 152|0x00000000e9800000, 0x00000000e9800000, 0x00000000e9900000|  0%| F|  |TAMS 0x00000000e9800000| PB 0x00000000e9800000| Untracked |  0
| 153|0x00000000e9900000, 0x00000000e9900000, 0x00000000e9a00000|  0%| F|  |TAMS 0x00000000e9900000| PB 0x00000000e9900000| Untracked |  0
| 154|0x00000000e9a00000, 0x00000000e9a00000, 0x00000000e9b00000|  0%| F|  |TAMS 0x00000000e9a00000| PB 0x00000000e9a00000| Untracked |  0
| 155|0x00000000e9b00000, 0x00000000e9b00000, 0x00000000e9c00000|  0%| F|  |TAMS 0x00000000e9b00000| PB 0x00000000e9b00000| Untracked |  0
| 156|0x00000000e9c00000, 0x00000000e9c00000, 0x00000000e9d00000|  0%| F|  |TAMS 0x00000000e9c00000| PB 0x00000000e9c00000| Untracked |  0
| 157|0x00000000e9d00000, 0x00000000e9d00000, 0x00000000e9e00000|  0%| F|  |TAMS 0x00000000e9d00000| PB 0x00000000e9d00000| Untracked |  0
| 158|0x00000000e9e00000, 0x00000000e9e00000, 0x00000000e9f00000|  0%| F|  |TAMS 0x00000000e9e00000| PB 0x00000000e9e00000| Untracked |  0
| 159|0x00000000e9f00000, 0x00000000e9f00000, 0x00000000ea000000|  0%| F|  |TAMS 0x00000000e9f00000| PB 0x00000000e9f00000| Untracked |  0
| 160|0x00000000ea000000, 0x00000000ea000000, 0x00000000ea100000|  0%| F|  |TAMS 0x00000000ea000000| PB 0x00000000ea000000| Untracked |  0
| 161|0x00000000ea100000, 0x00000000ea100000, 0x00000000ea200000|  0%| F|  |TAMS 0x00000000ea100000| PB 0x00000000ea100000| Untracked |  0
| 162|0x00000000ea200000, 0x00000000ea200000, 0x00000000ea300000|  0%| F|  |TAMS 0x00000000ea200000| PB 0x00000000ea200000| Untracked |  0
| 163|0x00000000ea300000, 0x00000000ea300000, 0x00000000ea400000|  0%| F|  |TAMS 0x00000000ea300000| PB 0x00000000ea300000| Untracked |  0
| 164|0x00000000ea400000, 0x00000000ea400000, 0x00000000ea500000|  0%| F|  |TAMS 0x00000000ea400000| PB 0x00000000ea400000| Untracked |  0
| 165|0x00000000ea500000, 0x00000000ea500000, 0x00000000ea600000|  0%| F|  |TAMS 0x00000000ea500000| PB 0x00000000ea500000| Untracked |  0
| 166|0x00000000ea600000, 0x00000000ea600000, 0x00000000ea700000|  0%| F|  |TAMS 0x00000000ea600000| PB 0x00000000ea600000| Untracked |  0
| 167|0x00000000ea700000, 0x00000000ea700000, 0x00000000ea800000|  0%| F|  |TAMS 0x00000000ea700000| PB 0x00000000ea700000| Untracked |  0
| 168|0x00000000ea800000, 0x00000000ea800000, 0x00000000ea900000|  0%| F|  |TAMS 0x00000000ea800000| PB 0x00000000ea800000| Untracked |  0
| 169|0x00000000ea900000, 0x00000000ea900000, 0x00000000eaa00000|  0%| F|  |TAMS 0x00000000ea900000| PB 0x00000000ea900000| Untracked |  0
| 170|0x00000000eaa00000, 0x00000000eaa00000, 0x00000000eab00000|  0%| F|  |TAMS 0x00000000eaa00000| PB 0x00000000eaa00000| Untracked |  0
| 171|0x00000000eab00000, 0x00000000eab00000, 0x00000000eac00000|  0%| F|  |TAMS 0x00000000eab00000| PB 0x00000000eab00000| Untracked |  0
| 172|0x00000000eac00000, 0x00000000eac00000, 0x00000000ead00000|  0%| F|  |TAMS 0x00000000eac00000| PB 0x00000000eac00000| Untracked |  0
| 173|0x00000000ead00000, 0x00000000ead00000, 0x00000000eae00000|  0%| F|  |TAMS 0x00000000ead00000| PB 0x00000000ead00000| Untracked |  0
| 174|0x00000000eae00000, 0x00000000eae00000, 0x00000000eaf00000|  0%| F|  |TAMS 0x00000000eae00000| PB 0x00000000eae00000| Untracked |  0
| 175|0x00000000eaf00000, 0x00000000eaf00000, 0x00000000eb000000|  0%| F|  |TAMS 0x00000000eaf00000| PB 0x00000000eaf00000| Untracked |  0
| 176|0x00000000eb000000, 0x00000000eb000000, 0x00000000eb100000|  0%| F|  |TAMS 0x00000000eb000000| PB 0x00000000eb000000| Untracked |  0
| 177|0x00000000eb100000, 0x00000000eb100000, 0x00000000eb200000|  0%| F|  |TAMS 0x00000000eb100000| PB 0x00000000eb100000| Untracked |  0
| 178|0x00000000eb200000, 0x00000000eb200000, 0x00000000eb300000|  0%| F|  |TAMS 0x00000000eb200000| PB 0x00000000eb200000| Untracked |  0
| 179|0x00000000eb300000, 0x00000000eb300000, 0x00000000eb400000|  0%| F|  |TAMS 0x00000000eb300000| PB 0x00000000eb300000| Untracked |  0
| 180|0x00000000eb400000, 0x00000000eb400000, 0x00000000eb500000|  0%| F|  |TAMS 0x00000000eb400000| PB 0x00000000eb400000| Untracked |  0
| 181|0x00000000eb500000, 0x00000000eb500000, 0x00000000eb600000|  0%| F|  |TAMS 0x00000000eb500000| PB 0x00000000eb500000| Untracked |  0
| 182|0x00000000eb600000, 0x00000000eb700000, 0x00000000eb700000|100%| S|CS|TAMS 0x00000000eb600000| PB 0x00000000eb600000| Complete |  0
| 183|0x00000000eb700000, 0x00000000eb800000, 0x00000000eb800000|100%| S|CS|TAMS 0x00000000eb700000| PB 0x00000000eb700000| Complete |  0
| 184|0x00000000eb800000, 0x00000000eb900000, 0x00000000eb900000|100%| S|CS|TAMS 0x00000000eb800000| PB 0x00000000eb800000| Complete |  0
| 185|0x00000000eb900000, 0x00000000eb900000, 0x00000000eba00000|  0%| F|  |TAMS 0x00000000eb900000| PB 0x00000000eb900000| Untracked |  0
| 186|0x00000000eba00000, 0x00000000eba00000, 0x00000000ebb00000|  0%| F|  |TAMS 0x00000000eba00000| PB 0x00000000eba00000| Untracked |  0
| 187|0x00000000ebb00000, 0x00000000ebb00000, 0x00000000ebc00000|  0%| F|  |TAMS 0x00000000ebb00000| PB 0x00000000ebb00000| Untracked |  0
| 188|0x00000000ebc00000, 0x00000000ebc00000, 0x00000000ebd00000|  0%| F|  |TAMS 0x00000000ebc00000| PB 0x00000000ebc00000| Untracked |  0
| 189|0x00000000ebd00000, 0x00000000ebd00000, 0x00000000ebe00000|  0%| F|  |TAMS 0x00000000ebd00000| PB 0x00000000ebd00000| Untracked |  0
| 190|0x00000000ebe00000, 0x00000000ebe00000, 0x00000000ebf00000|  0%| F|  |TAMS 0x00000000ebe00000| PB 0x00000000ebe00000| Untracked |  0
| 191|0x00000000ebf00000, 0x00000000ebf00000, 0x00000000ec000000|  0%| F|  |TAMS 0x00000000ebf00000| PB 0x00000000ebf00000| Untracked |  0
| 192|0x00000000ec000000, 0x00000000ec000000, 0x00000000ec100000|  0%| F|  |TAMS 0x00000000ec000000| PB 0x00000000ec000000| Untracked |  0
| 193|0x00000000ec100000, 0x00000000ec100000, 0x00000000ec200000|  0%| F|  |TAMS 0x00000000ec100000| PB 0x00000000ec100000| Untracked |  0
| 194|0x00000000ec200000, 0x00000000ec200000, 0x00000000ec300000|  0%| F|  |TAMS 0x00000000ec200000| PB 0x00000000ec200000| Untracked |  0
| 195|0x00000000ec300000, 0x00000000ec300000, 0x00000000ec400000|  0%| F|  |TAMS 0x00000000ec300000| PB 0x00000000ec300000| Untracked |  0
| 196|0x00000000ec400000, 0x00000000ec400000, 0x00000000ec500000|  0%| F|  |TAMS 0x00000000ec400000| PB 0x00000000ec400000| Untracked |  0
| 197|0x00000000ec500000, 0x00000000ec500000, 0x00000000ec600000|  0%| F|  |TAMS 0x00000000ec500000| PB 0x00000000ec500000| Untracked |  0
| 198|0x00000000ec600000, 0x00000000ec600000, 0x00000000ec700000|  0%| F|  |TAMS 0x00000000ec600000| PB 0x00000000ec600000| Untracked |  0
| 199|0x00000000ec700000, 0x00000000ec780000, 0x00000000ec800000| 50%| E|  |TAMS 0x00000000ec700000| PB 0x00000000ec700000| Complete |  0
| 200|0x00000000ec800000, 0x00000000ec900000, 0x00000000ec900000|100%| E|CS|TAMS 0x00000000ec800000| PB 0x00000000ec800000| Complete |  0
| 201|0x00000000ec900000, 0x00000000eca00000, 0x00000000eca00000|100%| E|CS|TAMS 0x00000000ec900000| PB 0x00000000ec900000| Complete |  0
| 202|0x00000000eca00000, 0x00000000ecb00000, 0x00000000ecb00000|100%| E|CS|TAMS 0x00000000eca00000| PB 0x00000000eca00000| Complete |  0
| 203|0x00000000ecb00000, 0x00000000ecc00000, 0x00000000ecc00000|100%| E|CS|TAMS 0x00000000ecb00000| PB 0x00000000ecb00000| Complete |  0
| 204|0x00000000ecc00000, 0x00000000ecd00000, 0x00000000ecd00000|100%| E|CS|TAMS 0x00000000ecc00000| PB 0x00000000ecc00000| Complete |  0
| 205|0x00000000ecd00000, 0x00000000ece00000, 0x00000000ece00000|100%| E|CS|TAMS 0x00000000ecd00000| PB 0x00000000ecd00000| Complete |  0
| 206|0x00000000ece00000, 0x00000000ecf00000, 0x00000000ecf00000|100%| E|CS|TAMS 0x00000000ece00000| PB 0x00000000ece00000| Complete |  0
| 207|0x00000000ecf00000, 0x00000000ed000000, 0x00000000ed000000|100%| E|CS|TAMS 0x00000000ecf00000| PB 0x00000000ecf00000| Complete |  0
| 208|0x00000000ed000000, 0x00000000ed100000, 0x00000000ed100000|100%| E|CS|TAMS 0x00000000ed000000| PB 0x00000000ed000000| Complete |  0
| 209|0x00000000ed100000, 0x00000000ed200000, 0x00000000ed200000|100%| E|CS|TAMS 0x00000000ed100000| PB 0x00000000ed100000| Complete |  0
| 210|0x00000000ed200000, 0x00000000ed300000, 0x00000000ed300000|100%| E|CS|TAMS 0x00000000ed200000| PB 0x00000000ed200000| Complete |  0
| 211|0x00000000ed300000, 0x00000000ed400000, 0x00000000ed400000|100%| E|CS|TAMS 0x00000000ed300000| PB 0x00000000ed300000| Complete |  0
| 212|0x00000000ed400000, 0x00000000ed500000, 0x00000000ed500000|100%| E|CS|TAMS 0x00000000ed400000| PB 0x00000000ed400000| Complete |  0
| 213|0x00000000ed500000, 0x00000000ed600000, 0x00000000ed600000|100%| E|CS|TAMS 0x00000000ed500000| PB 0x00000000ed500000| Complete |  0
| 214|0x00000000ed600000, 0x00000000ed700000, 0x00000000ed700000|100%| E|CS|TAMS 0x00000000ed600000| PB 0x00000000ed600000| Complete |  0
| 215|0x00000000ed700000, 0x00000000ed800000, 0x00000000ed800000|100%| E|CS|TAMS 0x00000000ed700000| PB 0x00000000ed700000| Complete |  0
| 216|0x00000000ed800000, 0x00000000ed900000, 0x00000000ed900000|100%| E|CS|TAMS 0x00000000ed800000| PB 0x00000000ed800000| Complete |  0
| 217|0x00000000ed900000, 0x00000000eda00000, 0x00000000eda00000|100%| E|CS|TAMS 0x00000000ed900000| PB 0x00000000ed900000| Complete |  0
| 218|0x00000000eda00000, 0x00000000edb00000, 0x00000000edb00000|100%| E|CS|TAMS 0x00000000eda00000| PB 0x00000000eda00000| Complete |  0
| 219|0x00000000edb00000, 0x00000000edc00000, 0x00000000edc00000|100%| E|CS|TAMS 0x00000000edb00000| PB 0x00000000edb00000| Complete |  0
| 220|0x00000000edc00000, 0x00000000edd00000, 0x00000000edd00000|100%| E|CS|TAMS 0x00000000edc00000| PB 0x00000000edc00000| Complete |  0
| 221|0x00000000edd00000, 0x00000000ede00000, 0x00000000ede00000|100%| E|CS|TAMS 0x00000000edd00000| PB 0x00000000edd00000| Complete |  0
| 222|0x00000000ede00000, 0x00000000edf00000, 0x00000000edf00000|100%| E|CS|TAMS 0x00000000ede00000| PB 0x00000000ede00000| Complete |  0
| 223|0x00000000edf00000, 0x00000000ee000000, 0x00000000ee000000|100%| E|CS|TAMS 0x00000000edf00000| PB 0x00000000edf00000| Complete |  0
| 224|0x00000000ee000000, 0x00000000ee100000, 0x00000000ee100000|100%| E|CS|TAMS 0x00000000ee000000| PB 0x00000000ee000000| Complete |  0
| 225|0x00000000ee100000, 0x00000000ee200000, 0x00000000ee200000|100%| E|CS|TAMS 0x00000000ee100000| PB 0x00000000ee100000| Complete |  0
| 226|0x00000000ee200000, 0x00000000ee300000, 0x00000000ee300000|100%| E|CS|TAMS 0x00000000ee200000| PB 0x00000000ee200000| Complete |  0
| 227|0x00000000ee300000, 0x00000000ee400000, 0x00000000ee400000|100%| E|CS|TAMS 0x00000000ee300000| PB 0x00000000ee300000| Complete |  0
| 228|0x00000000ee400000, 0x00000000ee500000, 0x00000000ee500000|100%| E|CS|TAMS 0x00000000ee400000| PB 0x00000000ee400000| Complete |  0
| 229|0x00000000ee500000, 0x00000000ee600000, 0x00000000ee600000|100%| E|CS|TAMS 0x00000000ee500000| PB 0x00000000ee500000| Complete |  0
| 230|0x00000000ee600000, 0x00000000ee700000, 0x00000000ee700000|100%| E|CS|TAMS 0x00000000ee600000| PB 0x00000000ee600000| Complete |  0
| 231|0x00000000ee700000, 0x00000000ee800000, 0x00000000ee800000|100%| E|CS|TAMS 0x00000000ee700000| PB 0x00000000ee700000| Complete |  0
| 232|0x00000000ee800000, 0x00000000ee900000, 0x00000000ee900000|100%| E|CS|TAMS 0x00000000ee800000| PB 0x00000000ee800000| Complete |  0
| 233|0x00000000ee900000, 0x00000000eea00000, 0x00000000eea00000|100%| E|CS|TAMS 0x00000000ee900000| PB 0x00000000ee900000| Complete |  0
| 234|0x00000000eea00000, 0x00000000eeb00000, 0x00000000eeb00000|100%| E|CS|TAMS 0x00000000eea00000| PB 0x00000000eea00000| Complete |  0
| 235|0x00000000eeb00000, 0x00000000eec00000, 0x00000000eec00000|100%| E|CS|TAMS 0x00000000eeb00000| PB 0x00000000eeb00000| Complete |  0
| 236|0x00000000eec00000, 0x00000000eed00000, 0x00000000eed00000|100%| E|CS|TAMS 0x00000000eec00000| PB 0x00000000eec00000| Complete |  0
| 237|0x00000000eed00000, 0x00000000eee00000, 0x00000000eee00000|100%| E|  |TAMS 0x00000000eed00000| PB 0x00000000eed00000| Complete |  0
| 238|0x00000000eee00000, 0x00000000eef00000, 0x00000000eef00000|100%| E|CS|TAMS 0x00000000eee00000| PB 0x00000000eee00000| Complete |  0
| 239|0x00000000eef00000, 0x00000000ef000000, 0x00000000ef000000|100%| E|CS|TAMS 0x00000000eef00000| PB 0x00000000eef00000| Complete |  0
| 240|0x00000000ef000000, 0x00000000ef100000, 0x00000000ef100000|100%| E|CS|TAMS 0x00000000ef000000| PB 0x00000000ef000000| Complete |  0
| 241|0x00000000ef100000, 0x00000000ef200000, 0x00000000ef200000|100%| E|CS|TAMS 0x00000000ef100000| PB 0x00000000ef100000| Complete |  0
| 242|0x00000000ef200000, 0x00000000ef300000, 0x00000000ef300000|100%| E|CS|TAMS 0x00000000ef200000| PB 0x00000000ef200000| Complete |  0
| 243|0x00000000ef300000, 0x00000000ef400000, 0x00000000ef400000|100%| E|CS|TAMS 0x00000000ef300000| PB 0x00000000ef300000| Complete |  0
| 244|0x00000000ef400000, 0x00000000ef500000, 0x00000000ef500000|100%| E|CS|TAMS 0x00000000ef400000| PB 0x00000000ef400000| Complete |  0
| 245|0x00000000ef500000, 0x00000000ef600000, 0x00000000ef600000|100%| E|CS|TAMS 0x00000000ef500000| PB 0x00000000ef500000| Complete |  0
| 246|0x00000000ef600000, 0x00000000ef700000, 0x00000000ef700000|100%| E|CS|TAMS 0x00000000ef600000| PB 0x00000000ef600000| Complete |  0
| 247|0x00000000ef700000, 0x00000000ef800000, 0x00000000ef800000|100%| E|CS|TAMS 0x00000000ef700000| PB 0x00000000ef700000| Complete |  0
| 248|0x00000000ef800000, 0x00000000ef900000, 0x00000000ef900000|100%| E|CS|TAMS 0x00000000ef800000| PB 0x00000000ef800000| Complete |  0
| 249|0x00000000ef900000, 0x00000000efa00000, 0x00000000efa00000|100%| E|CS|TAMS 0x00000000ef900000| PB 0x00000000ef900000| Complete |  0
| 250|0x00000000efa00000, 0x00000000efb00000, 0x00000000efb00000|100%| E|CS|TAMS 0x00000000efa00000| PB 0x00000000efa00000| Complete |  0
| 251|0x00000000efb00000, 0x00000000efc00000, 0x00000000efc00000|100%| E|CS|TAMS 0x00000000efb00000| PB 0x00000000efb00000| Complete |  0
| 252|0x00000000efc00000, 0x00000000efd00000, 0x00000000efd00000|100%| E|CS|TAMS 0x00000000efc00000| PB 0x00000000efc00000| Complete |  0
| 253|0x00000000efd00000, 0x00000000efe00000, 0x00000000efe00000|100%| E|CS|TAMS 0x00000000efd00000| PB 0x00000000efd00000| Complete |  0
| 254|0x00000000efe00000, 0x00000000eff00000, 0x00000000eff00000|100%| E|CS|TAMS 0x00000000efe00000| PB 0x00000000efe00000| Complete |  0
| 255|0x00000000eff00000, 0x00000000f0000000, 0x00000000f0000000|100%| E|CS|TAMS 0x00000000eff00000| PB 0x00000000eff00000| Complete |  0

Card table byte_map: [0x00000288552a0000,0x00000288553a0000] _byte_map_base: 0x0000028854ba0000

Marking Bits: (CMBitMap*) 0x000002883d659360
 Bits: [0x00000288553a0000, 0x0000028855ba0000)

Polling page: 0x000002883b620000

Metaspace:

Usage:
  Non-class:     45.18 MB used.
      Class:      7.87 MB used.
       Both:     53.05 MB used.

Virtual space:
  Non-class space:       64.00 MB reserved,      46.12 MB ( 72%) committed,  1 nodes.
      Class space:      320.00 MB reserved,       8.75 MB (  3%) committed,  1 nodes.
             Both:      384.00 MB reserved,      54.88 MB ( 14%) committed. 

Chunk freelists:
   Non-Class:  960.00 KB
       Class:  7.08 MB
        Both:  8.02 MB

MaxMetaspaceSize: 384.00 MB
CompressedClassSpaceSize: 320.00 MB
Initial GC threshold: 21.00 MB
Current GC threshold: 59.19 MB
CDS: on
 - commit_granule_bytes: 65536.
 - commit_granule_words: 8192.
 - virtual_space_node_default_size: 8388608.
 - enlarge_chunks_in_place: 1.
 - use_allocation_guard: 0.


Internal statistics:

num_allocs_failed_limit: 9.
num_arena_births: 3264.
num_arena_deaths: 0.
num_vsnodes_births: 2.
num_vsnodes_deaths: 0.
num_space_committed: 878.
num_space_uncommitted: 0.
num_chunks_returned_to_freelist: 9.
num_chunks_taken_from_freelist: 5698.
num_chunk_merges: 9.
num_chunk_splits: 3696.
num_chunks_enlarged: 2283.
num_inconsistent_stats: 0.

CodeHeap 'non-profiled nmethods': size=120064Kb used=3142Kb max_used=3142Kb free=116922Kb
 bounds [0x000002884d820000, 0x000002884db40000, 0x0000028854d60000]
CodeHeap 'profiled nmethods': size=120000Kb used=10441Kb max_used=10441Kb free=109558Kb
 bounds [0x0000028845d60000, 0x00000288467a0000, 0x000002884d290000]
CodeHeap 'non-nmethods': size=5696Kb used=2956Kb max_used=2976Kb free=2739Kb
 bounds [0x000002884d290000, 0x000002884d590000, 0x000002884d820000]
CodeCache: size=245760Kb, used=16539Kb, max_used=16559Kb, free=229219Kb
 total_blobs=7878, nmethods=6980, adapters=802, full_count=0
Compilation: enabled, stopped_count=0, restarted_count=0

Compilation events (20 events):
Event: 462.462 Thread 0x0000028858613e00 nmethod 7513 0x000002884db2fd08 code [0x000002884db2fe20, 0x000002884db2fee8]
Event: 462.462 Thread 0x0000028858613e00 7514       1       it.unimi.dsi.fastutil.ints.IntCollections$EmptyCollection::contains (2 bytes)
Event: 462.462 Thread 0x0000028858613e00 nmethod 7514 0x000002884db30008 code [0x000002884db30120, 0x000002884db301e8]
Event: 462.464 Thread 0x0000028858613e00 7515       3       java.util.zip.ZipFile$Source$Key::hashCode (64 bytes)
Event: 462.467 Thread 0x0000028858613e00 nmethod 7515 0x000002884678eb88 code [0x000002884678ed40, 0x000002884678f370]
Event: 462.481 Thread 0x0000028858611250 7516       4       java.util.jar.Attributes$Name::hash (148 bytes)
Event: 462.485 Thread 0x0000028858611250 nmethod 7516 0x000002884db30308 code [0x000002884db30440, 0x000002884db30728]
Event: 462.643 Thread 0x0000028858611250 7517       4       java.lang.Class::privateGetDeclaredMethods (64 bytes)
Event: 462.659 Thread 0x0000028858611250 nmethod 7517 0x000002884db30788 code [0x000002884db30900, 0x000002884db31128]
Event: 462.660 Thread 0x0000028858613e00 7518       3       org.gradle.internal.classloader.FilteringClassLoader$TrieSet::find (9 bytes)
Event: 462.661 Thread 0x0000028858613e00 nmethod 7518 0x000002884678f408 code [0x000002884678f520, 0x000002884678f680]
Event: 462.707 Thread 0x0000028858613e00 7519       1       com.google.common.collect.MapMakerInternalMap$AbstractStrongKeyEntry::getKey (5 bytes)
Event: 462.707 Thread 0x0000028858613e00 nmethod 7519 0x000002884db31208 code [0x000002884db31320, 0x000002884db313e8]
Event: 462.735 Thread 0x0000028858613e00 7520       1       java.util.zip.ZipFile$ZipFileInputStream::size (5 bytes)
Event: 462.735 Thread 0x0000028858613e00 nmethod 7520 0x000002884db31508 code [0x000002884db31620, 0x000002884db316e8]
Event: 462.849 Thread 0x0000028858611250 7521       4       java.lang.PublicMethods::merge (81 bytes)
Event: 462.873 Thread 0x0000028858613e00 7522  s    3       java.util.Hashtable::putAll (52 bytes)
Event: 462.874 Thread 0x0000028858613e00 nmethod 7522 0x000002884678f708 code [0x000002884678f8c0, 0x0000028846790238]
Event: 462.874 Thread 0x0000028858613e00 7523       3       com.sun.beans.TypeResolver::erase (159 bytes)
Event: 462.876 Thread 0x0000028858613e00 nmethod 7523 0x0000028846790288 code [0x0000028846790520, 0x00000288467919e8]

GC Heap History (20 events):
Event: 1.432 GC heap before
{Heap before GC invocations=0 (full 0):
 garbage-first heap   total reserved 524288K, committed 262144K, used 27648K [0x00000000e0000000, 0x0000000100000000)
  region size 1024K, 24 young (24576K), 0 survivors (0K)
 Metaspace       used 1134K, committed 1280K, reserved 393216K
  class space    used 79K, committed 128K, reserved 327680K
}
Event: 1.442 GC heap after
{Heap after GC invocations=1 (full 0):
 garbage-first heap   total reserved 524288K, committed 262144K, used 10709K [0x00000000e0000000, 0x0000000100000000)
  region size 1024K, 3 young (3072K), 3 survivors (3072K)
 Metaspace       used 1134K, committed 1280K, reserved 393216K
  class space    used 79K, committed 128K, reserved 327680K
}
Event: 3.831 GC heap before
{Heap before GC invocations=1 (full 0):
 garbage-first heap   total reserved 524288K, committed 262144K, used 33237K [0x00000000e0000000, 0x0000000100000000)
  region size 1024K, 25 young (25600K), 3 survivors (3072K)
 Metaspace       used 4616K, committed 4800K, reserved 393216K
  class space    used 595K, committed 704K, reserved 327680K
}
Event: 3.838 GC heap after
{Heap after GC invocations=2 (full 0):
 garbage-first heap   total reserved 524288K, committed 262144K, used 12377K [0x00000000e0000000, 0x0000000100000000)
  region size 1024K, 2 young (2048K), 2 survivors (2048K)
 Metaspace       used 4616K, committed 4800K, reserved 393216K
  class space    used 595K, committed 704K, reserved 327680K
}
Event: 7.099 GC heap before
{Heap before GC invocations=2 (full 0):
 garbage-first heap   total reserved 524288K, committed 262144K, used 63577K [0x00000000e0000000, 0x0000000100000000)
  region size 1024K, 51 young (52224K), 2 survivors (2048K)
 Metaspace       used 5454K, committed 5696K, reserved 393216K
  class space    used 738K, committed 896K, reserved 327680K
}
Event: 7.195 GC heap after
{Heap after GC invocations=3 (full 0):
 garbage-first heap   total reserved 524288K, committed 262144K, used 18339K [0x00000000e0000000, 0x0000000100000000)
  region size 1024K, 7 young (7168K), 7 survivors (7168K)
 Metaspace       used 5454K, committed 5696K, reserved 393216K
  class space    used 738K, committed 896K, reserved 327680K
}
Event: 14.270 GC heap before
{Heap before GC invocations=3 (full 0):
 garbage-first heap   total reserved 524288K, committed 262144K, used 49059K [0x00000000e0000000, 0x0000000100000000)
  region size 1024K, 37 young (37888K), 7 survivors (7168K)
 Metaspace       used 12678K, committed 13056K, reserved 393216K
  class space    used 1738K, committed 1920K, reserved 327680K
}
Event: 14.297 GC heap after
{Heap after GC invocations=4 (full 0):
 garbage-first heap   total reserved 524288K, committed 262144K, used 22139K [0x00000000e0000000, 0x0000000100000000)
  region size 1024K, 4 young (4096K), 4 survivors (4096K)
 Metaspace       used 12678K, committed 13056K, reserved 393216K
  class space    used 1738K, committed 1920K, reserved 327680K
}
Event: 37.627 GC heap before
{Heap before GC invocations=4 (full 0):
 garbage-first heap   total reserved 524288K, committed 262144K, used 76411K [0x00000000e0000000, 0x0000000100000000)
  region size 1024K, 59 young (60416K), 4 survivors (4096K)
 Metaspace       used 20952K, committed 21504K, reserved 393216K
  class space    used 3081K, committed 3328K, reserved 327680K
}
Event: 37.684 GC heap after
{Heap after GC invocations=5 (full 0):
 garbage-first heap   total reserved 524288K, committed 262144K, used 25621K [0x00000000e0000000, 0x0000000100000000)
  region size 1024K, 8 young (8192K), 8 survivors (8192K)
 Metaspace       used 20952K, committed 21504K, reserved 393216K
  class space    used 3081K, committed 3328K, reserved 327680K
}
Event: 51.121 GC heap before
{Heap before GC invocations=6 (full 0):
 garbage-first heap   total reserved 524288K, committed 262144K, used 81941K [0x00000000e0000000, 0x0000000100000000)
  region size 1024K, 63 young (64512K), 8 survivors (8192K)
 Metaspace       used 27657K, committed 28736K, reserved 393216K
  class space    used 4258K, committed 4736K, reserved 327680K
}
Event: 51.137 GC heap after
{Heap after GC invocations=7 (full 0):
 garbage-first heap   total reserved 524288K, committed 262144K, used 29365K [0x00000000e0000000, 0x0000000100000000)
  region size 1024K, 8 young (8192K), 8 survivors (8192K)
 Metaspace       used 27657K, committed 28736K, reserved 393216K
  class space    used 4258K, committed 4736K, reserved 327680K
}
Event: 98.359 GC heap before
{Heap before GC invocations=7 (full 0):
 garbage-first heap   total reserved 524288K, committed 262144K, used 69301K [0x00000000e0000000, 0x0000000100000000)
  region size 1024K, 48 young (49152K), 8 survivors (8192K)
 Metaspace       used 34704K, committed 35968K, reserved 393216K
  class space    used 5197K, committed 5824K, reserved 327680K
}
Event: 98.570 GC heap after
{Heap after GC invocations=8 (full 0):
 garbage-first heap   total reserved 524288K, committed 262144K, used 31434K [0x00000000e0000000, 0x0000000100000000)
  region size 1024K, 7 young (7168K), 7 survivors (7168K)
 Metaspace       used 34704K, committed 35968K, reserved 393216K
  class space    used 5197K, committed 5824K, reserved 327680K
}
Event: 98.925 GC heap before
{Heap before GC invocations=8 (full 0):
 garbage-first heap   total reserved 524288K, committed 262144K, used 32458K [0x00000000e0000000, 0x0000000100000000)
  region size 1024K, 9 young (9216K), 7 survivors (7168K)
 Metaspace       used 34956K, committed 36288K, reserved 393216K
  class space    used 5239K, committed 5888K, reserved 327680K
}
Event: 98.957 GC heap after
{Heap after GC invocations=9 (full 0):
 garbage-first heap   total reserved 524288K, committed 262144K, used 31590K [0x00000000e0000000, 0x0000000100000000)
  region size 1024K, 7 young (7168K), 7 survivors (7168K)
 Metaspace       used 34956K, committed 36288K, reserved 393216K
  class space    used 5239K, committed 5888K, reserved 327680K
}
Event: 215.845 GC heap before
{Heap before GC invocations=10 (full 0):
 garbage-first heap   total reserved 524288K, committed 262144K, used 144230K [0x00000000e0000000, 0x0000000100000000)
  region size 1024K, 111 young (113664K), 7 survivors (7168K)
 Metaspace       used 45263K, committed 46848K, reserved 393216K
  class space    used 6604K, committed 7360K, reserved 327680K
}
Event: 215.930 GC heap after
{Heap after GC invocations=11 (full 0):
 garbage-first heap   total reserved 524288K, committed 262144K, used 39078K [0x00000000e0000000, 0x0000000100000000)
  region size 1024K, 14 young (14336K), 14 survivors (14336K)
 Metaspace       used 45263K, committed 46848K, reserved 393216K
  class space    used 6604K, committed 7360K, reserved 327680K
}
Event: 411.659 GC heap before
{Heap before GC invocations=11 (full 0):
 garbage-first heap   total reserved 524288K, committed 262144K, used 111782K [0x00000000e0000000, 0x0000000100000000)
  region size 1024K, 85 young (87040K), 14 survivors (14336K)
 Metaspace       used 49220K, committed 50944K, reserved 393216K
  class space    used 7268K, committed 8064K, reserved 327680K
}
Event: 411.932 GC heap after
{Heap after GC invocations=12 (full 0):
 garbage-first heap   total reserved 524288K, committed 262144K, used 40467K [0x00000000e0000000, 0x0000000100000000)
  region size 1024K, 3 young (3072K), 3 survivors (3072K)
 Metaspace       used 49220K, committed 50944K, reserved 393216K
  class space    used 7268K, committed 8064K, reserved 327680K
}

Dll operation events (15 events):
Event: 0.020 Loaded shared library C:\Users\HP\.jdks\openjdk-23\bin\java.dll
Event: 0.091 Loaded shared library C:\Users\HP\.jdks\openjdk-23\bin\jsvml.dll
Event: 0.202 Loaded shared library C:\Users\HP\.jdks\openjdk-23\bin\zip.dll
Event: 0.208 Loaded shared library C:\Users\HP\.jdks\openjdk-23\bin\instrument.dll
Event: 0.216 Loaded shared library C:\Users\HP\.jdks\openjdk-23\bin\net.dll
Event: 0.229 Loaded shared library C:\Users\HP\.jdks\openjdk-23\bin\nio.dll
Event: 0.234 Loaded shared library C:\Users\HP\.jdks\openjdk-23\bin\zip.dll
Event: 1.147 Loaded shared library C:\Users\HP\.jdks\openjdk-23\bin\jimage.dll
Event: 1.494 Loaded shared library C:\Users\HP\.jdks\openjdk-23\bin\verify.dll
Event: 2.199 Loaded shared library C:\Users\HP\.gradle\native\c067742578af261105cb4f569cf0c3c89f3d7b1fecec35dd04571415982c5e48\windows-amd64\native-platform.dll
Event: 2.221 Loaded shared library C:\Users\HP\.gradle\native\100fb08df4bc3b14c8652ba06237920a3bd2aa13389f12d3474272988ae205f9\windows-amd64\native-platform-file-events.dll
Event: 8.246 Loaded shared library C:\Users\HP\.jdks\openjdk-23\bin\management.dll
Event: 8.291 Loaded shared library C:\Users\HP\.jdks\openjdk-23\bin\management_ext.dll
Event: 12.096 Loaded shared library C:\Users\HP\.jdks\openjdk-23\bin\extnet.dll
Event: 12.813 Loaded shared library C:\Users\HP\.jdks\openjdk-23\bin\sunmscapi.dll

Deoptimization events (20 events):
Event: 461.011 Thread 0x0000028872e4f790 DEOPT PACKING pc=0x000002884da0e92c sp=0x000000ca6b0f6560
Event: 461.011 Thread 0x0000028872e4f790 DEOPT UNPACKING pc=0x000002884d2e7982 sp=0x000000ca6b0f6508 mode 2
Event: 462.154 Thread 0x0000028872e4f790 Uncommon trap: trap_request=0xffffff45 fr.pc=0x000002884db0a394 relative=0x0000000000000174
Event: 462.154 Thread 0x0000028872e4f790 Uncommon trap: reason=unstable_if action=reinterpret pc=0x000002884db0a394 method=org.objectweb.asm.ByteVector.putByteArray([BII)Lorg/objectweb/asm/ByteVector; @ 20 c2
Event: 462.154 Thread 0x0000028872e4f790 DEOPT PACKING pc=0x000002884db0a394 sp=0x000000ca6b0f2d70
Event: 462.154 Thread 0x0000028872e4f790 DEOPT UNPACKING pc=0x000002884d2e7982 sp=0x000000ca6b0f2d40 mode 2
Event: 462.155 Thread 0x0000028872e4f790 Uncommon trap: trap_request=0xffffff45 fr.pc=0x000002884da87b34 relative=0x0000000000000a54
Event: 462.155 Thread 0x0000028872e4f790 Uncommon trap: reason=unstable_if action=reinterpret pc=0x000002884da87b34 method=org.objectweb.asm.Label.resolve([BLorg/objectweb/asm/ByteVector;I)Z @ 81 c2
Event: 462.155 Thread 0x0000028872e4f790 DEOPT PACKING pc=0x000002884da87b34 sp=0x000000ca6b0f2d90
Event: 462.155 Thread 0x0000028872e4f790 DEOPT UNPACKING pc=0x000002884d2e7982 sp=0x000000ca6b0f2cb8 mode 2
Event: 462.155 Thread 0x0000028872e4f790 Uncommon trap: trap_request=0xffffff45 fr.pc=0x000002884da69c54 relative=0x0000000000000234
Event: 462.155 Thread 0x0000028872e4f790 Uncommon trap: reason=unstable_if action=reinterpret pc=0x000002884da69c54 method=org.objectweb.asm.Label.resolve([BLorg/objectweb/asm/ByteVector;I)Z @ 81 c2
Event: 462.155 Thread 0x0000028872e4f790 DEOPT PACKING pc=0x000002884da69c54 sp=0x000000ca6b0f2d20
Event: 462.155 Thread 0x0000028872e4f790 DEOPT UNPACKING pc=0x000002884d2e7982 sp=0x000000ca6b0f2cb0 mode 2
Event: 462.155 Thread 0x0000028872e4f790 Uncommon trap: trap_request=0xffffff45 fr.pc=0x000002884da7f3c4 relative=0x0000000000000124
Event: 462.155 Thread 0x0000028872e4f790 Uncommon trap: reason=unstable_if action=reinterpret pc=0x000002884da7f3c4 method=org.objectweb.asm.ByteVector.putInt(I)Lorg/objectweb/asm/ByteVector; @ 13 c2
Event: 462.155 Thread 0x0000028872e4f790 DEOPT PACKING pc=0x000002884da7f3c4 sp=0x000000ca6b0f2d40
Event: 462.155 Thread 0x0000028872e4f790 DEOPT UNPACKING pc=0x000002884d2e7982 sp=0x000000ca6b0f2cc8 mode 2
Event: 462.507 Thread 0x0000028872e4f790 DEOPT PACKING pc=0x00000288460ddc9c sp=0x000000ca6b0f7f00
Event: 462.507 Thread 0x0000028872e4f790 DEOPT UNPACKING pc=0x000002884d2e84c2 sp=0x000000ca6b0f7400 mode 0

Classes loaded (20 events):
Event: 453.531 Loading class com/sun/org/apache/xerces/internal/impl/io/MalformedByteSequenceException
Event: 453.531 Loading class java/io/CharConversionException
Event: 453.532 Loading class java/io/CharConversionException done
Event: 453.532 Loading class com/sun/org/apache/xerces/internal/impl/io/MalformedByteSequenceException done
Event: 453.536 Loading class javax/xml/parsers/DocumentBuilderFactory
Event: 453.538 Loading class javax/xml/parsers/DocumentBuilderFactory done
Event: 453.538 Loading class javax/xml/parsers/FactoryFinder
Event: 453.542 Loading class javax/xml/parsers/FactoryFinder done
Event: 453.544 Loading class javax/xml/parsers/FactoryFinder$1
Event: 453.545 Loading class javax/xml/parsers/FactoryFinder$1 done
Event: 453.587 Loading class com/sun/org/apache/xerces/internal/jaxp/DocumentBuilderFactoryImpl
Event: 453.587 Loading class com/sun/org/apache/xerces/internal/jaxp/DocumentBuilderFactoryImpl done
Event: 454.553 Loading class java/util/regex/Pattern$SliceI
Event: 454.554 Loading class java/util/regex/Pattern$SliceI done
Event: 455.224 Loading class java/lang/foreign/MemorySegment
Event: 455.236 Loading class java/lang/foreign/MemorySegment done
Event: 462.548 Loading class java/lang/ThreadDeath
Event: 462.550 Loading class java/lang/ThreadDeath done
Event: 462.552 Loading class sun/misc/SharedSecrets
Event: 462.554 Loading class sun/misc/SharedSecrets done

Classes unloaded (0 events):
No events

Classes redefined (0 events):
No events

Internal exceptions (20 events):
Event: 274.272 Thread 0x0000028872e4f790 Exception <a 'java/lang/NoSuchMethodError'{0x00000000ee2c03d0}: 'java.lang.Object java.lang.invoke.DirectMethodHandle$Holder.newInvokeSpecial(java.lang.Object, java.lang.Object, java.lang.Object, long)'> (0x00000000ee2c03d0) 
thrown [s\open\src\hotspot\share\interpreter\linkResolver.cpp, line 796]
Event: 274.273 Thread 0x0000028872e4f790 Exception <a 'java/lang/NoSuchMethodError'{0x00000000ee2c50f8}: 'java.lang.Object java.lang.invoke.DirectMethodHandle$Holder.invokeSpecial(java.lang.Object, java.lang.Object, java.lang.Object, java.lang.Object, long)'> (0x00000000ee2c50f8) 
thrown [s\open\src\hotspot\share\interpreter\linkResolver.cpp, line 796]
Event: 274.273 Thread 0x0000028872e4f790 Exception <a 'java/lang/NoSuchMethodError'{0x00000000ee2c9240}: 'java.lang.Object java.lang.invoke.Invokers$Holder.linkToTargetMethod(java.lang.Object, java.lang.Object, long, java.lang.Object)'> (0x00000000ee2c9240) 
thrown [s\open\src\hotspot\share\interpreter\linkResolver.cpp, line 796]
Event: 274.515 Thread 0x0000028872e4f790 Exception <a 'java/lang/NoSuchMethodError'{0x00000000ee0812a8}: 'java.lang.Object java.lang.invoke.DirectMethodHandle$Holder.invokeSpecial(java.lang.Object, java.lang.Object, long, java.lang.Object, java.lang.Object)'> (0x00000000ee0812a8) 
thrown [s\open\src\hotspot\share\interpreter\linkResolver.cpp, line 796]
Event: 383.518 Thread 0x0000028872e4f790 Exception <a 'java/lang/IncompatibleClassChangeError'{0x00000000ec6da490}: Found class java.lang.Object, but interface was expected> (0x00000000ec6da490) 
thrown [s\open\src\hotspot\share\interpreter\linkResolver.cpp, line 863]
Event: 385.938 Thread 0x0000028872e4f790 Exception <a 'java/lang/NoSuchMethodError'{0x00000000ec27bc48}: 'java.lang.Object java.lang.invoke.DirectMethodHandle$Holder.newInvokeSpecial(java.lang.Object, java.lang.Object, java.lang.Object, java.lang.Object, int, java.lang.Object)'> (0x00000000ec27bc48) 
thrown [s\open\src\hotspot\share\interpreter\linkResolver.cpp, line 796]
Event: 385.946 Thread 0x0000028872e4f790 Exception <a 'java/lang/NoSuchMethodError'{0x00000000ec284540}: 'java.lang.Object java.lang.invoke.Invokers$Holder.linkToTargetMethod(java.lang.Object, java.lang.Object, java.lang.Object, int, java.lang.Object, java.lang.Object)'> (0x00000000ec284540) 
thrown [s\open\src\hotspot\share\interpreter\linkResolver.cpp, line 796]
Event: 420.974 Thread 0x0000028872e4f790 Exception <a 'java/lang/NoSuchMethodError'{0x00000000efcf78f0}: 'java.lang.Object java.lang.invoke.DirectMethodHandle$Holder.invokeSpecialIFC(java.lang.Object, java.lang.Object, java.lang.Object)'> (0x00000000efcf78f0) 
thrown [s\open\src\hotspot\share\interpreter\linkResolver.cpp, line 796]
Event: 453.719 Thread 0x0000028872e4f790 Exception <a 'java/lang/NoSuchMethodError'{0x00000000ee313d30}: 'java.lang.Object java.lang.invoke.DirectMethodHandle$Holder.newInvokeSpecial(java.lang.Object, java.lang.Object, java.lang.Object, java.lang.Object, java.lang.Object, java.lang.Object, java.lang.Object, java.lang.Object, java.lang.Object, java.lang.Object, java.lang.Object, java.lang.Object, java.lang.Object, java.lang.Object, java.lang.Object, java.lang.Object)'> (0x00000000ee313d30) 
thrown [s\open\src\hotspot\share\interpreter\linkResolver
Event: 453.730 Thread 0x0000028872e4f790 Exception <a 'java/lang/NoSuchMethodError'{0x00000000ee31a6f0}: 'java.lang.Object java.lang.invoke.DirectMethodHandle$Holder.invokeSpecial(java.lang.Object, java.lang.Object, java.lang.Object, java.lang.Object, java.lang.Object, java.lang.Object, java.lang.Object, java.lang.Object, java.lang.Object, java.lang.Object, java.lang.Object, java.lang.Object, java.lang.Object, java.lang.Object, java.lang.Object, java.lang.Object, java.lang.Object)'> (0x00000000ee31a6f0) 
thrown [s\open\src\hotspot\share\interpret
Event: 453.735 Thread 0x0000028872e4f790 Exception <a 'java/lang/NoSuchMethodError'{0x00000000ee320028}: 'java.lang.Object java.lang.invoke.DelegatingMethodHandle$Holder.reinvoke_L(java.lang.Object, java.lang.Object, java.lang.Object, java.lang.Object, java.lang.Object, java.lang.Object, java.lang.Object, java.lang.Object, java.lang.Object, java.lang.Object, java.lang.Object, java.lang.Object, java.lang.Object, java.lang.Object, java.lang.Object, java.lang.Object)'> (0x00000000ee320028) 
thrown [s\open\src\hotspot\share\interpreter\linkResolver.c
Event: 455.028 Thread 0x0000028872e4f790 Exception <a 'java/lang/NoSuchMethodError'{0x00000000edd10c38}: 'void java.lang.invoke.DirectMethodHandle$Holder.invokeVirtual(java.lang.Object, java.lang.Object)'> (0x00000000edd10c38) 
thrown [s\open\src\hotspot\share\interpreter\linkResolver.cpp, line 796]
Event: 459.058 Thread 0x0000028872e4f790 Exception <a 'java/lang/NoSuchMethodError'{0x00000000ed4b1290}: 'java.lang.Object java.lang.invoke.DirectMethodHandle$Holder.newInvokeSpecial(java.lang.Object, java.lang.Object, java.lang.Object, java.lang.Object, java.lang.Object, java.lang.Object, java.lang.Object, java.lang.Object, java.lang.Object, java.lang.Object, java.lang.Object, java.lang.Object, java.lang.Object, java.lang.Object, java.lang.Object, java.lang.Object, java.lang.Object, java.lang.Object, java.lang.Object, java.lang.Object, java.lang
Event: 462.154 Thread 0x0000028872e4f790 Implicit null exception at 0x000002884db0a265 to 0x000002884db0a378
Event: 462.554 Thread 0x0000028872e4f790 Exception <a 'java/lang/ClassNotFoundException'{0x00000000eca70b48}: sun/misc/SharedSecrets> (0x00000000eca70b48) 
thrown [s\open\src\hotspot\share\classfile\systemDictionary.cpp, line 313]
Event: 462.556 Thread 0x0000028872e4f790 Exception <a 'java/lang/NoClassDefFoundError'{0x00000000eca71ea0}: org/jetbrains/kotlin/gradle/plugin/KotlinPluginWrapper> (0x00000000eca71ea0) 
thrown [s\open\src\hotspot\share\classfile\systemDictionary.cpp, line 302]
Event: 462.558 Thread 0x0000028872e4f790 Exception <a 'java/lang/NoClassDefFoundError'{0x00000000eca77930}: org/graalvm/buildtools/gradle/NativeImagePlugin> (0x00000000eca77930) 
thrown [s\open\src\hotspot\share\classfile\systemDictionary.cpp, line 302]
Event: 462.560 Thread 0x0000028872e4f790 Exception <a 'java/lang/NoClassDefFoundError'{0x00000000eca7d328}: org/cyclonedx/gradle/CycloneDxPlugin> (0x00000000eca7d328) 
thrown [s\open\src\hotspot\share\classfile\systemDictionary.cpp, line 302]
Event: 462.840 Thread 0x0000028872e4f790 Exception <a 'java/lang/ClassNotFoundException'{0x00000000ec862508}: io/spring/gradle/dependencymanagement/internal/dsl/StandardDependencyManagementExtensionBeanInfo> (0x00000000ec862508) 
thrown [s\open\src\hotspot\share\classfile\systemDictionary.cpp, line 313]
Event: 462.844 Thread 0x0000028872e4f790 Exception <a 'java/lang/ClassNotFoundException'{0x00000000ec86b950}: io/spring/gradle/dependencymanagement/internal/dsl/StandardDependencyManagementExtensionCustomizer> (0x00000000ec86b950) 
thrown [s\open\src\hotspot\share\classfile\systemDictionary.cpp, line 313]

VM Operations (20 events):
Event: 273.861 Executing VM operation: HandshakeAllThreads (Deoptimize)
Event: 273.870 Executing VM operation: HandshakeAllThreads (Deoptimize) done
Event: 273.943 Executing VM operation: HandshakeAllThreads (Deoptimize)
Event: 273.943 Executing VM operation: HandshakeAllThreads (Deoptimize) done
Event: 300.628 Executing VM operation: HandshakeAllThreads (HandshakeForDeflation)
Event: 300.630 Executing VM operation: HandshakeAllThreads (HandshakeForDeflation) done
Event: 300.630 Executing VM operation: RendezvousGCThreads
Event: 300.630 Executing VM operation: RendezvousGCThreads done
Event: 360.927 Executing VM operation: HandshakeAllThreads (HandshakeForDeflation)
Event: 360.931 Executing VM operation: HandshakeAllThreads (HandshakeForDeflation) done
Event: 360.931 Executing VM operation: RendezvousGCThreads
Event: 360.931 Executing VM operation: RendezvousGCThreads done
Event: 411.657 Executing VM operation: G1CollectForAllocation (G1 Evacuation Pause)
Event: 411.932 Executing VM operation: G1CollectForAllocation (G1 Evacuation Pause) done
Event: 421.150 Executing VM operation: HandshakeAllThreads (HandshakeForDeflation)
Event: 421.150 Executing VM operation: HandshakeAllThreads (HandshakeForDeflation) done
Event: 421.150 Executing VM operation: RendezvousGCThreads
Event: 421.150 Executing VM operation: RendezvousGCThreads done
Event: 453.152 Executing VM operation: HandshakeAllThreads (Deoptimize)
Event: 453.160 Executing VM operation: HandshakeAllThreads (Deoptimize) done

Memory protections (0 events):
No events

Nmethod flushes (20 events):
Event: 99.108 Thread 0x00000288585ee690 flushing  nmethod 0x000002884609e788
Event: 99.108 Thread 0x00000288585ee690 flushing  nmethod 0x00000288460b7688
Event: 99.108 Thread 0x00000288585ee690 flushing  nmethod 0x000002884d86cd08
Event: 99.108 Thread 0x00000288585ee690 flushing  nmethod 0x000002884d872508
Event: 99.108 Thread 0x00000288585ee690 flushing  nmethod 0x0000028845ec1a88
Event: 99.109 Thread 0x00000288585ee690 flushing  nmethod 0x0000028845ec4b88
Event: 99.109 Thread 0x00000288585ee690 flushing  nmethod 0x0000028845ec6a88
Event: 99.109 Thread 0x00000288585ee690 flushing  nmethod 0x0000028845ec7908
Event: 99.109 Thread 0x00000288585ee690 flushing  nmethod 0x0000028845ec7c08
Event: 99.115 Thread 0x00000288585ee690 flushing  nmethod 0x0000028845ed4088
Event: 99.115 Thread 0x00000288585ee690 flushing  nmethod 0x0000028845ed4c08
Event: 99.115 Thread 0x00000288585ee690 flushing  nmethod 0x0000028845faaa88
Event: 99.115 Thread 0x00000288585ee690 flushing  nmethod 0x0000028845fb0808
Event: 99.115 Thread 0x00000288585ee690 flushing  nmethod 0x0000028846041188
Event: 99.115 Thread 0x00000288585ee690 flushing  nmethod 0x0000028846042488
Event: 99.115 Thread 0x00000288585ee690 flushing  nmethod 0x0000028846043508
Event: 99.115 Thread 0x00000288585ee690 flushing  nmethod 0x00000288460eb188
Event: 99.115 Thread 0x00000288585ee690 flushing  nmethod 0x00000288461b9188
Event: 99.115 Thread 0x00000288585ee690 flushing  nmethod 0x00000288461c0988
Event: 99.115 Thread 0x00000288585ee690 flushing  nmethod 0x00000288461d9f08

Events (20 events):
Event: 385.436 Thread 0x0000028872e4f790 Thread added: 0x0000028873667bc0
Event: 385.436 Thread 0x0000028872e4f790 Thread added: 0x000002887366b6d0
Event: 385.437 Thread 0x0000028872e4f790 Thread added: 0x0000028873668250
Event: 385.437 Thread 0x0000028872e4f790 Thread added: 0x000002887366d7a0
Event: 386.218 Thread 0x0000028872e4f790 Thread added: 0x000002887366de30
Event: 386.225 Thread 0x0000028872e4f790 Thread added: 0x000002887366bd60
Event: 386.236 Thread 0x0000028872e4f790 Thread added: 0x000002887366c3f0
Event: 386.240 Thread 0x0000028872e4f790 Thread added: 0x000002887366ca80
Event: 386.246 Thread 0x0000028872e4f790 Thread added: 0x000002887366d110
Event: 386.250 Thread 0x0000028872e4f790 Thread added: 0x0000028873666ea0
Event: 386.254 Thread 0x0000028872e4f790 Thread added: 0x000002887366e4c0
Event: 387.986 Thread 0x0000028873cde740 Thread exited: 0x0000028873cde740
Event: 421.000 Thread 0x0000028872e4f790 Thread added: 0x0000028873668f70
Event: 421.002 Thread 0x0000028872e4f790 Thread added: 0x0000028873667530
Event: 421.003 Thread 0x0000028872e4f790 Thread added: 0x0000028873669c90
Event: 421.005 Thread 0x0000028872e4f790 Thread added: 0x0000028873669600
Event: 421.006 Thread 0x0000028872e4f790 Thread added: 0x0000028873cde740
Event: 421.007 Thread 0x0000028872e4f790 Thread added: 0x0000028875e87060
Event: 421.009 Thread 0x0000028872e4f790 Thread added: 0x0000028875e876f0
Event: 454.771 Thread 0x0000028872e4f790 Thread added: 0x0000028875e87d80


Dynamic libraries:
0x00007ff7afe20000 - 0x00007ff7afe2e000 	C:\Users\HP\.jdks\openjdk-23\bin\java.exe
0x00007ffcbcfb0000 - 0x00007ffcbd1c7000 	C:\Windows\SYSTEM32\ntdll.dll
0x00007ffcbbb20000 - 0x00007ffcbbbe4000 	C:\Windows\System32\KERNEL32.DLL
0x00007ffcba680000 - 0x00007ffcbaa39000 	C:\Windows\System32\KERNELBASE.dll
0x00007ffcbab10000 - 0x00007ffcbac21000 	C:\Windows\System32\ucrtbase.dll
0x00007ffc9be00000 - 0x00007ffc9be17000 	C:\Users\HP\.jdks\openjdk-23\bin\jli.dll
0x00007ffcbbee0000 - 0x00007ffcbc08e000 	C:\Windows\System32\USER32.dll
0x00007ffcbaa40000 - 0x00007ffcbaa66000 	C:\Windows\System32\win32u.dll
0x00007ffcbbeb0000 - 0x00007ffcbbed9000 	C:\Windows\System32\GDI32.dll
0x00007ffcba330000 - 0x00007ffcba44b000 	C:\Windows\System32\gdi32full.dll
0x00007ffcbaa70000 - 0x00007ffcbab0a000 	C:\Windows\System32\msvcp_win.dll
0x00007ffc9ba90000 - 0x00007ffc9bd22000 	C:\Windows\WinSxS\amd64_microsoft.windows.common-controls_6595b64144ccf1df_6.0.22621.4391_none_2715d37f73803e96\COMCTL32.dll
0x00007ffcbca40000 - 0x00007ffcbcae7000 	C:\Windows\System32\msvcrt.dll
0x00007ffc9a300000 - 0x00007ffc9a31b000 	C:\Users\HP\.jdks\openjdk-23\bin\VCRUNTIME140.dll
0x00007ffcbbe70000 - 0x00007ffcbbea1000 	C:\Windows\System32\IMM32.DLL
0x00007ffca1500000 - 0x00007ffca150c000 	C:\Users\HP\.jdks\openjdk-23\bin\vcruntime140_1.dll
0x00007ffc95000000 - 0x00007ffc9508e000 	C:\Users\HP\.jdks\openjdk-23\bin\msvcp140.dll
0x00007ffc724a0000 - 0x00007ffc731ef000 	C:\Users\HP\.jdks\openjdk-23\bin\server\jvm.dll
0x00007ffcbb1e0000 - 0x00007ffcbb292000 	C:\Windows\System32\ADVAPI32.dll
0x00007ffcbb0b0000 - 0x00007ffcbb157000 	C:\Windows\System32\sechost.dll
0x00007ffcbaca0000 - 0x00007ffcbacc8000 	C:\Windows\System32\bcrypt.dll
0x00007ffcbae30000 - 0x00007ffcbaf44000 	C:\Windows\System32\RPCRT4.dll
0x00007ffcbb160000 - 0x00007ffcbb1d1000 	C:\Windows\System32\WS2_32.dll
0x00007ffcba0d0000 - 0x00007ffcba11d000 	C:\Windows\SYSTEM32\POWRPROF.dll
0x00007ffcb3090000 - 0x00007ffcb30c4000 	C:\Windows\SYSTEM32\WINMM.dll
0x00007ffcb0fd0000 - 0x00007ffcb0fda000 	C:\Windows\SYSTEM32\VERSION.dll
0x00007ffcb9fb0000 - 0x00007ffcb9fc3000 	C:\Windows\SYSTEM32\UMPDC.dll
0x00007ffcb92c0000 - 0x00007ffcb92d8000 	C:\Windows\SYSTEM32\kernel.appcore.dll
0x00007ffc9f5f0000 - 0x00007ffc9f5fa000 	C:\Users\HP\.jdks\openjdk-23\bin\jimage.dll
0x00007ffcb7b60000 - 0x00007ffcb7d92000 	C:\Windows\SYSTEM32\DBGHELP.DLL
0x00007ffcbc090000 - 0x00007ffcbc41f000 	C:\Windows\System32\combase.dll
0x00007ffcbc740000 - 0x00007ffcbc817000 	C:\Windows\System32\OLEAUT32.dll
0x00007ffc99930000 - 0x00007ffc99962000 	C:\Windows\SYSTEM32\dbgcore.DLL
0x00007ffcba2b0000 - 0x00007ffcba32b000 	C:\Windows\System32\bcryptPrimitives.dll
0x00007ffc99360000 - 0x00007ffc9936f000 	C:\Users\HP\.jdks\openjdk-23\bin\instrument.dll
0x00007ffc98e90000 - 0x00007ffc98eae000 	C:\Users\HP\.jdks\openjdk-23\bin\java.dll
0x00007ffcbc430000 - 0x00007ffcbc5d5000 	C:\Windows\System32\ole32.dll
0x00007ffcbb2a0000 - 0x00007ffcbbb16000 	C:\Windows\System32\SHELL32.dll
0x00007ffcb81a0000 - 0x00007ffcb8aa3000 	C:\Windows\SYSTEM32\windows.storage.dll
0x00007ffcb8060000 - 0x00007ffcb819f000 	C:\Windows\SYSTEM32\wintypes.dll
0x00007ffcbbd70000 - 0x00007ffcbbe69000 	C:\Windows\System32\SHCORE.dll
0x00007ffcbc820000 - 0x00007ffcbc87e000 	C:\Windows\System32\shlwapi.dll
0x00007ffcba1e0000 - 0x00007ffcba20b000 	C:\Windows\SYSTEM32\profapi.dll
0x00007ffc75f70000 - 0x00007ffc76047000 	C:\Users\HP\.jdks\openjdk-23\bin\jsvml.dll
0x00007ffc98e70000 - 0x00007ffc98e87000 	C:\Users\HP\.jdks\openjdk-23\bin\zip.dll
0x00007ffc98e60000 - 0x00007ffc98e70000 	C:\Users\HP\.jdks\openjdk-23\bin\net.dll
0x00007ffcb9770000 - 0x00007ffcb97d9000 	C:\Windows\system32\mswsock.dll
0x00007ffc98e40000 - 0x00007ffc98e56000 	C:\Users\HP\.jdks\openjdk-23\bin\nio.dll
0x00007ffc98e10000 - 0x00007ffc98e20000 	C:\Users\HP\.jdks\openjdk-23\bin\verify.dll
0x00007ffc9f600000 - 0x00007ffc9f627000 	C:\Users\HP\.gradle\native\c067742578af261105cb4f569cf0c3c89f3d7b1fecec35dd04571415982c5e48\windows-amd64\native-platform.dll
0x00007ffc72350000 - 0x00007ffc72494000 	C:\Users\HP\.gradle\native\100fb08df4bc3b14c8652ba06237920a3bd2aa13389f12d3474272988ae205f9\windows-amd64\native-platform-file-events.dll
0x00007ffc98e00000 - 0x00007ffc98e0a000 	C:\Users\HP\.jdks\openjdk-23\bin\management.dll
0x00007ffc98ca0000 - 0x00007ffc98cab000 	C:\Users\HP\.jdks\openjdk-23\bin\management_ext.dll
0x00007ffcbbc50000 - 0x00007ffcbbc58000 	C:\Windows\System32\PSAPI.DLL
0x00007ffcb99d0000 - 0x00007ffcb99eb000 	C:\Windows\SYSTEM32\CRYPTSP.dll
0x00007ffcb9220000 - 0x00007ffcb9255000 	C:\Windows\system32\rsaenh.dll
0x00007ffcb9860000 - 0x00007ffcb9888000 	C:\Windows\SYSTEM32\USERENV.dll
0x00007ffcb99c0000 - 0x00007ffcb99cc000 	C:\Windows\SYSTEM32\CRYPTBASE.dll
0x00007ffcb8d00000 - 0x00007ffcb8d2d000 	C:\Windows\SYSTEM32\IPHLPAPI.DLL
0x00007ffcbc420000 - 0x00007ffcbc429000 	C:\Windows\System32\NSI.dll
0x00007ffc95a40000 - 0x00007ffc95a49000 	C:\Users\HP\.jdks\openjdk-23\bin\extnet.dll
0x00007ffc95a30000 - 0x00007ffc95a3e000 	C:\Users\HP\.jdks\openjdk-23\bin\sunmscapi.dll
0x00007ffcba450000 - 0x00007ffcba5b6000 	C:\Windows\System32\CRYPT32.dll
0x00007ffcb9b80000 - 0x00007ffcb9bad000 	C:\Windows\SYSTEM32\ncrypt.dll
0x00007ffcb9b40000 - 0x00007ffcb9b77000 	C:\Windows\SYSTEM32\NTASN1.dll
0x00007ffc49760000 - 0x00007ffc49768000 	C:\Windows\system32\wshunix.dll

dbghelp: loaded successfully - version: 4.0.5 - missing functions: none
symbol engine: initialized successfully - sym options: 0x614 - pdb path: .;C:\Users\HP\.jdks\openjdk-23\bin;C:\Windows\SYSTEM32;C:\Windows\WinSxS\amd64_microsoft.windows.common-controls_6595b64144ccf1df_6.0.22621.4391_none_2715d37f73803e96;C:\Users\HP\.jdks\openjdk-23\bin\server;C:\Users\HP\.gradle\native\c067742578af261105cb4f569cf0c3c89f3d7b1fecec35dd04571415982c5e48\windows-amd64;C:\Users\HP\.gradle\native\100fb08df4bc3b14c8652ba06237920a3bd2aa13389f12d3474272988ae205f9\windows-amd64

VM Arguments:
jvm_args: --add-opens=java.base/java.util=ALL-UNNAMED --add-opens=java.base/java.lang=ALL-UNNAMED --add-opens=java.base/java.lang.invoke=ALL-UNNAMED --add-opens=java.prefs/java.util.prefs=ALL-UNNAMED --add-exports=jdk.compiler/com.sun.tools.javac.api=ALL-UNNAMED --add-exports=jdk.compiler/com.sun.tools.javac.util=ALL-UNNAMED --add-opens=java.base/java.nio.charset=ALL-UNNAMED --add-opens=java.base/java.net=ALL-UNNAMED --add-opens=java.base/java.util.concurrent.atomic=ALL-UNNAMED -XX:MaxMetaspaceSize=384m -XX:+HeapDumpOnOutOfMemoryError -Xms256m -Xmx512m -Dfile.encoding=UTF-8 -Duser.country=US -Duser.language=en -Duser.variant -javaagent:C:\Users\HP\.gradle\wrapper\dists\gradle-8.10.2-bin\a04bxjujx95o3nb99gddekhwo\gradle-8.10.2\lib\agents\gradle-instrumentation-agent-8.10.2.jar 
java_command: org.gradle.launcher.daemon.bootstrap.GradleDaemon 8.10.2
java_class_path (initial): C:\Users\HP\.gradle\wrapper\dists\gradle-8.10.2-bin\a04bxjujx95o3nb99gddekhwo\gradle-8.10.2\lib\gradle-daemon-main-8.10.2.jar
Launcher Type: SUN_STANDARD

[Global flags]
     intx CICompilerCount                          = 4                                         {product} {ergonomic}
   size_t CompressedClassSpaceSize                 = 335544320                                 {product} {ergonomic}
     uint ConcGCThreads                            = 2                                         {product} {ergonomic}
     uint G1ConcRefinementThreads                  = 8                                         {product} {ergonomic}
   size_t G1HeapRegionSize                         = 1048576                                   {product} {ergonomic}
     bool HeapDumpOnOutOfMemoryError               = true                                   {manageable} {command line}
   size_t InitialHeapSize                          = 268435456                                 {product} {command line}
   size_t MarkStackSize                            = 4194304                                   {product} {ergonomic}
   size_t MarkStackSizeMax                         = 536870912                                 {product} {ergonomic}
   size_t MaxHeapSize                              = 536870912                                 {product} {command line}
   size_t MaxMetaspaceSize                         = 402653184                                 {product} {command line}
   size_t MaxNewSize                               = 321912832                                 {product} {ergonomic}
   size_t MinHeapDeltaBytes                        = 1048576                                   {product} {ergonomic}
   size_t MinHeapSize                              = 268435456                                 {product} {command line}
    uintx NonNMethodCodeHeapSize                   = 5832704                                {pd product} {ergonomic}
    uintx NonProfiledCodeHeapSize                  = 122945536                              {pd product} {ergonomic}
    uintx ProfiledCodeHeapSize                     = 122880000                              {pd product} {ergonomic}
    uintx ReservedCodeCacheSize                    = 251658240                              {pd product} {ergonomic}
     bool SegmentedCodeCache                       = true                                      {product} {ergonomic}
   size_t SoftMaxHeapSize                          = 536870912                              {manageable} {ergonomic}
     bool UseCompressedOops                        = true                           {product lp64_product} {ergonomic}
     bool UseG1GC                                  = true                                      {product} {ergonomic}
     bool UseLargePagesIndividualAllocation        = false                                  {pd product} {ergonomic}

Logging:
Log output configuration:
 #0: stdout all=warning uptime,level,tags foldmultilines=false
 #1: stderr all=off uptime,level,tags foldmultilines=false

Environment Variables:
PATH=C:\Windows\system32;C:\Windows;C:\Windows\System32\Wbem;C:\Windows\System32\WindowsPowerShell\v1.0\;C:\Windows\System32\OpenSSH\;D:\app_hoc\Git\cmd;C:\Program Files\nodejs\;C:\Users\HP\AppData\Local\Microsoft\WindowsApps;C:\Users\HP\AppData\Roaming\npm;C:\Program Files\nodejs\;
USERNAME=HP
OS=Windows_NT
PROCESSOR_IDENTIFIER=Intel64 Family 6 Model 140 Stepping 1, GenuineIntel
TMP=C:\Users\HP\AppData\Local\Temp
TEMP=C:\Users\HP\AppData\Local\Temp




Periodic native trim disabled

---------------  S Y S T E M  ---------------

OS:
 Windows 11 , 64 bit Build 22621 (10.0.22621.4391)
OS uptime: 0 days 5:50 hours
Hyper-V role detected

CPU: total 8 (initial active 8) (4 cores per cpu, 2 threads per core) family 6 model 140 stepping 1 microcode 0xac, cx8, cmov, fxsr, ht, mmx, 3dnowpref, sse, sse2, sse3, ssse3, sse4.1, sse4.2, popcnt, lzcnt, tsc, tscinvbit, avx, avx2, aes, erms, clmul, bmi1, bmi2, adx, avx512f, avx512dq, avx512cd, avx512bw, avx512vl, sha, fma, vzeroupper, avx512_vpopcntdq, avx512_vpclmulqdq, avx512_vaes, avx512_vnni, clflush, clflushopt, clwb, avx512_vbmi2, avx512_vbmi, hv, rdtscp, rdpid, fsrm, gfni, avx512_bitalg, f16c, cet_ibt, cet_ss, avx512_ifma
Processor Information for the first 8 processors :
  Max Mhz: 2803, Current Mhz: 2803, Mhz Limit: 2803

Memory: 4k page, system-wide physical 7957M (31M free)
TotalPageFile size 30391M (AvailPageFile size 16M)
current process WorkingSet (physical memory assigned to process): 82M, peak: 217M
current process commit charge ("private bytes"): 469M, peak: 472M

vm_info: OpenJDK 64-Bit Server VM (23+37-2369) for windows-amd64 JRE (23+37-2369), built on 2024-08-20T16:01:23Z with MS VC++ 17.6 (VS2022)

END.
