#
# There is insufficient memory for the Java Runtime Environment to continue.
# Native memory allocation (malloc) failed to allocate 65552 bytes. Error detail: Chunk::new
# Possible reasons:
#   The system is out of physical RAM or swap space
#   This process is running with CompressedOops enabled, and the Java Heap may be blocking the growth of the native heap
# Possible solutions:
#   Reduce memory load on the system
#   Increase physical memory or swap space
#   Check if swap backing store is full
#   Decrease Java heap size (-Xmx/-Xms)
#   Decrease number of Java threads
#   Decrease Java thread stack sizes (-Xss)
#   Set larger code cache with -XX:ReservedCodeCacheSize=
#   JVM is running with Unscaled Compressed Oops mode in which the Java heap is
#     placed in the first 4GB address space. The Java Heap base address is the
#     maximum limit for the native heap growth. Please use -XX:HeapBaseMinAddress
#     to set the Java Heap base and to place the Java Heap above 4GB virtual address.
# This output file may be truncated or incomplete.
#
#  Out of Memory Error (arena.cpp:149), pid=1468, tid=16800
#
# JRE version: OpenJDK Runtime Environment (23.0+37) (build 23+37-2369)
# Java VM: OpenJDK 64-Bit Server VM (23+37-2369, mixed mode, sharing, tiered, compressed oops, compressed class ptrs, g1 gc, windows-amd64)
# No core dump will be written. Minidumps are not enabled by default on client versions of Windows
#

---------------  S U M M A R Y ------------

Command Line: --add-opens=java.base/java.util=ALL-UNNAMED --add-opens=java.base/java.lang=ALL-UNNAMED --add-opens=java.base/java.lang.invoke=ALL-UNNAMED --add-opens=java.prefs/java.util.prefs=ALL-UNNAMED --add-exports=jdk.compiler/com.sun.tools.javac.api=ALL-UNNAMED --add-exports=jdk.compiler/com.sun.tools.javac.util=ALL-UNNAMED --add-opens=java.base/java.nio.charset=ALL-UNNAMED --add-opens=java.base/java.net=ALL-UNNAMED --add-opens=java.base/java.util.concurrent.atomic=ALL-UNNAMED -XX:MaxMetaspaceSize=384m -XX:+HeapDumpOnOutOfMemoryError -Xms256m -Xmx512m -Dfile.encoding=UTF-8 -Duser.country=US -Duser.language=en -Duser.variant -javaagent:C:\Users\HP\.gradle\wrapper\dists\gradle-8.10.2-bin\a04bxjujx95o3nb99gddekhwo\gradle-8.10.2\lib\agents\gradle-instrumentation-agent-8.10.2.jar org.gradle.launcher.daemon.bootstrap.GradleDaemon 8.10.2

Host: 11th Gen Intel(R) Core(TM) i7-1165G7 @ 2.80GHz, 8 cores, 7G,  Windows 11 , 64 bit Build 22621 (10.0.22621.4391)
Time: Tue Nov 19 16:11:19 2024 SE Asia Standard Time elapsed time: 567.119477 seconds (0d 0h 9m 27s)

---------------  T H R E A D  ---------------

Current thread (0x000001e64abfed90):  JavaThread "C2 CompilerThread0" daemon [_thread_in_native, id=16800, stack(0x000000e04bf00000,0x000000e04c000000) (1024K)]


Current CompileTask:
C2:567120 12329       4       org.gradle.internal.time.ExponentialBackoff::retryUntil (65 bytes)

Stack: [0x000000e04bf00000,0x000000e04c000000]
Native frames: (J=compiled Java code, j=interpreted, Vv=VM code, C=native code)
V  [jvm.dll+0x6e08a9]  (no source info available)
V  [jvm.dll+0x87da63]  (no source info available)
V  [jvm.dll+0x87feee]  (no source info available)
V  [jvm.dll+0x8805c3]  (no source info available)
V  [jvm.dll+0x27aee6]  (no source info available)
V  [jvm.dll+0xbc06f]  (no source info available)
V  [jvm.dll+0xbc45b]  (no source info available)
V  [jvm.dll+0xbbf1b]  (no source info available)
V  [jvm.dll+0x6bc92c]  (no source info available)
V  [jvm.dll+0x60743b]  (no source info available)
V  [jvm.dll+0x60669b]  (no source info available)
V  [jvm.dll+0x24ddf2]  (no source info available)
V  [jvm.dll+0x24671d]  (no source info available)
V  [jvm.dll+0x243d04]  (no source info available)
V  [jvm.dll+0x1c33a0]  (no source info available)
V  [jvm.dll+0x253cf1]  (no source info available)
V  [jvm.dll+0x251faa]  (no source info available)
V  [jvm.dll+0x3ee036]  (no source info available)
V  [jvm.dll+0x824f1b]  (no source info available)
V  [jvm.dll+0x6df055]  (no source info available)
C  [ucrtbase.dll+0x29333]  (no source info available)
C  [KERNEL32.DLL+0x1259d]  (no source info available)
C  [ntdll.dll+0x5af38]  (no source info available)

Lock stack of current Java thread (top to bottom):


---------------  P R O C E S S  ---------------

Threads class SMR info:
_java_thread_list=0x000001e666b9aaa0, length=65, elements={
0x000001e62d8452f0, 0x000001e64abf5c50, 0x000001e64abf79b0, 0x000001e64abf8700,
0x000001e64abf9450, 0x000001e64abfc3b0, 0x000001e64abfdf10, 0x000001e64abfed90,
0x000001e64ac0b120, 0x000001e64abd0950, 0x000001e6642b7a60, 0x000001e665b2a8a0,
0x000001e664dec6d0, 0x000001e664dedbd0, 0x000001e66505c230, 0x000001e664f2d6f0,
0x000001e664f2d060, 0x000001e664f2dd80, 0x000001e664f2e410, 0x000001e666bf63a0,
0x000001e666bf42d0, 0x000001e666bf4ff0, 0x000001e666bf1b70, 0x000001e666bf2f20,
0x000001e666bf3c40, 0x000001e666bf5680, 0x000001e66646e230, 0x000001e66646bad0,
0x000001e66646b440, 0x000001e667b92700, 0x000001e667b98970, 0x000001e664257530,
0x000001e6683234e0, 0x000001e66425c3f0, 0x000001e66425bd60, 0x000001e664255460,
0x000001e6642588e0, 0x000001e664259c90, 0x000001e664258f70, 0x000001e664255af0,
0x000001e664259600, 0x000001e66425a9b0, 0x000001e66425ca80, 0x000001e66425b6d0,
0x000001e66425a320, 0x000001e66425b040, 0x000001e664256810, 0x000001e668324890,
0x000001e668324200, 0x000001e668321410, 0x000001e6683255b0, 0x000001e668324f20,
0x000001e668327680, 0x000001e6683227c0, 0x000001e668321aa0, 0x000001e668322e50,
0x000001e6683206f0, 0x000001e668323b70, 0x000001e668320d80, 0x000001e668322130,
0x000001e6683262d0, 0x000001e668326ff0, 0x000001e667b95b80, 0x000001e667b92070,
0x000001e667b99690
}

Java Threads: ( => current thread )
  0x000001e62d8452f0 JavaThread "main"                              [_thread_blocked, id=10892, stack(0x000000e04b100000,0x000000e04b200000) (1024K)]
  0x000001e64abf5c50 JavaThread "Reference Handler"          daemon [_thread_blocked, id=7732, stack(0x000000e04b900000,0x000000e04ba00000) (1024K)]
  0x000001e64abf79b0 JavaThread "Finalizer"                  daemon [_thread_blocked, id=11964, stack(0x000000e04ba00000,0x000000e04bb00000) (1024K)]
  0x000001e64abf8700 JavaThread "Signal Dispatcher"          daemon [_thread_blocked, id=16660, stack(0x000000e04bb00000,0x000000e04bc00000) (1024K)]
  0x000001e64abf9450 JavaThread "Attach Listener"            daemon [_thread_blocked, id=14120, stack(0x000000e04bc00000,0x000000e04bd00000) (1024K)]
  0x000001e64abfc3b0 JavaThread "Service Thread"             daemon [_thread_blocked, id=14048, stack(0x000000e04bd00000,0x000000e04be00000) (1024K)]
  0x000001e64abfdf10 JavaThread "Monitor Deflation Thread"   daemon [_thread_blocked, id=11288, stack(0x000000e04be00000,0x000000e04bf00000) (1024K)]
=>0x000001e64abfed90 JavaThread "C2 CompilerThread0"         daemon [_thread_in_native, id=16800, stack(0x000000e04bf00000,0x000000e04c000000) (1024K)]
  0x000001e64ac0b120 JavaThread "C1 CompilerThread0"         daemon [_thread_blocked, id=10488, stack(0x000000e04c000000,0x000000e04c100000) (1024K)]
  0x000001e64abd0950 JavaThread "Common-Cleaner"             daemon [_thread_blocked, id=16292, stack(0x000000e04c100000,0x000000e04c200000) (1024K)]
  0x000001e6642b7a60 JavaThread "Notification Thread"        daemon [_thread_blocked, id=16504, stack(0x000000e04c200000,0x000000e04c300000) (1024K)]
  0x000001e665b2a8a0 JavaThread "Daemon health stats"               [_thread_blocked, id=14772, stack(0x000000e04c800000,0x000000e04c900000) (1024K)]
  0x000001e664dec6d0 JavaThread "Incoming local TCP Connector on port 54662"        [_thread_in_native, id=2380, stack(0x000000e04cb00000,0x000000e04cc00000) (1024K)]
  0x000001e664dedbd0 JavaThread "Daemon periodic checks"            [_thread_blocked, id=16460, stack(0x000000e04cc00000,0x000000e04cd00000) (1024K)]
  0x000001e66505c230 JavaThread "Daemon"                            [_thread_blocked, id=8396, stack(0x000000e04cd00000,0x000000e04ce00000) (1024K)]
  0x000001e664f2d6f0 JavaThread "Daemon worker"                     [_thread_blocked, id=13372, stack(0x000000e04d000000,0x000000e04d100000) (1024K)]
  0x000001e664f2d060 JavaThread "Cache worker for journal cache (C:\Users\HP\.gradle\caches\journal-1)"        [_thread_blocked, id=8808, stack(0x000000e04d400000,0x000000e04d500000) (1024K)]
  0x000001e664f2dd80 JavaThread "File lock request listener"        [_thread_in_native, id=164, stack(0x000000e04d500000,0x000000e04d600000) (1024K)]
  0x000001e664f2e410 JavaThread "Cache worker for file hash cache (C:\Users\HP\.gradle\caches\8.10.2\fileHashes)"        [_thread_blocked, id=14816, stack(0x000000e04d700000,0x000000e04d800000) (1024K)]
  0x000001e666bf63a0 JavaThread "File watcher server"        daemon [_thread_in_native, id=14924, stack(0x000000e04dd00000,0x000000e04de00000) (1024K)]
  0x000001e666bf42d0 JavaThread "File watcher consumer"      daemon [_thread_blocked, id=8484, stack(0x000000e04de00000,0x000000e04df00000) (1024K)]
  0x000001e666bf4ff0 JavaThread "Cache worker for file content cache (C:\Users\HP\.gradle\caches\8.10.2\fileContent)"        [_thread_blocked, id=12552, stack(0x000000e04e000000,0x000000e04e100000) (1024K)]
  0x000001e666bf1b70 JavaThread "jar transforms"                    [_thread_blocked, id=18296, stack(0x000000e04d800000,0x000000e04d900000) (1024K)]
  0x000001e666bf2f20 JavaThread "jar transforms Thread 2"           [_thread_blocked, id=17668, stack(0x000000e04e300000,0x000000e04e400000) (1024K)]
  0x000001e666bf3c40 JavaThread "jar transforms Thread 3"           [_thread_blocked, id=11688, stack(0x000000e04e400000,0x000000e04e500000) (1024K)]
  0x000001e666bf5680 JavaThread "jar transforms Thread 4"           [_thread_blocked, id=4420, stack(0x000000e04e500000,0x000000e04e600000) (1024K)]
  0x000001e66646e230 JavaThread "jar transforms Thread 5"           [_thread_blocked, id=12096, stack(0x000000e04e600000,0x000000e04e700000) (1024K)]
  0x000001e66646bad0 JavaThread "jar transforms Thread 6"           [_thread_blocked, id=15304, stack(0x000000e04e700000,0x000000e04e800000) (1024K)]
  0x000001e66646b440 JavaThread "jar transforms Thread 7"           [_thread_blocked, id=9728, stack(0x000000e04e800000,0x000000e04e900000) (1024K)]
  0x000001e667b92700 JavaThread "Memory manager"                    [_thread_blocked, id=1712, stack(0x000000e04fe00000,0x000000e04ff00000) (1024K)]
  0x000001e667b98970 JavaThread "jar transforms Thread 8"           [_thread_blocked, id=19168, stack(0x000000e04ff00000,0x000000e050000000) (1024K)]
  0x000001e664257530 JavaThread "Cache worker for Java compile cache (C:\Users\HP\.gradle\caches\8.10.2\javaCompile)"        [_thread_blocked, id=3076, stack(0x000000e04d900000,0x000000e04da00000) (1024K)]
  0x000001e6683234e0 JavaThread "File lock release action executor Thread 3"        [_thread_blocked, id=2116, stack(0x000000e054300000,0x000000e054400000) (1024K)]
  0x000001e66425c3f0 JavaThread "Handler for socket connection from /127.0.0.1:54662 to /127.0.0.1:54931"        [_thread_in_native, id=13376, stack(0x000000e04b000000,0x000000e04b100000) (1024K)]
  0x000001e66425bd60 JavaThread "Cancel handler"                    [_thread_blocked, id=12048, stack(0x000000e04ce00000,0x000000e04cf00000) (1024K)]
  0x000001e664255460 JavaThread "Asynchronous log dispatcher for DefaultDaemonConnection: socket connection from /127.0.0.1:54662 to /127.0.0.1:54931"        [_thread_blocked, id=3756, stack(0x000000e04cf00000,0x000000e04d000000) (1024K)]
  0x000001e6642588e0 JavaThread "Stdin handler"                     [_thread_blocked, id=21660, stack(0x000000e04d100000,0x000000e04d200000) (1024K)]
  0x000001e664259c90 JavaThread "Daemon client event forwarder"        [_thread_blocked, id=14712, stack(0x000000e04d200000,0x000000e04d300000) (1024K)]
  0x000001e664258f70 JavaThread "Cache worker for file hash cache (D:\quan_ly_toa_nha_van_phong\module_6_back_end\.gradle\8.10.2\fileHashes)"        [_thread_blocked, id=9068, stack(0x000000e04d300000,0x000000e04d400000) (1024K)]
  0x000001e664255af0 JavaThread "Cache worker for Build Output Cleanup Cache (D:\quan_ly_toa_nha_van_phong\module_6_back_end\.gradle\buildOutputCleanup)"        [_thread_blocked, id=20800, stack(0x000000e04db00000,0x000000e04dc00000) (1024K)]
  0x000001e664259600 JavaThread "Cache worker for checksums cache (D:\quan_ly_toa_nha_van_phong\module_6_back_end\.gradle\8.10.2\checksums)"        [_thread_blocked, id=12028, stack(0x000000e04dc00000,0x000000e04dd00000) (1024K)]
  0x000001e66425a9b0 JavaThread "Cache worker for cache directory md-rule (C:\Users\HP\.gradle\caches\8.10.2\md-rule)"        [_thread_blocked, id=2480, stack(0x000000e04df00000,0x000000e04e000000) (1024K)]
  0x000001e66425ca80 JavaThread "Cache worker for cache directory md-supplier (C:\Users\HP\.gradle\caches\8.10.2\md-supplier)"        [_thread_blocked, id=3188, stack(0x000000e04e100000,0x000000e04e200000) (1024K)]
  0x000001e66425b6d0 JavaThread "Unconstrained build operations"        [_thread_blocked, id=18860, stack(0x000000e04af00000,0x000000e04b000000) (1024K)]
  0x000001e66425a320 JavaThread "Unconstrained build operations Thread 2"        [_thread_blocked, id=23472, stack(0x000000e04d600000,0x000000e04d700000) (1024K)]
  0x000001e66425b040 JavaThread "Unconstrained build operations Thread 3"        [_thread_blocked, id=8344, stack(0x000000e04e200000,0x000000e04e300000) (1024K)]
  0x000001e664256810 JavaThread "Unconstrained build operations Thread 4"        [_thread_blocked, id=23156, stack(0x000000e04e900000,0x000000e04ea00000) (1024K)]
  0x000001e668324890 JavaThread "Unconstrained build operations Thread 5"        [_thread_blocked, id=23164, stack(0x000000e04ea00000,0x000000e04eb00000) (1024K)]
  0x000001e668324200 JavaThread "Unconstrained build operations Thread 6"        [_thread_blocked, id=19388, stack(0x000000e04eb00000,0x000000e04ec00000) (1024K)]
  0x000001e668321410 JavaThread "Unconstrained build operations Thread 7"        [_thread_blocked, id=23000, stack(0x000000e04ec00000,0x000000e04ed00000) (1024K)]
  0x000001e6683255b0 JavaThread "Unconstrained build operations Thread 8"        [_thread_blocked, id=25048, stack(0x000000e04ae00000,0x000000e04af00000) (1024K)]
  0x000001e668324f20 JavaThread "Unconstrained build operations Thread 9"        [_thread_blocked, id=17656, stack(0x000000e04ed00000,0x000000e04ee00000) (1024K)]
  0x000001e668327680 JavaThread "Unconstrained build operations Thread 10"        [_thread_blocked, id=25040, stack(0x000000e04ee00000,0x000000e04ef00000) (1024K)]
  0x000001e6683227c0 JavaThread "Unconstrained build operations Thread 11"        [_thread_blocked, id=24944, stack(0x000000e04ef00000,0x000000e04f000000) (1024K)]
  0x000001e668321aa0 JavaThread "Unconstrained build operations Thread 12"        [_thread_blocked, id=5712, stack(0x000000e04f000000,0x000000e04f100000) (1024K)]
  0x000001e668322e50 JavaThread "Unconstrained build operations Thread 13"        [_thread_blocked, id=21156, stack(0x000000e04f100000,0x000000e04f200000) (1024K)]
  0x000001e6683206f0 JavaThread "Unconstrained build operations Thread 14"        [_thread_blocked, id=21436, stack(0x000000e04f200000,0x000000e04f300000) (1024K)]
  0x000001e668323b70 JavaThread "ForkJoinPool.commonPool-worker-8" daemon [_thread_blocked, id=1952, stack(0x000000e04f300000,0x000000e04f400000) (1024K)]
  0x000001e668320d80 JavaThread "ForkJoinPool.commonPool-worker-9" daemon [_thread_blocked, id=8744, stack(0x000000e04f400000,0x000000e04f500000) (1024K)]
  0x000001e668322130 JavaThread "ForkJoinPool.commonPool-worker-10" daemon [_thread_blocked, id=23532, stack(0x000000e04f500000,0x000000e04f600000) (1024K)]
  0x000001e6683262d0 JavaThread "ForkJoinPool.commonPool-worker-11" daemon [_thread_blocked, id=23520, stack(0x000000e04f600000,0x000000e04f700000) (1024K)]
  0x000001e668326ff0 JavaThread "ForkJoinPool.commonPool-worker-12" daemon [_thread_blocked, id=18152, stack(0x000000e04f700000,0x000000e04f800000) (1024K)]
  0x000001e667b95b80 JavaThread "ForkJoinPool.commonPool-worker-13" daemon [_thread_blocked, id=23788, stack(0x000000e04f800000,0x000000e04f900000) (1024K)]
  0x000001e667b92070 JavaThread "ForkJoinPool.commonPool-worker-14" daemon [_thread_blocked, id=10360, stack(0x000000e04f900000,0x000000e04fa00000) (1024K)]
  0x000001e667b99690 JavaThread "Unconstrained build operations Thread 15"        [_thread_blocked, id=16688, stack(0x000000e04fa00000,0x000000e04fb00000) (1024K)]
Total: 65

Other Threads:
  0x000001e64abdc4d0 VMThread "VM Thread"                           [id=8400, stack(0x000000e04b800000,0x000000e04b900000) (1024K)]
  0x000001e64abcdef0 WatcherThread "VM Periodic Task Thread"        [id=1128, stack(0x000000e04b700000,0x000000e04b800000) (1024K)]
  0x000001e62fc48a10 WorkerThread "GC Thread#0"                     [id=14512, stack(0x000000e04b200000,0x000000e04b300000) (1024K)]
  0x000001e6644aad60 WorkerThread "GC Thread#1"                     [id=3168, stack(0x000000e04c300000,0x000000e04c400000) (1024K)]
  0x000001e66453c160 WorkerThread "GC Thread#2"                     [id=16196, stack(0x000000e04c400000,0x000000e04c500000) (1024K)]
  0x000001e66453c510 WorkerThread "GC Thread#3"                     [id=11340, stack(0x000000e04c500000,0x000000e04c600000) (1024K)]
  0x000001e664b8d6c0 WorkerThread "GC Thread#4"                     [id=13352, stack(0x000000e04c600000,0x000000e04c700000) (1024K)]
  0x000001e664b8da70 WorkerThread "GC Thread#5"                     [id=7820, stack(0x000000e04c700000,0x000000e04c800000) (1024K)]
  0x000001e665936fd0 WorkerThread "GC Thread#6"                     [id=3340, stack(0x000000e04c900000,0x000000e04ca00000) (1024K)]
  0x000001e665937730 WorkerThread "GC Thread#7"                     [id=2904, stack(0x000000e04ca00000,0x000000e04cb00000) (1024K)]
  0x000001e62fc4e900 ConcurrentGCThread "G1 Main Marker"            [id=1344, stack(0x000000e04b300000,0x000000e04b400000) (1024K)]
  0x000001e62fc4f2b0 WorkerThread "G1 Conc#0"                       [id=11076, stack(0x000000e04b400000,0x000000e04b500000) (1024K)]
  0x000001e666256380 WorkerThread "G1 Conc#1"                       [id=16876, stack(0x000000e04da00000,0x000000e04db00000) (1024K)]
  0x000001e62fcde950 ConcurrentGCThread "G1 Refine#0"               [id=1960, stack(0x000000e04b500000,0x000000e04b600000) (1024K)]
  0x000001e64aaa29d0 ConcurrentGCThread "G1 Service"                [id=17208, stack(0x000000e04b600000,0x000000e04b700000) (1024K)]
Total: 15

Threads with active compile tasks:
C2 CompilerThread0  567412 12329       4       org.gradle.internal.time.ExponentialBackoff::retryUntil (65 bytes)
Total: 1

VM state: not at safepoint (normal execution)

VM Mutex/Monitor currently owned by a thread: None

Heap address: 0x00000000e0000000, size: 512 MB, Compressed Oops mode: 32-bit

CDS archive(s) mapped at: [0x000001e64b000000-0x000001e64bd70000-0x000001e64bd70000), size 14090240, SharedBaseAddress: 0x000001e64b000000, ArchiveRelocationMode: 1.
Compressed class space mapped at: 0x000001e64c000000-0x000001e660000000, reserved size: 335544320
Narrow klass base: 0x000001e64b000000, Narrow klass shift: 0, Narrow klass range: 0x15000000

GC Precious Log:
 CardTable entry size: 512
 Card Set container configuration: InlinePtr #cards 5 size 8 Array Of Cards #cards 10 size 36 Howl #buckets 4 coarsen threshold 1843 Howl Bitmap #cards 512 size 80 coarsen threshold 460 Card regions per heap region 1 cards per card region 2048
 CPUs: 8 total, 8 available
 Memory: 7957M
 Large Page Support: Disabled
 NUMA Support: Disabled
 Compressed Oops: Enabled (32-bit)
 Heap Region Size: 1M
 Heap Min Capacity: 256M
 Heap Initial Capacity: 256M
 Heap Max Capacity: 512M
 Pre-touch: Disabled
 Parallel Workers: 8
 Concurrent Workers: 2
 Concurrent Refinement Workers: 8
 Periodic GC: Disabled

Heap:
 garbage-first heap   total reserved 524288K, committed 262144K, used 95668K [0x00000000e0000000, 0x0000000100000000)
  region size 1024K, 41 young (41984K), 4 survivors (4096K)
 Metaspace       used 63896K, committed 66048K, reserved 393216K
  class space    used 9395K, committed 10432K, reserved 327680K

Heap Regions: E=young(eden), S=young(survivor), O=old, HS=humongous(starts), HC=humongous(continues), CS=collection set, F=free, TAMS=top-at-mark-start, PB=parsable bottom
|   0|0x00000000e0000000, 0x00000000e0100000, 0x00000000e0100000|100%|HS|  |TAMS 0x00000000e0000000| PB 0x00000000e0000000| Complete |  0
|   1|0x00000000e0100000, 0x00000000e0200000, 0x00000000e0200000|100%|HC|  |TAMS 0x00000000e0100000| PB 0x00000000e0100000| Complete |  0
|   2|0x00000000e0200000, 0x00000000e0300000, 0x00000000e0300000|100%|HC|  |TAMS 0x00000000e0200000| PB 0x00000000e0200000| Complete |  0
|   3|0x00000000e0300000, 0x00000000e0400000, 0x00000000e0400000|100%|HC|  |TAMS 0x00000000e0300000| PB 0x00000000e0300000| Complete |  0
|   4|0x00000000e0400000, 0x00000000e0500000, 0x00000000e0500000|100%| O|  |TAMS 0x00000000e0400000| PB 0x00000000e0400000| Untracked |  0
|   5|0x00000000e0500000, 0x00000000e0600000, 0x00000000e0600000|100%| O|  |TAMS 0x00000000e0500000| PB 0x00000000e0500000| Untracked |  0
|   6|0x00000000e0600000, 0x00000000e0700000, 0x00000000e0700000|100%| O|  |TAMS 0x00000000e0600000| PB 0x00000000e0600000| Untracked |  0
|   7|0x00000000e0700000, 0x00000000e0800000, 0x00000000e0800000|100%| O|  |TAMS 0x00000000e0700000| PB 0x00000000e0700000| Untracked |  0
|   8|0x00000000e0800000, 0x00000000e0900000, 0x00000000e0900000|100%| O|  |TAMS 0x00000000e0800000| PB 0x00000000e0800000| Untracked |  0
|   9|0x00000000e0900000, 0x00000000e0a00000, 0x00000000e0a00000|100%| O|  |TAMS 0x00000000e0900000| PB 0x00000000e0900000| Untracked |  0
|  10|0x00000000e0a00000, 0x00000000e0b00000, 0x00000000e0b00000|100%|HS|  |TAMS 0x00000000e0a00000| PB 0x00000000e0a00000| Complete |  0
|  11|0x00000000e0b00000, 0x00000000e0c00000, 0x00000000e0c00000|100%| O|  |TAMS 0x00000000e0b00000| PB 0x00000000e0b00000| Untracked |  0
|  12|0x00000000e0c00000, 0x00000000e0d00000, 0x00000000e0d00000|100%| O|  |TAMS 0x00000000e0c00000| PB 0x00000000e0c00000| Untracked |  0
|  13|0x00000000e0d00000, 0x00000000e0e00000, 0x00000000e0e00000|100%| O|  |TAMS 0x00000000e0d00000| PB 0x00000000e0d00000| Untracked |  0
|  14|0x00000000e0e00000, 0x00000000e0f00000, 0x00000000e0f00000|100%| O|  |TAMS 0x00000000e0e00000| PB 0x00000000e0e00000| Untracked |  0
|  15|0x00000000e0f00000, 0x00000000e1000000, 0x00000000e1000000|100%| O|  |TAMS 0x00000000e0f00000| PB 0x00000000e0f00000| Untracked |  0
|  16|0x00000000e1000000, 0x00000000e1100000, 0x00000000e1100000|100%| O|  |TAMS 0x00000000e1000000| PB 0x00000000e1000000| Untracked |  0
|  17|0x00000000e1100000, 0x00000000e1200000, 0x00000000e1200000|100%| O|  |TAMS 0x00000000e1100000| PB 0x00000000e1100000| Untracked |  0
|  18|0x00000000e1200000, 0x00000000e1300000, 0x00000000e1300000|100%| O|  |TAMS 0x00000000e1200000| PB 0x00000000e1200000| Untracked |  0
|  19|0x00000000e1300000, 0x00000000e1400000, 0x00000000e1400000|100%| O|  |TAMS 0x00000000e1300000| PB 0x00000000e1300000| Untracked |  0
|  20|0x00000000e1400000, 0x00000000e1500000, 0x00000000e1500000|100%| O|  |TAMS 0x00000000e1400000| PB 0x00000000e1400000| Untracked |  0
|  21|0x00000000e1500000, 0x00000000e1600000, 0x00000000e1600000|100%| O|  |TAMS 0x00000000e1500000| PB 0x00000000e1500000| Untracked |  0
|  22|0x00000000e1600000, 0x00000000e1700000, 0x00000000e1700000|100%| O|  |TAMS 0x00000000e1600000| PB 0x00000000e1600000| Untracked |  0
|  23|0x00000000e1700000, 0x00000000e1800000, 0x00000000e1800000|100%| O|  |TAMS 0x00000000e1700000| PB 0x00000000e1700000| Untracked |  0
|  24|0x00000000e1800000, 0x00000000e1900000, 0x00000000e1900000|100%| O|  |TAMS 0x00000000e1800000| PB 0x00000000e1800000| Untracked |  0
|  25|0x00000000e1900000, 0x00000000e1a00000, 0x00000000e1a00000|100%| O|  |TAMS 0x00000000e1900000| PB 0x00000000e1900000| Untracked |  0
|  26|0x00000000e1a00000, 0x00000000e1b00000, 0x00000000e1b00000|100%| O|  |TAMS 0x00000000e1a00000| PB 0x00000000e1a00000| Untracked |  0
|  27|0x00000000e1b00000, 0x00000000e1c00000, 0x00000000e1c00000|100%| O|  |TAMS 0x00000000e1b00000| PB 0x00000000e1b00000| Untracked |  0
|  28|0x00000000e1c00000, 0x00000000e1d00000, 0x00000000e1d00000|100%| O|  |TAMS 0x00000000e1c00000| PB 0x00000000e1c00000| Untracked |  0
|  29|0x00000000e1d00000, 0x00000000e1d00000, 0x00000000e1e00000|  0%| F|  |TAMS 0x00000000e1d00000| PB 0x00000000e1d00000| Untracked |  0
|  30|0x00000000e1e00000, 0x00000000e1f00000, 0x00000000e1f00000|100%| O|  |TAMS 0x00000000e1e00000| PB 0x00000000e1e00000| Untracked |  0
|  31|0x00000000e1f00000, 0x00000000e2000000, 0x00000000e2000000|100%| O|  |TAMS 0x00000000e1f00000| PB 0x00000000e1f00000| Untracked |  0
|  32|0x00000000e2000000, 0x00000000e2100000, 0x00000000e2100000|100%| O|  |TAMS 0x00000000e2000000| PB 0x00000000e2000000| Untracked |  0
|  33|0x00000000e2100000, 0x00000000e2200000, 0x00000000e2200000|100%| O|  |TAMS 0x00000000e2100000| PB 0x00000000e2100000| Untracked |  0
|  34|0x00000000e2200000, 0x00000000e2300000, 0x00000000e2300000|100%| O|  |TAMS 0x00000000e2200000| PB 0x00000000e2200000| Untracked |  0
|  35|0x00000000e2300000, 0x00000000e2400000, 0x00000000e2400000|100%| O|  |TAMS 0x00000000e2300000| PB 0x00000000e2300000| Untracked |  0
|  36|0x00000000e2400000, 0x00000000e2500000, 0x00000000e2500000|100%| O|  |TAMS 0x00000000e2400000| PB 0x00000000e2400000| Untracked |  0
|  37|0x00000000e2500000, 0x00000000e2600000, 0x00000000e2600000|100%| O|  |TAMS 0x00000000e2500000| PB 0x00000000e2500000| Untracked |  0
|  38|0x00000000e2600000, 0x00000000e2700000, 0x00000000e2700000|100%| O|  |TAMS 0x00000000e2600000| PB 0x00000000e2600000| Untracked |  0
|  39|0x00000000e2700000, 0x00000000e2800000, 0x00000000e2800000|100%| O|  |TAMS 0x00000000e2700000| PB 0x00000000e2700000| Untracked |  0
|  40|0x00000000e2800000, 0x00000000e2900000, 0x00000000e2900000|100%| O|  |TAMS 0x00000000e2800000| PB 0x00000000e2800000| Untracked |  0
|  41|0x00000000e2900000, 0x00000000e2a00000, 0x00000000e2a00000|100%| O|  |TAMS 0x00000000e2900000| PB 0x00000000e2900000| Untracked |  0
|  42|0x00000000e2a00000, 0x00000000e2b00000, 0x00000000e2b00000|100%| O|  |TAMS 0x00000000e2a00000| PB 0x00000000e2a00000| Untracked |  0
|  43|0x00000000e2b00000, 0x00000000e2c00000, 0x00000000e2c00000|100%| O|  |TAMS 0x00000000e2b00000| PB 0x00000000e2b00000| Untracked |  0
|  44|0x00000000e2c00000, 0x00000000e2d00000, 0x00000000e2d00000|100%| O|  |TAMS 0x00000000e2c00000| PB 0x00000000e2c00000| Untracked |  0
|  45|0x00000000e2d00000, 0x00000000e2e00000, 0x00000000e2e00000|100%| O|  |TAMS 0x00000000e2d00000| PB 0x00000000e2d00000| Untracked |  0
|  46|0x00000000e2e00000, 0x00000000e2f00000, 0x00000000e2f00000|100%| O|  |TAMS 0x00000000e2e00000| PB 0x00000000e2e00000| Untracked |  0
|  47|0x00000000e2f00000, 0x00000000e3000000, 0x00000000e3000000|100%| O|  |TAMS 0x00000000e2f00000| PB 0x00000000e2f00000| Untracked |  0
|  48|0x00000000e3000000, 0x00000000e3100000, 0x00000000e3100000|100%| O|  |TAMS 0x00000000e3000000| PB 0x00000000e3000000| Untracked |  0
|  49|0x00000000e3100000, 0x00000000e3200000, 0x00000000e3200000|100%| O|  |TAMS 0x00000000e3100000| PB 0x00000000e3100000| Untracked |  0
|  50|0x00000000e3200000, 0x00000000e3300000, 0x00000000e3300000|100%| O|  |TAMS 0x00000000e3200000| PB 0x00000000e3200000| Untracked |  0
|  51|0x00000000e3300000, 0x00000000e3400000, 0x00000000e3400000|100%| O|  |TAMS 0x00000000e3300000| PB 0x00000000e3300000| Untracked |  0
|  52|0x00000000e3400000, 0x00000000e3500000, 0x00000000e3500000|100%| O|  |TAMS 0x00000000e3400000| PB 0x00000000e3400000| Untracked |  0
|  53|0x00000000e3500000, 0x00000000e3600000, 0x00000000e3600000|100%| O|  |TAMS 0x00000000e3500000| PB 0x00000000e3500000| Untracked |  0
|  54|0x00000000e3600000, 0x00000000e3700000, 0x00000000e3700000|100%| O|  |TAMS 0x00000000e3600000| PB 0x00000000e3600000| Untracked |  0
|  55|0x00000000e3700000, 0x00000000e37b5ff8, 0x00000000e3800000| 71%| O|  |TAMS 0x00000000e3700000| PB 0x00000000e3700000| Untracked |  0
|  56|0x00000000e3800000, 0x00000000e3800000, 0x00000000e3900000|  0%| F|  |TAMS 0x00000000e3800000| PB 0x00000000e3800000| Untracked |  0
|  57|0x00000000e3900000, 0x00000000e3900000, 0x00000000e3a00000|  0%| F|  |TAMS 0x00000000e3900000| PB 0x00000000e3900000| Untracked |  0
|  58|0x00000000e3a00000, 0x00000000e3a00000, 0x00000000e3b00000|  0%| F|  |TAMS 0x00000000e3a00000| PB 0x00000000e3a00000| Untracked |  0
|  59|0x00000000e3b00000, 0x00000000e3b00000, 0x00000000e3c00000|  0%| F|  |TAMS 0x00000000e3b00000| PB 0x00000000e3b00000| Untracked |  0
|  60|0x00000000e3c00000, 0x00000000e3c00000, 0x00000000e3d00000|  0%| F|  |TAMS 0x00000000e3c00000| PB 0x00000000e3c00000| Untracked |  0
|  61|0x00000000e3d00000, 0x00000000e3d00000, 0x00000000e3e00000|  0%| F|  |TAMS 0x00000000e3d00000| PB 0x00000000e3d00000| Untracked |  0
|  62|0x00000000e3e00000, 0x00000000e3e00000, 0x00000000e3f00000|  0%| F|  |TAMS 0x00000000e3e00000| PB 0x00000000e3e00000| Untracked |  0
|  63|0x00000000e3f00000, 0x00000000e3f00000, 0x00000000e4000000|  0%| F|  |TAMS 0x00000000e3f00000| PB 0x00000000e3f00000| Untracked |  0
|  64|0x00000000e4000000, 0x00000000e4000000, 0x00000000e4100000|  0%| F|  |TAMS 0x00000000e4000000| PB 0x00000000e4000000| Untracked |  0
|  65|0x00000000e4100000, 0x00000000e4100000, 0x00000000e4200000|  0%| F|  |TAMS 0x00000000e4100000| PB 0x00000000e4100000| Untracked |  0
|  66|0x00000000e4200000, 0x00000000e4200000, 0x00000000e4300000|  0%| F|  |TAMS 0x00000000e4200000| PB 0x00000000e4200000| Untracked |  0
|  67|0x00000000e4300000, 0x00000000e4300000, 0x00000000e4400000|  0%| F|  |TAMS 0x00000000e4300000| PB 0x00000000e4300000| Untracked |  0
|  68|0x00000000e4400000, 0x00000000e4400000, 0x00000000e4500000|  0%| F|  |TAMS 0x00000000e4400000| PB 0x00000000e4400000| Untracked |  0
|  69|0x00000000e4500000, 0x00000000e4500000, 0x00000000e4600000|  0%| F|  |TAMS 0x00000000e4500000| PB 0x00000000e4500000| Untracked |  0
|  70|0x00000000e4600000, 0x00000000e4600000, 0x00000000e4700000|  0%| F|  |TAMS 0x00000000e4600000| PB 0x00000000e4600000| Untracked |  0
|  71|0x00000000e4700000, 0x00000000e4700000, 0x00000000e4800000|  0%| F|  |TAMS 0x00000000e4700000| PB 0x00000000e4700000| Untracked |  0
|  72|0x00000000e4800000, 0x00000000e4800000, 0x00000000e4900000|  0%| F|  |TAMS 0x00000000e4800000| PB 0x00000000e4800000| Untracked |  0
|  73|0x00000000e4900000, 0x00000000e4900000, 0x00000000e4a00000|  0%| F|  |TAMS 0x00000000e4900000| PB 0x00000000e4900000| Untracked |  0
|  74|0x00000000e4a00000, 0x00000000e4a00000, 0x00000000e4b00000|  0%| F|  |TAMS 0x00000000e4a00000| PB 0x00000000e4a00000| Untracked |  0
|  75|0x00000000e4b00000, 0x00000000e4b00000, 0x00000000e4c00000|  0%| F|  |TAMS 0x00000000e4b00000| PB 0x00000000e4b00000| Untracked |  0
|  76|0x00000000e4c00000, 0x00000000e4c00000, 0x00000000e4d00000|  0%| F|  |TAMS 0x00000000e4c00000| PB 0x00000000e4c00000| Untracked |  0
|  77|0x00000000e4d00000, 0x00000000e4d00000, 0x00000000e4e00000|  0%| F|  |TAMS 0x00000000e4d00000| PB 0x00000000e4d00000| Untracked |  0
|  78|0x00000000e4e00000, 0x00000000e4e00000, 0x00000000e4f00000|  0%| F|  |TAMS 0x00000000e4e00000| PB 0x00000000e4e00000| Untracked |  0
|  79|0x00000000e4f00000, 0x00000000e4f00000, 0x00000000e5000000|  0%| F|  |TAMS 0x00000000e4f00000| PB 0x00000000e4f00000| Untracked |  0
|  80|0x00000000e5000000, 0x00000000e5000000, 0x00000000e5100000|  0%| F|  |TAMS 0x00000000e5000000| PB 0x00000000e5000000| Untracked |  0
|  81|0x00000000e5100000, 0x00000000e5100000, 0x00000000e5200000|  0%| F|  |TAMS 0x00000000e5100000| PB 0x00000000e5100000| Untracked |  0
|  82|0x00000000e5200000, 0x00000000e5200000, 0x00000000e5300000|  0%| F|  |TAMS 0x00000000e5200000| PB 0x00000000e5200000| Untracked |  0
|  83|0x00000000e5300000, 0x00000000e5300000, 0x00000000e5400000|  0%| F|  |TAMS 0x00000000e5300000| PB 0x00000000e5300000| Untracked |  0
|  84|0x00000000e5400000, 0x00000000e5400000, 0x00000000e5500000|  0%| F|  |TAMS 0x00000000e5400000| PB 0x00000000e5400000| Untracked |  0
|  85|0x00000000e5500000, 0x00000000e5500000, 0x00000000e5600000|  0%| F|  |TAMS 0x00000000e5500000| PB 0x00000000e5500000| Untracked |  0
|  86|0x00000000e5600000, 0x00000000e5600000, 0x00000000e5700000|  0%| F|  |TAMS 0x00000000e5600000| PB 0x00000000e5600000| Untracked |  0
|  87|0x00000000e5700000, 0x00000000e5700000, 0x00000000e5800000|  0%| F|  |TAMS 0x00000000e5700000| PB 0x00000000e5700000| Untracked |  0
|  88|0x00000000e5800000, 0x00000000e5800000, 0x00000000e5900000|  0%| F|  |TAMS 0x00000000e5800000| PB 0x00000000e5800000| Untracked |  0
|  89|0x00000000e5900000, 0x00000000e5900000, 0x00000000e5a00000|  0%| F|  |TAMS 0x00000000e5900000| PB 0x00000000e5900000| Untracked |  0
|  90|0x00000000e5a00000, 0x00000000e5a00000, 0x00000000e5b00000|  0%| F|  |TAMS 0x00000000e5a00000| PB 0x00000000e5a00000| Untracked |  0
|  91|0x00000000e5b00000, 0x00000000e5b00000, 0x00000000e5c00000|  0%| F|  |TAMS 0x00000000e5b00000| PB 0x00000000e5b00000| Untracked |  0
|  92|0x00000000e5c00000, 0x00000000e5c00000, 0x00000000e5d00000|  0%| F|  |TAMS 0x00000000e5c00000| PB 0x00000000e5c00000| Untracked |  0
|  93|0x00000000e5d00000, 0x00000000e5d00000, 0x00000000e5e00000|  0%| F|  |TAMS 0x00000000e5d00000| PB 0x00000000e5d00000| Untracked |  0
|  94|0x00000000e5e00000, 0x00000000e5e00000, 0x00000000e5f00000|  0%| F|  |TAMS 0x00000000e5e00000| PB 0x00000000e5e00000| Untracked |  0
|  95|0x00000000e5f00000, 0x00000000e5f00000, 0x00000000e6000000|  0%| F|  |TAMS 0x00000000e5f00000| PB 0x00000000e5f00000| Untracked |  0
|  96|0x00000000e6000000, 0x00000000e6000000, 0x00000000e6100000|  0%| F|  |TAMS 0x00000000e6000000| PB 0x00000000e6000000| Untracked |  0
|  97|0x00000000e6100000, 0x00000000e6100000, 0x00000000e6200000|  0%| F|  |TAMS 0x00000000e6100000| PB 0x00000000e6100000| Untracked |  0
|  98|0x00000000e6200000, 0x00000000e6200000, 0x00000000e6300000|  0%| F|  |TAMS 0x00000000e6200000| PB 0x00000000e6200000| Untracked |  0
|  99|0x00000000e6300000, 0x00000000e6300000, 0x00000000e6400000|  0%| F|  |TAMS 0x00000000e6300000| PB 0x00000000e6300000| Untracked |  0
| 100|0x00000000e6400000, 0x00000000e6400000, 0x00000000e6500000|  0%| F|  |TAMS 0x00000000e6400000| PB 0x00000000e6400000| Untracked |  0
| 101|0x00000000e6500000, 0x00000000e6500000, 0x00000000e6600000|  0%| F|  |TAMS 0x00000000e6500000| PB 0x00000000e6500000| Untracked |  0
| 102|0x00000000e6600000, 0x00000000e6600000, 0x00000000e6700000|  0%| F|  |TAMS 0x00000000e6600000| PB 0x00000000e6600000| Untracked |  0
| 103|0x00000000e6700000, 0x00000000e6700000, 0x00000000e6800000|  0%| F|  |TAMS 0x00000000e6700000| PB 0x00000000e6700000| Untracked |  0
| 104|0x00000000e6800000, 0x00000000e6800000, 0x00000000e6900000|  0%| F|  |TAMS 0x00000000e6800000| PB 0x00000000e6800000| Untracked |  0
| 105|0x00000000e6900000, 0x00000000e6900000, 0x00000000e6a00000|  0%| F|  |TAMS 0x00000000e6900000| PB 0x00000000e6900000| Untracked |  0
| 106|0x00000000e6a00000, 0x00000000e6a00000, 0x00000000e6b00000|  0%| F|  |TAMS 0x00000000e6a00000| PB 0x00000000e6a00000| Untracked |  0
| 107|0x00000000e6b00000, 0x00000000e6b00000, 0x00000000e6c00000|  0%| F|  |TAMS 0x00000000e6b00000| PB 0x00000000e6b00000| Untracked |  0
| 108|0x00000000e6c00000, 0x00000000e6c00000, 0x00000000e6d00000|  0%| F|  |TAMS 0x00000000e6c00000| PB 0x00000000e6c00000| Untracked |  0
| 109|0x00000000e6d00000, 0x00000000e6d00000, 0x00000000e6e00000|  0%| F|  |TAMS 0x00000000e6d00000| PB 0x00000000e6d00000| Untracked |  0
| 110|0x00000000e6e00000, 0x00000000e6e00000, 0x00000000e6f00000|  0%| F|  |TAMS 0x00000000e6e00000| PB 0x00000000e6e00000| Untracked |  0
| 111|0x00000000e6f00000, 0x00000000e6f00000, 0x00000000e7000000|  0%| F|  |TAMS 0x00000000e6f00000| PB 0x00000000e6f00000| Untracked |  0
| 112|0x00000000e7000000, 0x00000000e7000000, 0x00000000e7100000|  0%| F|  |TAMS 0x00000000e7000000| PB 0x00000000e7000000| Untracked |  0
| 113|0x00000000e7100000, 0x00000000e7100000, 0x00000000e7200000|  0%| F|  |TAMS 0x00000000e7100000| PB 0x00000000e7100000| Untracked |  0
| 114|0x00000000e7200000, 0x00000000e7200000, 0x00000000e7300000|  0%| F|  |TAMS 0x00000000e7200000| PB 0x00000000e7200000| Untracked |  0
| 115|0x00000000e7300000, 0x00000000e7300000, 0x00000000e7400000|  0%| F|  |TAMS 0x00000000e7300000| PB 0x00000000e7300000| Untracked |  0
| 116|0x00000000e7400000, 0x00000000e7400000, 0x00000000e7500000|  0%| F|  |TAMS 0x00000000e7400000| PB 0x00000000e7400000| Untracked |  0
| 117|0x00000000e7500000, 0x00000000e7500000, 0x00000000e7600000|  0%| F|  |TAMS 0x00000000e7500000| PB 0x00000000e7500000| Untracked |  0
| 118|0x00000000e7600000, 0x00000000e7600000, 0x00000000e7700000|  0%| F|  |TAMS 0x00000000e7600000| PB 0x00000000e7600000| Untracked |  0
| 119|0x00000000e7700000, 0x00000000e7700000, 0x00000000e7800000|  0%| F|  |TAMS 0x00000000e7700000| PB 0x00000000e7700000| Untracked |  0
| 120|0x00000000e7800000, 0x00000000e7800000, 0x00000000e7900000|  0%| F|  |TAMS 0x00000000e7800000| PB 0x00000000e7800000| Untracked |  0
| 121|0x00000000e7900000, 0x00000000e7900000, 0x00000000e7a00000|  0%| F|  |TAMS 0x00000000e7900000| PB 0x00000000e7900000| Untracked |  0
| 122|0x00000000e7a00000, 0x00000000e7a00000, 0x00000000e7b00000|  0%| F|  |TAMS 0x00000000e7a00000| PB 0x00000000e7a00000| Untracked |  0
| 123|0x00000000e7b00000, 0x00000000e7b00000, 0x00000000e7c00000|  0%| F|  |TAMS 0x00000000e7b00000| PB 0x00000000e7b00000| Untracked |  0
| 124|0x00000000e7c00000, 0x00000000e7c00000, 0x00000000e7d00000|  0%| F|  |TAMS 0x00000000e7c00000| PB 0x00000000e7c00000| Untracked |  0
| 125|0x00000000e7d00000, 0x00000000e7d00000, 0x00000000e7e00000|  0%| F|  |TAMS 0x00000000e7d00000| PB 0x00000000e7d00000| Untracked |  0
| 126|0x00000000e7e00000, 0x00000000e7e00000, 0x00000000e7f00000|  0%| F|  |TAMS 0x00000000e7e00000| PB 0x00000000e7e00000| Untracked |  0
| 127|0x00000000e7f00000, 0x00000000e7f00000, 0x00000000e8000000|  0%| F|  |TAMS 0x00000000e7f00000| PB 0x00000000e7f00000| Untracked |  0
| 128|0x00000000e8000000, 0x00000000e8000000, 0x00000000e8100000|  0%| F|  |TAMS 0x00000000e8000000| PB 0x00000000e8000000| Untracked |  0
| 129|0x00000000e8100000, 0x00000000e8100000, 0x00000000e8200000|  0%| F|  |TAMS 0x00000000e8100000| PB 0x00000000e8100000| Untracked |  0
| 130|0x00000000e8200000, 0x00000000e8200000, 0x00000000e8300000|  0%| F|  |TAMS 0x00000000e8200000| PB 0x00000000e8200000| Untracked |  0
| 131|0x00000000e8300000, 0x00000000e8300000, 0x00000000e8400000|  0%| F|  |TAMS 0x00000000e8300000| PB 0x00000000e8300000| Untracked |  0
| 132|0x00000000e8400000, 0x00000000e8400000, 0x00000000e8500000|  0%| F|  |TAMS 0x00000000e8400000| PB 0x00000000e8400000| Untracked |  0
| 133|0x00000000e8500000, 0x00000000e8500000, 0x00000000e8600000|  0%| F|  |TAMS 0x00000000e8500000| PB 0x00000000e8500000| Untracked |  0
| 134|0x00000000e8600000, 0x00000000e8600000, 0x00000000e8700000|  0%| F|  |TAMS 0x00000000e8600000| PB 0x00000000e8600000| Untracked |  0
| 135|0x00000000e8700000, 0x00000000e8700000, 0x00000000e8800000|  0%| F|  |TAMS 0x00000000e8700000| PB 0x00000000e8700000| Untracked |  0
| 136|0x00000000e8800000, 0x00000000e8800000, 0x00000000e8900000|  0%| F|  |TAMS 0x00000000e8800000| PB 0x00000000e8800000| Untracked |  0
| 137|0x00000000e8900000, 0x00000000e8900000, 0x00000000e8a00000|  0%| F|  |TAMS 0x00000000e8900000| PB 0x00000000e8900000| Untracked |  0
| 138|0x00000000e8a00000, 0x00000000e8a00000, 0x00000000e8b00000|  0%| F|  |TAMS 0x00000000e8a00000| PB 0x00000000e8a00000| Untracked |  0
| 139|0x00000000e8b00000, 0x00000000e8b00000, 0x00000000e8c00000|  0%| F|  |TAMS 0x00000000e8b00000| PB 0x00000000e8b00000| Untracked |  0
| 140|0x00000000e8c00000, 0x00000000e8c00000, 0x00000000e8d00000|  0%| F|  |TAMS 0x00000000e8c00000| PB 0x00000000e8c00000| Untracked |  0
| 141|0x00000000e8d00000, 0x00000000e8d00000, 0x00000000e8e00000|  0%| F|  |TAMS 0x00000000e8d00000| PB 0x00000000e8d00000| Untracked |  0
| 142|0x00000000e8e00000, 0x00000000e8e00000, 0x00000000e8f00000|  0%| F|  |TAMS 0x00000000e8e00000| PB 0x00000000e8e00000| Untracked |  0
| 143|0x00000000e8f00000, 0x00000000e8f00000, 0x00000000e9000000|  0%| F|  |TAMS 0x00000000e8f00000| PB 0x00000000e8f00000| Untracked |  0
| 144|0x00000000e9000000, 0x00000000e9000000, 0x00000000e9100000|  0%| F|  |TAMS 0x00000000e9000000| PB 0x00000000e9000000| Untracked |  0
| 145|0x00000000e9100000, 0x00000000e9100000, 0x00000000e9200000|  0%| F|  |TAMS 0x00000000e9100000| PB 0x00000000e9100000| Untracked |  0
| 146|0x00000000e9200000, 0x00000000e9200000, 0x00000000e9300000|  0%| F|  |TAMS 0x00000000e9200000| PB 0x00000000e9200000| Untracked |  0
| 147|0x00000000e9300000, 0x00000000e9300000, 0x00000000e9400000|  0%| F|  |TAMS 0x00000000e9300000| PB 0x00000000e9300000| Untracked |  0
| 148|0x00000000e9400000, 0x00000000e9400000, 0x00000000e9500000|  0%| F|  |TAMS 0x00000000e9400000| PB 0x00000000e9400000| Untracked |  0
| 149|0x00000000e9500000, 0x00000000e9500000, 0x00000000e9600000|  0%| F|  |TAMS 0x00000000e9500000| PB 0x00000000e9500000| Untracked |  0
| 150|0x00000000e9600000, 0x00000000e9600000, 0x00000000e9700000|  0%| F|  |TAMS 0x00000000e9600000| PB 0x00000000e9600000| Untracked |  0
| 151|0x00000000e9700000, 0x00000000e9700000, 0x00000000e9800000|  0%| F|  |TAMS 0x00000000e9700000| PB 0x00000000e9700000| Untracked |  0
| 152|0x00000000e9800000, 0x00000000e9800000, 0x00000000e9900000|  0%| F|  |TAMS 0x00000000e9800000| PB 0x00000000e9800000| Untracked |  0
| 153|0x00000000e9900000, 0x00000000e9900000, 0x00000000e9a00000|  0%| F|  |TAMS 0x00000000e9900000| PB 0x00000000e9900000| Untracked |  0
| 154|0x00000000e9a00000, 0x00000000e9a00000, 0x00000000e9b00000|  0%| F|  |TAMS 0x00000000e9a00000| PB 0x00000000e9a00000| Untracked |  0
| 155|0x00000000e9b00000, 0x00000000e9b00000, 0x00000000e9c00000|  0%| F|  |TAMS 0x00000000e9b00000| PB 0x00000000e9b00000| Untracked |  0
| 156|0x00000000e9c00000, 0x00000000e9c00000, 0x00000000e9d00000|  0%| F|  |TAMS 0x00000000e9c00000| PB 0x00000000e9c00000| Untracked |  0
| 157|0x00000000e9d00000, 0x00000000e9d00000, 0x00000000e9e00000|  0%| F|  |TAMS 0x00000000e9d00000| PB 0x00000000e9d00000| Untracked |  0
| 158|0x00000000e9e00000, 0x00000000e9e00000, 0x00000000e9f00000|  0%| F|  |TAMS 0x00000000e9e00000| PB 0x00000000e9e00000| Untracked |  0
| 159|0x00000000e9f00000, 0x00000000e9f00000, 0x00000000ea000000|  0%| F|  |TAMS 0x00000000e9f00000| PB 0x00000000e9f00000| Untracked |  0
| 160|0x00000000ea000000, 0x00000000ea000000, 0x00000000ea100000|  0%| F|  |TAMS 0x00000000ea000000| PB 0x00000000ea000000| Untracked |  0
| 161|0x00000000ea100000, 0x00000000ea100000, 0x00000000ea200000|  0%| F|  |TAMS 0x00000000ea100000| PB 0x00000000ea100000| Untracked |  0
| 162|0x00000000ea200000, 0x00000000ea200000, 0x00000000ea300000|  0%| F|  |TAMS 0x00000000ea200000| PB 0x00000000ea200000| Untracked |  0
| 163|0x00000000ea300000, 0x00000000ea300000, 0x00000000ea400000|  0%| F|  |TAMS 0x00000000ea300000| PB 0x00000000ea300000| Untracked |  0
| 164|0x00000000ea400000, 0x00000000ea400000, 0x00000000ea500000|  0%| F|  |TAMS 0x00000000ea400000| PB 0x00000000ea400000| Untracked |  0
| 165|0x00000000ea500000, 0x00000000ea500000, 0x00000000ea600000|  0%| F|  |TAMS 0x00000000ea500000| PB 0x00000000ea500000| Untracked |  0
| 166|0x00000000ea600000, 0x00000000ea600000, 0x00000000ea700000|  0%| F|  |TAMS 0x00000000ea600000| PB 0x00000000ea600000| Untracked |  0
| 167|0x00000000ea700000, 0x00000000ea700000, 0x00000000ea800000|  0%| F|  |TAMS 0x00000000ea700000| PB 0x00000000ea700000| Untracked |  0
| 168|0x00000000ea800000, 0x00000000ea800000, 0x00000000ea900000|  0%| F|  |TAMS 0x00000000ea800000| PB 0x00000000ea800000| Untracked |  0
| 169|0x00000000ea900000, 0x00000000ea900000, 0x00000000eaa00000|  0%| F|  |TAMS 0x00000000ea900000| PB 0x00000000ea900000| Untracked |  0
| 170|0x00000000eaa00000, 0x00000000eaa00000, 0x00000000eab00000|  0%| F|  |TAMS 0x00000000eaa00000| PB 0x00000000eaa00000| Untracked |  0
| 171|0x00000000eab00000, 0x00000000eab00000, 0x00000000eac00000|  0%| F|  |TAMS 0x00000000eab00000| PB 0x00000000eab00000| Untracked |  0
| 172|0x00000000eac00000, 0x00000000eac00000, 0x00000000ead00000|  0%| F|  |TAMS 0x00000000eac00000| PB 0x00000000eac00000| Untracked |  0
| 173|0x00000000ead00000, 0x00000000ead00000, 0x00000000eae00000|  0%| F|  |TAMS 0x00000000ead00000| PB 0x00000000ead00000| Untracked |  0
| 174|0x00000000eae00000, 0x00000000eae00000, 0x00000000eaf00000|  0%| F|  |TAMS 0x00000000eae00000| PB 0x00000000eae00000| Untracked |  0
| 175|0x00000000eaf00000, 0x00000000eaf00000, 0x00000000eb000000|  0%| F|  |TAMS 0x00000000eaf00000| PB 0x00000000eaf00000| Untracked |  0
| 176|0x00000000eb000000, 0x00000000eb000000, 0x00000000eb100000|  0%| F|  |TAMS 0x00000000eb000000| PB 0x00000000eb000000| Untracked |  0
| 177|0x00000000eb100000, 0x00000000eb100000, 0x00000000eb200000|  0%| F|  |TAMS 0x00000000eb100000| PB 0x00000000eb100000| Untracked |  0
| 178|0x00000000eb200000, 0x00000000eb200000, 0x00000000eb300000|  0%| F|  |TAMS 0x00000000eb200000| PB 0x00000000eb200000| Untracked |  0
| 179|0x00000000eb300000, 0x00000000eb300000, 0x00000000eb400000|  0%| F|  |TAMS 0x00000000eb300000| PB 0x00000000eb300000| Untracked |  0
| 180|0x00000000eb400000, 0x00000000eb400000, 0x00000000eb500000|  0%| F|  |TAMS 0x00000000eb400000| PB 0x00000000eb400000| Untracked |  0
| 181|0x00000000eb500000, 0x00000000eb500000, 0x00000000eb600000|  0%| F|  |TAMS 0x00000000eb500000| PB 0x00000000eb500000| Untracked |  0
| 182|0x00000000eb600000, 0x00000000eb600000, 0x00000000eb700000|  0%| F|  |TAMS 0x00000000eb600000| PB 0x00000000eb600000| Untracked |  0
| 183|0x00000000eb700000, 0x00000000eb7b7080, 0x00000000eb800000| 71%| S|CS|TAMS 0x00000000eb700000| PB 0x00000000eb700000| Complete |  0
| 184|0x00000000eb800000, 0x00000000eb900000, 0x00000000eb900000|100%| S|CS|TAMS 0x00000000eb800000| PB 0x00000000eb800000| Complete |  0
| 185|0x00000000eb900000, 0x00000000eba00000, 0x00000000eba00000|100%| S|CS|TAMS 0x00000000eb900000| PB 0x00000000eb900000| Complete |  0
| 186|0x00000000eba00000, 0x00000000ebb00000, 0x00000000ebb00000|100%| S|CS|TAMS 0x00000000eba00000| PB 0x00000000eba00000| Complete |  0
| 187|0x00000000ebb00000, 0x00000000ebb00000, 0x00000000ebc00000|  0%| F|  |TAMS 0x00000000ebb00000| PB 0x00000000ebb00000| Untracked |  0
| 188|0x00000000ebc00000, 0x00000000ebc00000, 0x00000000ebd00000|  0%| F|  |TAMS 0x00000000ebc00000| PB 0x00000000ebc00000| Untracked |  0
| 189|0x00000000ebd00000, 0x00000000ebd00000, 0x00000000ebe00000|  0%| F|  |TAMS 0x00000000ebd00000| PB 0x00000000ebd00000| Untracked |  0
| 190|0x00000000ebe00000, 0x00000000ebe00000, 0x00000000ebf00000|  0%| F|  |TAMS 0x00000000ebe00000| PB 0x00000000ebe00000| Untracked |  0
| 191|0x00000000ebf00000, 0x00000000ebf00000, 0x00000000ec000000|  0%| F|  |TAMS 0x00000000ebf00000| PB 0x00000000ebf00000| Untracked |  0
| 192|0x00000000ec000000, 0x00000000ec000000, 0x00000000ec100000|  0%| F|  |TAMS 0x00000000ec000000| PB 0x00000000ec000000| Untracked |  0
| 193|0x00000000ec100000, 0x00000000ec100000, 0x00000000ec200000|  0%| F|  |TAMS 0x00000000ec100000| PB 0x00000000ec100000| Untracked |  0
| 194|0x00000000ec200000, 0x00000000ec200000, 0x00000000ec300000|  0%| F|  |TAMS 0x00000000ec200000| PB 0x00000000ec200000| Untracked |  0
| 195|0x00000000ec300000, 0x00000000ec300000, 0x00000000ec400000|  0%| F|  |TAMS 0x00000000ec300000| PB 0x00000000ec300000| Untracked |  0
| 196|0x00000000ec400000, 0x00000000ec400000, 0x00000000ec500000|  0%| F|  |TAMS 0x00000000ec400000| PB 0x00000000ec400000| Untracked |  0
| 197|0x00000000ec500000, 0x00000000ec500000, 0x00000000ec600000|  0%| F|  |TAMS 0x00000000ec500000| PB 0x00000000ec500000| Untracked |  0
| 198|0x00000000ec600000, 0x00000000ec600000, 0x00000000ec700000|  0%| F|  |TAMS 0x00000000ec600000| PB 0x00000000ec600000| Untracked |  0
| 199|0x00000000ec700000, 0x00000000ec700000, 0x00000000ec800000|  0%| F|  |TAMS 0x00000000ec700000| PB 0x00000000ec700000| Untracked |  0
| 200|0x00000000ec800000, 0x00000000ec800000, 0x00000000ec900000|  0%| F|  |TAMS 0x00000000ec800000| PB 0x00000000ec800000| Untracked |  0
| 201|0x00000000ec900000, 0x00000000ec900000, 0x00000000eca00000|  0%| F|  |TAMS 0x00000000ec900000| PB 0x00000000ec900000| Untracked |  0
| 202|0x00000000eca00000, 0x00000000eca00000, 0x00000000ecb00000|  0%| F|  |TAMS 0x00000000eca00000| PB 0x00000000eca00000| Untracked |  0
| 203|0x00000000ecb00000, 0x00000000ecb00000, 0x00000000ecc00000|  0%| F|  |TAMS 0x00000000ecb00000| PB 0x00000000ecb00000| Untracked |  0
| 204|0x00000000ecc00000, 0x00000000ecc00000, 0x00000000ecd00000|  0%| F|  |TAMS 0x00000000ecc00000| PB 0x00000000ecc00000| Untracked |  0
| 205|0x00000000ecd00000, 0x00000000ecd00000, 0x00000000ece00000|  0%| F|  |TAMS 0x00000000ecd00000| PB 0x00000000ecd00000| Untracked |  0
| 206|0x00000000ece00000, 0x00000000ece00000, 0x00000000ecf00000|  0%| F|  |TAMS 0x00000000ece00000| PB 0x00000000ece00000| Untracked |  0
| 207|0x00000000ecf00000, 0x00000000ecf00000, 0x00000000ed000000|  0%| F|  |TAMS 0x00000000ecf00000| PB 0x00000000ecf00000| Untracked |  0
| 208|0x00000000ed000000, 0x00000000ed000000, 0x00000000ed100000|  0%| F|  |TAMS 0x00000000ed000000| PB 0x00000000ed000000| Untracked |  0
| 209|0x00000000ed100000, 0x00000000ed100000, 0x00000000ed200000|  0%| F|  |TAMS 0x00000000ed100000| PB 0x00000000ed100000| Untracked |  0
| 210|0x00000000ed200000, 0x00000000ed200000, 0x00000000ed300000|  0%| F|  |TAMS 0x00000000ed200000| PB 0x00000000ed200000| Untracked |  0
| 211|0x00000000ed300000, 0x00000000ed300000, 0x00000000ed400000|  0%| F|  |TAMS 0x00000000ed300000| PB 0x00000000ed300000| Untracked |  0
| 212|0x00000000ed400000, 0x00000000ed400000, 0x00000000ed500000|  0%| F|  |TAMS 0x00000000ed400000| PB 0x00000000ed400000| Untracked |  0
| 213|0x00000000ed500000, 0x00000000ed500000, 0x00000000ed600000|  0%| F|  |TAMS 0x00000000ed500000| PB 0x00000000ed500000| Untracked |  0
| 214|0x00000000ed600000, 0x00000000ed600000, 0x00000000ed700000|  0%| F|  |TAMS 0x00000000ed600000| PB 0x00000000ed600000| Untracked |  0
| 215|0x00000000ed700000, 0x00000000ed700000, 0x00000000ed800000|  0%| F|  |TAMS 0x00000000ed700000| PB 0x00000000ed700000| Untracked |  0
| 216|0x00000000ed800000, 0x00000000ed800000, 0x00000000ed900000|  0%| F|  |TAMS 0x00000000ed800000| PB 0x00000000ed800000| Untracked |  0
| 217|0x00000000ed900000, 0x00000000ed900000, 0x00000000eda00000|  0%| F|  |TAMS 0x00000000ed900000| PB 0x00000000ed900000| Untracked |  0
| 218|0x00000000eda00000, 0x00000000eda00000, 0x00000000edb00000|  0%| F|  |TAMS 0x00000000eda00000| PB 0x00000000eda00000| Untracked |  0
| 219|0x00000000edb00000, 0x00000000edb9c398, 0x00000000edc00000| 61%| E|  |TAMS 0x00000000edb00000| PB 0x00000000edb00000| Complete |  0
| 220|0x00000000edc00000, 0x00000000edd00000, 0x00000000edd00000|100%| E|CS|TAMS 0x00000000edc00000| PB 0x00000000edc00000| Complete |  0
| 221|0x00000000edd00000, 0x00000000ede00000, 0x00000000ede00000|100%| E|CS|TAMS 0x00000000edd00000| PB 0x00000000edd00000| Complete |  0
| 222|0x00000000ede00000, 0x00000000edf00000, 0x00000000edf00000|100%| E|CS|TAMS 0x00000000ede00000| PB 0x00000000ede00000| Complete |  0
| 223|0x00000000edf00000, 0x00000000ee000000, 0x00000000ee000000|100%| E|CS|TAMS 0x00000000edf00000| PB 0x00000000edf00000| Complete |  0
| 224|0x00000000ee000000, 0x00000000ee100000, 0x00000000ee100000|100%| E|CS|TAMS 0x00000000ee000000| PB 0x00000000ee000000| Complete |  0
| 225|0x00000000ee100000, 0x00000000ee200000, 0x00000000ee200000|100%| E|CS|TAMS 0x00000000ee100000| PB 0x00000000ee100000| Complete |  0
| 226|0x00000000ee200000, 0x00000000ee300000, 0x00000000ee300000|100%| E|CS|TAMS 0x00000000ee200000| PB 0x00000000ee200000| Complete |  0
| 227|0x00000000ee300000, 0x00000000ee400000, 0x00000000ee400000|100%| E|CS|TAMS 0x00000000ee300000| PB 0x00000000ee300000| Complete |  0
| 228|0x00000000ee400000, 0x00000000ee500000, 0x00000000ee500000|100%| E|CS|TAMS 0x00000000ee400000| PB 0x00000000ee400000| Complete |  0
| 229|0x00000000ee500000, 0x00000000ee600000, 0x00000000ee600000|100%| E|CS|TAMS 0x00000000ee500000| PB 0x00000000ee500000| Complete |  0
| 230|0x00000000ee600000, 0x00000000ee700000, 0x00000000ee700000|100%| E|CS|TAMS 0x00000000ee600000| PB 0x00000000ee600000| Complete |  0
| 231|0x00000000ee700000, 0x00000000ee800000, 0x00000000ee800000|100%| E|CS|TAMS 0x00000000ee700000| PB 0x00000000ee700000| Complete |  0
| 232|0x00000000ee800000, 0x00000000ee900000, 0x00000000ee900000|100%| E|CS|TAMS 0x00000000ee800000| PB 0x00000000ee800000| Complete |  0
| 233|0x00000000ee900000, 0x00000000eea00000, 0x00000000eea00000|100%| E|CS|TAMS 0x00000000ee900000| PB 0x00000000ee900000| Complete |  0
| 234|0x00000000eea00000, 0x00000000eeb00000, 0x00000000eeb00000|100%| E|CS|TAMS 0x00000000eea00000| PB 0x00000000eea00000| Complete |  0
| 235|0x00000000eeb00000, 0x00000000eec00000, 0x00000000eec00000|100%| E|  |TAMS 0x00000000eeb00000| PB 0x00000000eeb00000| Complete |  0
| 236|0x00000000eec00000, 0x00000000eed00000, 0x00000000eed00000|100%| E|CS|TAMS 0x00000000eec00000| PB 0x00000000eec00000| Complete |  0
| 237|0x00000000eed00000, 0x00000000eee00000, 0x00000000eee00000|100%| E|CS|TAMS 0x00000000eed00000| PB 0x00000000eed00000| Complete |  0
| 238|0x00000000eee00000, 0x00000000eef00000, 0x00000000eef00000|100%| E|CS|TAMS 0x00000000eee00000| PB 0x00000000eee00000| Complete |  0
| 239|0x00000000eef00000, 0x00000000ef000000, 0x00000000ef000000|100%| E|CS|TAMS 0x00000000eef00000| PB 0x00000000eef00000| Complete |  0
| 240|0x00000000ef000000, 0x00000000ef100000, 0x00000000ef100000|100%| E|CS|TAMS 0x00000000ef000000| PB 0x00000000ef000000| Complete |  0
| 241|0x00000000ef100000, 0x00000000ef200000, 0x00000000ef200000|100%| E|CS|TAMS 0x00000000ef100000| PB 0x00000000ef100000| Complete |  0
| 242|0x00000000ef200000, 0x00000000ef300000, 0x00000000ef300000|100%| E|CS|TAMS 0x00000000ef200000| PB 0x00000000ef200000| Complete |  0
| 243|0x00000000ef300000, 0x00000000ef400000, 0x00000000ef400000|100%| E|CS|TAMS 0x00000000ef300000| PB 0x00000000ef300000| Complete |  0
| 244|0x00000000ef400000, 0x00000000ef500000, 0x00000000ef500000|100%| E|CS|TAMS 0x00000000ef400000| PB 0x00000000ef400000| Complete |  0
| 245|0x00000000ef500000, 0x00000000ef600000, 0x00000000ef600000|100%| E|CS|TAMS 0x00000000ef500000| PB 0x00000000ef500000| Complete |  0
| 246|0x00000000ef600000, 0x00000000ef700000, 0x00000000ef700000|100%| E|CS|TAMS 0x00000000ef600000| PB 0x00000000ef600000| Complete |  0
| 247|0x00000000ef700000, 0x00000000ef800000, 0x00000000ef800000|100%| E|CS|TAMS 0x00000000ef700000| PB 0x00000000ef700000| Complete |  0
| 248|0x00000000ef800000, 0x00000000ef900000, 0x00000000ef900000|100%| E|CS|TAMS 0x00000000ef800000| PB 0x00000000ef800000| Complete |  0
| 249|0x00000000ef900000, 0x00000000efa00000, 0x00000000efa00000|100%| E|CS|TAMS 0x00000000ef900000| PB 0x00000000ef900000| Complete |  0
| 250|0x00000000efa00000, 0x00000000efb00000, 0x00000000efb00000|100%| E|CS|TAMS 0x00000000efa00000| PB 0x00000000efa00000| Complete |  0
| 251|0x00000000efb00000, 0x00000000efc00000, 0x00000000efc00000|100%| E|CS|TAMS 0x00000000efb00000| PB 0x00000000efb00000| Complete |  0
| 252|0x00000000efc00000, 0x00000000efd00000, 0x00000000efd00000|100%| E|CS|TAMS 0x00000000efc00000| PB 0x00000000efc00000| Complete |  0
| 253|0x00000000efd00000, 0x00000000efe00000, 0x00000000efe00000|100%| E|CS|TAMS 0x00000000efd00000| PB 0x00000000efd00000| Complete |  0
| 254|0x00000000efe00000, 0x00000000eff00000, 0x00000000eff00000|100%| E|CS|TAMS 0x00000000efe00000| PB 0x00000000efe00000| Complete |  0
| 255|0x00000000eff00000, 0x00000000f0000000, 0x00000000f0000000|100%| E|CS|TAMS 0x00000000eff00000| PB 0x00000000eff00000| Complete |  0

Card table byte_map: [0x000001e647890000,0x000001e647990000] _byte_map_base: 0x000001e647190000

Marking Bits: (CMBitMap*) 0x000001e62fc48fc0
 Bits: [0x000001e647990000, 0x000001e648190000)

Polling page: 0x000001e62da90000

Metaspace:

Usage:
  Non-class:     53.22 MB used.
      Class:      9.17 MB used.
       Both:     62.40 MB used.

Virtual space:
  Non-class space:       64.00 MB reserved,      54.31 MB ( 85%) committed,  1 nodes.
      Class space:      320.00 MB reserved,      10.19 MB (  3%) committed,  1 nodes.
             Both:      384.00 MB reserved,      64.50 MB ( 17%) committed. 

Chunk freelists:
   Non-Class:  9.16 MB
       Class:  5.67 MB
        Both:  14.83 MB

MaxMetaspaceSize: 384.00 MB
CompressedClassSpaceSize: 320.00 MB
Initial GC threshold: 21.00 MB
Current GC threshold: 98.25 MB
CDS: on
 - commit_granule_bytes: 65536.
 - commit_granule_words: 8192.
 - virtual_space_node_default_size: 8388608.
 - enlarge_chunks_in_place: 1.
 - use_allocation_guard: 0.


Internal statistics:

num_allocs_failed_limit: 9.
num_arena_births: 3750.
num_arena_deaths: 0.
num_vsnodes_births: 2.
num_vsnodes_deaths: 0.
num_space_committed: 1032.
num_space_uncommitted: 0.
num_chunks_returned_to_freelist: 9.
num_chunks_taken_from_freelist: 6766.
num_chunk_merges: 9.
num_chunk_splits: 4341.
num_chunks_enlarged: 2651.
num_inconsistent_stats: 0.

CodeHeap 'non-profiled nmethods': size=120064Kb used=5370Kb max_used=5370Kb free=114693Kb
 bounds [0x000001e63fe10000, 0x000001e640350000, 0x000001e647350000]
CodeHeap 'profiled nmethods': size=120000Kb used=17842Kb max_used=17842Kb free=102157Kb
 bounds [0x000001e638350000, 0x000001e6394c0000, 0x000001e63f880000]
CodeHeap 'non-nmethods': size=5696Kb used=2971Kb max_used=3019Kb free=2725Kb
 bounds [0x000001e63f880000, 0x000001e63fb80000, 0x000001e63fe10000]
CodeCache: size=245760Kb, used=26183Kb, max_used=26231Kb, free=219575Kb
 total_blobs=12460, nmethods=11554, adapters=811, full_count=0
Compilation: enabled, stopped_count=0, restarted_count=0

Compilation events (20 events):
Event: 563.038 Thread 0x000001e64ac0b120 nmethod 12319 0x000001e6394b8208 code [0x000001e6394b85e0, 0x000001e6394baa30]
Event: 563.281 Thread 0x000001e64ac0b120 12320       3       java.lang.ThreadLocal::get (8 bytes)
Event: 563.282 Thread 0x000001e64ac0b120 nmethod 12320 0x000001e6394bac88 code [0x000001e6394bada0, 0x000001e6394baef8]
Event: 563.365 Thread 0x000001e64ac0b120 12321       3       java.lang.invoke.DirectMethodHandle$Holder::invokeVirtual (15 bytes)
Event: 563.367 Thread 0x000001e64ac0b120 nmethod 12321 0x000001e6394baf88 code [0x000001e6394bb0c0, 0x000001e6394bb598]
Event: 563.753 Thread 0x000001e64ac0b120 12322       3       java.io.RandomAccessFile::setLength (6 bytes)
Event: 563.757 Thread 0x000001e64ac0b120 nmethod 12322 0x000001e6394bb608 code [0x000001e6394bb720, 0x000001e6394bb858]
Event: 564.162 Thread 0x000001e64ac0b120 12323       3       org.gradle.internal.component.model.AbstractComponentGraphResolveState$AbstractVariantGraphResolveState::getVariantResult (23 bytes)
Event: 564.167 Thread 0x000001e64ac0b120 nmethod 12323 0x000001e6394bb908 code [0x000001e6394bba60, 0x000001e6394bbdb0]
Event: 564.278 Thread 0x000001e64ac0b120 12324       1       org.gradle.api.internal.artifacts.ivyservice.DefaultLenientConfiguration::getImplicitSelectionSpec (5 bytes)
Event: 564.279 Thread 0x000001e64ac0b120 nmethod 12324 0x000001e64034e388 code [0x000001e64034e4a0, 0x000001e64034e568]
Event: 564.385 Thread 0x000001e64ac0b120 12325       1       org.gradle.api.internal.artifacts.ivyservice.ArtifactCollectingVisitor::getArtifacts (5 bytes)
Event: 564.387 Thread 0x000001e64ac0b120 nmethod 12325 0x000001e64034e688 code [0x000001e64034e7a0, 0x000001e64034e868]
Event: 564.387 Thread 0x000001e64ac0b120 12326       3       org.gradle.api.internal.artifacts.configurations.DefaultConfiguration$ProperMethodUsage$2::isDeprecated (7 bytes)
Event: 564.391 Thread 0x000001e64ac0b120 nmethod 12326 0x000001e6394bbe08 code [0x000001e6394bbf20, 0x000001e6394bc0f8]
Event: 564.532 Thread 0x000001e64ac0b120 12327       3       sun.nio.ch.FileKey::create (15 bytes)
Event: 564.534 Thread 0x000001e64ac0b120 nmethod 12327 0x000001e6394bc188 code [0x000001e6394bc2c0, 0x000001e6394bc508]
Event: 564.534 Thread 0x000001e64ac0b120 12328       3       sun.nio.ch.FileKey::<init> (5 bytes)
Event: 564.534 Thread 0x000001e64ac0b120 nmethod 12328 0x000001e6394bc588 code [0x000001e6394bc6a0, 0x000001e6394bc808]
Event: 566.740 Thread 0x000001e64abfed90 12329       4       org.gradle.internal.time.ExponentialBackoff::retryUntil (65 bytes)

GC Heap History (20 events):
Event: 7.188 GC heap before
{Heap before GC invocations=1 (full 0):
 garbage-first heap   total reserved 524288K, committed 262144K, used 32399K [0x00000000e0000000, 0x0000000100000000)
  region size 1024K, 25 young (25600K), 3 survivors (3072K)
 Metaspace       used 4629K, committed 4800K, reserved 393216K
  class space    used 596K, committed 704K, reserved 327680K
}
Event: 7.192 GC heap after
{Heap after GC invocations=2 (full 0):
 garbage-first heap   total reserved 524288K, committed 262144K, used 11582K [0x00000000e0000000, 0x0000000100000000)
  region size 1024K, 2 young (2048K), 2 survivors (2048K)
 Metaspace       used 4629K, committed 4800K, reserved 393216K
  class space    used 596K, committed 704K, reserved 327680K
}
Event: 10.188 GC heap before
{Heap before GC invocations=2 (full 0):
 garbage-first heap   total reserved 524288K, committed 262144K, used 69950K [0x00000000e0000000, 0x0000000100000000)
  region size 1024K, 58 young (59392K), 2 survivors (2048K)
 Metaspace       used 7327K, committed 7680K, reserved 393216K
  class space    used 985K, committed 1152K, reserved 327680K
}
Event: 10.196 GC heap after
{Heap after GC invocations=3 (full 0):
 garbage-first heap   total reserved 524288K, committed 262144K, used 18832K [0x00000000e0000000, 0x0000000100000000)
  region size 1024K, 8 young (8192K), 8 survivors (8192K)
 Metaspace       used 7327K, committed 7680K, reserved 393216K
  class space    used 985K, committed 1152K, reserved 327680K
}
Event: 14.670 GC heap before
{Heap before GC invocations=3 (full 0):
 garbage-first heap   total reserved 524288K, committed 262144K, used 80272K [0x00000000e0000000, 0x0000000100000000)
  region size 1024K, 68 young (69632K), 8 survivors (8192K)
 Metaspace       used 18266K, committed 18752K, reserved 393216K
  class space    used 2656K, committed 2880K, reserved 327680K
}
Event: 14.681 GC heap after
{Heap after GC invocations=4 (full 0):
 garbage-first heap   total reserved 524288K, committed 262144K, used 23259K [0x00000000e0000000, 0x0000000100000000)
  region size 1024K, 5 young (5120K), 5 survivors (5120K)
 Metaspace       used 18266K, committed 18752K, reserved 393216K
  class space    used 2656K, committed 2880K, reserved 327680K
}
Event: 15.518 GC heap before
{Heap before GC invocations=4 (full 0):
 garbage-first heap   total reserved 524288K, committed 262144K, used 43739K [0x00000000e0000000, 0x0000000100000000)
  region size 1024K, 26 young (26624K), 5 survivors (5120K)
 Metaspace       used 20834K, committed 21504K, reserved 393216K
  class space    used 3085K, committed 3392K, reserved 327680K
}
Event: 15.524 GC heap after
{Heap after GC invocations=5 (full 0):
 garbage-first heap   total reserved 524288K, committed 262144K, used 24556K [0x00000000e0000000, 0x0000000100000000)
  region size 1024K, 6 young (6144K), 6 survivors (6144K)
 Metaspace       used 20834K, committed 21504K, reserved 393216K
  class space    used 3085K, committed 3392K, reserved 327680K
}
Event: 32.628 GC heap before
{Heap before GC invocations=6 (full 0):
 garbage-first heap   total reserved 524288K, committed 262144K, used 122860K [0x00000000e0000000, 0x0000000100000000)
  region size 1024K, 103 young (105472K), 6 survivors (6144K)
 Metaspace       used 34833K, committed 36096K, reserved 393216K
  class space    used 5237K, committed 5824K, reserved 327680K
}
Event: 32.642 GC heap after
{Heap after GC invocations=7 (full 0):
 garbage-first heap   total reserved 524288K, committed 262144K, used 31285K [0x00000000e0000000, 0x0000000100000000)
  region size 1024K, 13 young (13312K), 13 survivors (13312K)
 Metaspace       used 34833K, committed 36096K, reserved 393216K
  class space    used 5237K, committed 5824K, reserved 327680K
}
Event: 40.609 GC heap before
{Heap before GC invocations=8 (full 0):
 garbage-first heap   total reserved 524288K, committed 262144K, used 164405K [0x00000000e0000000, 0x0000000100000000)
  region size 1024K, 137 young (140288K), 13 survivors (13312K)
 Metaspace       used 48059K, committed 49792K, reserved 393216K
  class space    used 7097K, committed 7936K, reserved 327680K
}
Event: 40.627 GC heap after
{Heap after GC invocations=9 (full 0):
 garbage-first heap   total reserved 524288K, committed 262144K, used 39382K [0x00000000e0000000, 0x0000000100000000)
  region size 1024K, 17 young (17408K), 17 survivors (17408K)
 Metaspace       used 48059K, committed 49792K, reserved 393216K
  class space    used 7097K, committed 7936K, reserved 327680K
}
Event: 62.333 GC heap before
{Heap before GC invocations=9 (full 0):
 garbage-first heap   total reserved 524288K, committed 262144K, used 170454K [0x00000000e0000000, 0x0000000100000000)
  region size 1024K, 145 young (148480K), 17 survivors (17408K)
 Metaspace       used 57673K, committed 59648K, reserved 393216K
  class space    used 8551K, committed 9472K, reserved 327680K
}
Event: 62.372 GC heap after
{Heap after GC invocations=10 (full 0):
 garbage-first heap   total reserved 524288K, committed 262144K, used 48964K [0x00000000e0000000, 0x0000000100000000)
  region size 1024K, 19 young (19456K), 19 survivors (19456K)
 Metaspace       used 57673K, committed 59648K, reserved 393216K
  class space    used 8551K, committed 9472K, reserved 327680K
}
Event: 65.618 GC heap before
{Heap before GC invocations=10 (full 0):
 garbage-first heap   total reserved 524288K, committed 262144K, used 76612K [0x00000000e0000000, 0x0000000100000000)
  region size 1024K, 47 young (48128K), 19 survivors (19456K)
 Metaspace       used 58366K, committed 60288K, reserved 393216K
  class space    used 8590K, committed 9536K, reserved 327680K
}
Event: 65.660 GC heap after
{Heap after GC invocations=11 (full 0):
 garbage-first heap   total reserved 524288K, committed 262144K, used 51600K [0x00000000e0000000, 0x0000000100000000)
  region size 1024K, 4 young (4096K), 4 survivors (4096K)
 Metaspace       used 58366K, committed 60288K, reserved 393216K
  class space    used 8590K, committed 9536K, reserved 327680K
}
Event: 155.598 GC heap before
{Heap before GC invocations=12 (full 0):
 garbage-first heap   total reserved 524288K, committed 262144K, used 192912K [0x00000000e0000000, 0x0000000100000000)
  region size 1024K, 143 young (146432K), 4 survivors (4096K)
 Metaspace       used 60828K, committed 62912K, reserved 393216K
  class space    used 8887K, committed 9920K, reserved 327680K
}
Event: 155.834 GC heap after
{Heap after GC invocations=13 (full 0):
 garbage-first heap   total reserved 524288K, committed 262144K, used 56885K [0x00000000e0000000, 0x0000000100000000)
  region size 1024K, 9 young (9216K), 9 survivors (9216K)
 Metaspace       used 60828K, committed 62912K, reserved 393216K
  class space    used 8887K, committed 9920K, reserved 327680K
}
Event: 408.190 GC heap before
{Heap before GC invocations=13 (full 0):
 garbage-first heap   total reserved 524288K, committed 262144K, used 126517K [0x00000000e0000000, 0x0000000100000000)
  region size 1024K, 78 young (79872K), 9 survivors (9216K)
 Metaspace       used 63752K, committed 65920K, reserved 393216K
  class space    used 9393K, committed 10432K, reserved 327680K
}
Event: 409.107 GC heap after
{Heap after GC invocations=14 (full 0):
 garbage-first heap   total reserved 524288K, committed 262144K, used 59828K [0x00000000e0000000, 0x0000000100000000)
  region size 1024K, 4 young (4096K), 4 survivors (4096K)
 Metaspace       used 63752K, committed 65920K, reserved 393216K
  class space    used 9393K, committed 10432K, reserved 327680K
}

Dll operation events (15 events):
Event: 0.099 Loaded shared library C:\Users\HP\.jdks\openjdk-23\bin\java.dll
Event: 0.350 Loaded shared library C:\Users\HP\.jdks\openjdk-23\bin\jsvml.dll
Event: 0.581 Loaded shared library C:\Users\HP\.jdks\openjdk-23\bin\zip.dll
Event: 0.594 Loaded shared library C:\Users\HP\.jdks\openjdk-23\bin\instrument.dll
Event: 0.646 Loaded shared library C:\Users\HP\.jdks\openjdk-23\bin\net.dll
Event: 0.663 Loaded shared library C:\Users\HP\.jdks\openjdk-23\bin\nio.dll
Event: 0.669 Loaded shared library C:\Users\HP\.jdks\openjdk-23\bin\zip.dll
Event: 3.235 Loaded shared library C:\Users\HP\.jdks\openjdk-23\bin\jimage.dll
Event: 4.697 Loaded shared library C:\Users\HP\.jdks\openjdk-23\bin\verify.dll
Event: 5.815 Loaded shared library C:\Users\HP\.gradle\native\c067742578af261105cb4f569cf0c3c89f3d7b1fecec35dd04571415982c5e48\windows-amd64\native-platform.dll
Event: 5.855 Loaded shared library C:\Users\HP\.gradle\native\100fb08df4bc3b14c8652ba06237920a3bd2aa13389f12d3474272988ae205f9\windows-amd64\native-platform-file-events.dll
Event: 9.914 Loaded shared library C:\Users\HP\.jdks\openjdk-23\bin\management.dll
Event: 9.930 Loaded shared library C:\Users\HP\.jdks\openjdk-23\bin\management_ext.dll
Event: 11.228 Loaded shared library C:\Users\HP\.jdks\openjdk-23\bin\extnet.dll
Event: 11.559 Loaded shared library C:\Users\HP\.jdks\openjdk-23\bin\sunmscapi.dll

Deoptimization events (20 events):
Event: 532.539 Thread 0x000001e667b95b80 Uncommon trap: trap_request=0xffffff45 fr.pc=0x000001e6400df038 relative=0x0000000000000118
Event: 532.539 Thread 0x000001e667b95b80 Uncommon trap: reason=unstable_if action=reinterpret pc=0x000001e6400df038 method=java.lang.ThreadLocal.get(Ljava/lang/Thread;)Ljava/lang/Object; @ 7 c2
Event: 532.539 Thread 0x000001e667b95b80 DEOPT PACKING pc=0x000001e6400df038 sp=0x000000e04f8fea20
Event: 532.540 Thread 0x000001e667b95b80 DEOPT UNPACKING pc=0x000001e63f8d7982 sp=0x000000e04f8fe948 mode 2
Event: 553.104 Thread 0x000001e664f2d6f0 Uncommon trap: trap_request=0xffffffbe fr.pc=0x000001e6403453f8 relative=0x0000000000004cb8
Event: 553.104 Thread 0x000001e664f2d6f0 Uncommon trap: reason=profile_predicate action=maybe_recompile pc=0x000001e6403453f8 method=org.gradle.internal.time.ExponentialBackoff.retryUntil(Lorg/gradle/internal/time/ExponentialBackoff$Query;)Ljava/lang/Object; @ 13 c2
Event: 553.104 Thread 0x000001e664f2d6f0 DEOPT PACKING pc=0x000001e6403453f8 sp=0x000000e04d0f7070
Event: 553.106 Thread 0x000001e664f2d6f0 DEOPT UNPACKING pc=0x000001e63f8d7982 sp=0x000000e04d0f70a8 mode 2
Event: 553.422 Thread 0x000001e664f2d6f0 Uncommon trap: trap_request=0xffffffbe fr.pc=0x000001e6403453f8 relative=0x0000000000004cb8
Event: 553.447 Thread 0x000001e664f2d6f0 Uncommon trap: reason=profile_predicate action=maybe_recompile pc=0x000001e6403453f8 method=org.gradle.internal.time.ExponentialBackoff.retryUntil(Lorg/gradle/internal/time/ExponentialBackoff$Query;)Ljava/lang/Object; @ 13 c2
Event: 553.447 Thread 0x000001e664f2d6f0 DEOPT PACKING pc=0x000001e6403453f8 sp=0x000000e04d0f7070
Event: 553.448 Thread 0x000001e664f2d6f0 DEOPT UNPACKING pc=0x000001e63f8d7982 sp=0x000000e04d0f70a8 mode 2
Event: 555.283 Thread 0x000001e664f2d6f0 Uncommon trap: trap_request=0xffffffbe fr.pc=0x000001e6403453f8 relative=0x0000000000004cb8
Event: 555.283 Thread 0x000001e664f2d6f0 Uncommon trap: reason=profile_predicate action=maybe_recompile pc=0x000001e6403453f8 method=org.gradle.internal.time.ExponentialBackoff.retryUntil(Lorg/gradle/internal/time/ExponentialBackoff$Query;)Ljava/lang/Object; @ 13 c2
Event: 555.283 Thread 0x000001e664f2d6f0 DEOPT PACKING pc=0x000001e6403453f8 sp=0x000000e04d0f7070
Event: 555.309 Thread 0x000001e664f2d6f0 DEOPT UNPACKING pc=0x000001e63f8d7982 sp=0x000000e04d0f70a8 mode 2
Event: 557.190 Thread 0x000001e664f2d6f0 Uncommon trap: trap_request=0xffffffbe fr.pc=0x000001e6403453f8 relative=0x0000000000004cb8
Event: 557.190 Thread 0x000001e664f2d6f0 Uncommon trap: reason=profile_predicate action=maybe_recompile pc=0x000001e6403453f8 method=org.gradle.internal.time.ExponentialBackoff.retryUntil(Lorg/gradle/internal/time/ExponentialBackoff$Query;)Ljava/lang/Object; @ 13 c2
Event: 557.190 Thread 0x000001e664f2d6f0 DEOPT PACKING pc=0x000001e6403453f8 sp=0x000000e04d0f7070
Event: 557.190 Thread 0x000001e664f2d6f0 DEOPT UNPACKING pc=0x000001e63f8d7982 sp=0x000000e04d0f70a8 mode 2

Classes loaded (20 events):
Event: 296.036 Loading class java/util/concurrent/ConcurrentLinkedQueue$Itr
Event: 296.138 Loading class java/util/concurrent/ConcurrentLinkedQueue$Itr done
Event: 300.677 Loading class java/util/logging/LogRecord
Event: 300.888 Loading class java/util/logging/LogRecord done
Event: 312.955 Loading class java/lang/Short$ShortCache
Event: 312.956 Loading class java/lang/Short$ShortCache done
Event: 312.969 Loading class java/util/AbstractList$ListItr
Event: 312.973 Loading class java/util/AbstractList$ListItr done
Event: 313.349 Loading class java/io/NotSerializableException
Event: 313.357 Loading class java/io/NotSerializableException done
Event: 313.372 Loading class java/util/Collections$EmptyListIterator
Event: 313.374 Loading class java/util/Collections$EmptyListIterator done
Event: 314.235 Loading class java/net/UrlDeserializedState
Event: 314.236 Loading class java/net/UrlDeserializedState done
Event: 314.317 Loading class java/net/Proxy
Event: 314.322 Loading class java/net/Proxy done
Event: 314.397 Loading class java/util/concurrent/CompletableFuture$AsyncRun
Event: 314.401 Loading class java/util/concurrent/CompletableFuture$AsyncRun done
Event: 325.912 Loading class jdk/internal/math/FormattedFPDecimal
Event: 325.919 Loading class jdk/internal/math/FormattedFPDecimal done

Classes unloaded (0 events):
No events

Classes redefined (0 events):
No events

Internal exceptions (20 events):
Event: 295.649 Thread 0x000001e664f2f7c0 Exception <a 'java/lang/NoSuchMethodError'{0x00000000ed8b1c70}: static Lorg/gradle/internal/build/event/types/DefaultFailure;.<clinit>()V> (0x00000000ed8b1c70) 
thrown [s\open\src\hotspot\share\prims\jni.cpp, line 1111]
Event: 305.748 Thread 0x000001e664f2d6f0 Exception <a 'java/lang/NoSuchMethodError'{0x00000000ed74c7a0}: 'void java.lang.invoke.DirectMethodHandle$Holder.invokeInterface(java.lang.Object, java.lang.Object, java.lang.Object, int)'> (0x00000000ed74c7a0) 
thrown [s\open\src\hotspot\share\interpreter\linkResolver.cpp, line 796]
Event: 305.759 Thread 0x000001e664f2d6f0 Exception <a 'java/lang/IncompatibleClassChangeError'{0x00000000ed750320}: Found class java.lang.Object, but interface was expected> (0x00000000ed750320) 
thrown [s\open\src\hotspot\share\interpreter\linkResolver.cpp, line 863]
Event: 305.795 Thread 0x000001e664f2d6f0 Exception <a 'java/lang/NoSuchMethodError'{0x00000000ed754758}: 'void java.lang.invoke.DelegatingMethodHandle$Holder.reinvoke_L(java.lang.Object, java.lang.Object, java.lang.Object, int)'> (0x00000000ed754758) 
thrown [s\open\src\hotspot\share\interpreter\linkResolver.cpp, line 796]
Event: 310.753 Thread 0x000001e664f2d6f0 Exception <a 'java/lang/IncompatibleClassChangeError'{0x00000000ed664688}: Found class java.lang.Object, but interface was expected> (0x00000000ed664688) 
thrown [s\open\src\hotspot\share\interpreter\linkResolver.cpp, line 863]
Event: 312.531 Thread 0x000001e664f2d6f0 Exception <a 'java/lang/IncompatibleClassChangeError'{0x00000000ed688038}: Found class java.lang.Object, but interface was expected> (0x00000000ed688038) 
thrown [s\open\src\hotspot\share\interpreter\linkResolver.cpp, line 863]
Event: 314.209 Thread 0x000001e66505c230 Exception <a 'java/lang/NoSuchMethodError'{0x00000000ecf2e818}: static Lorg/gradle/tooling/internal/provider/serialization/ClassLoaderDetails;.<clinit>()V> (0x00000000ecf2e818) 
thrown [s\open\src\hotspot\share\prims\jni.cpp, line 1111]
Event: 314.219 Thread 0x000001e66505c230 Exception <a 'java/lang/NoSuchMethodError'{0x00000000ecf3b9b0}: static Lorg/gradle/tooling/internal/provider/serialization/WellKnownClassLoaderRegistry$KnownClassLoaderSpec;.<clinit>()V> (0x00000000ecf3b9b0) 
thrown [s\open\src\hotspot\share\prims\jni.cpp, line 1111]
Event: 314.219 Thread 0x000001e66505c230 Exception <a 'java/lang/NoSuchMethodError'{0x00000000ecf3d128}: static Lorg/gradle/internal/classloader/ClassLoaderSpec;.<clinit>()V> (0x00000000ecf3d128) 
thrown [s\open\src\hotspot\share\prims\jni.cpp, line 1111]
Event: 314.228 Thread 0x000001e66505c230 Exception <a 'java/lang/NoSuchMethodError'{0x00000000ecf456a0}: static Lorg/gradle/internal/classloader/ClassLoaderSpec;.<clinit>()V> (0x00000000ecf456a0) 
thrown [s\open\src\hotspot\share\prims\jni.cpp, line 1111]
Event: 314.229 Thread 0x000001e66505c230 Exception <a 'java/lang/NoSuchMethodError'{0x00000000ecf4ebb8}: static Lorg/gradle/internal/classloader/VisitableURLClassLoader$Spec;.<clinit>()V> (0x00000000ecf4ebb8) 
thrown [s\open\src\hotspot\share\prims\jni.cpp, line 1111]
Event: 314.371 Thread 0x000001e66505c230 Exception <a 'java/lang/NoSuchMethodError'{0x00000000ecf6a3e0}: static [Ljava/net/URL;.<clinit>()V> (0x00000000ecf6a3e0) 
thrown [s\open\src\hotspot\share\prims\jni.cpp, line 1111]
Event: 334.090 Thread 0x000001e664f2d6f0 Exception <a 'sun/nio/fs/WindowsException'{0x00000000ecbdcc30}> (0x00000000ecbdcc30) 
thrown [s\open\src\hotspot\share\prims\jni.cpp, line 520]
Event: 334.108 Thread 0x000001e664f2d6f0 Exception <a 'sun/nio/fs/WindowsException'{0x00000000ecbde0e8}> (0x00000000ecbde0e8) 
thrown [s\open\src\hotspot\share\prims\jni.cpp, line 520]
Event: 334.110 Thread 0x000001e664f2d6f0 Exception <a 'sun/nio/fs/WindowsException'{0x00000000ecbdf590}> (0x00000000ecbdf590) 
thrown [s\open\src\hotspot\share\prims\jni.cpp, line 520]
Event: 334.110 Thread 0x000001e664f2d6f0 Exception <a 'sun/nio/fs/WindowsException'{0x00000000ecbe0a10}> (0x00000000ecbe0a10) 
thrown [s\open\src\hotspot\share\prims\jni.cpp, line 520]
Event: 530.738 Thread 0x000001e664f2d6f0 Exception <a 'java/lang/NoClassDefFoundError'{0x00000000ee4e97b8}: org/jetbrains/kotlin/gradle/plugin/KotlinPluginWrapper> (0x00000000ee4e97b8) 
thrown [s\open\src\hotspot\share\oops\constantPool.cpp, line 867]
Event: 530.739 Thread 0x000001e664f2d6f0 Exception <a 'java/lang/NoClassDefFoundError'{0x00000000ee4eb910}: org/graalvm/buildtools/gradle/NativeImagePlugin> (0x00000000ee4eb910) 
thrown [s\open\src\hotspot\share\oops\constantPool.cpp, line 867]
Event: 530.739 Thread 0x000001e664f2d6f0 Exception <a 'java/lang/NoClassDefFoundError'{0x00000000ee4eda58}: org/cyclonedx/gradle/CycloneDxPlugin> (0x00000000ee4eda58) 
thrown [s\open\src\hotspot\share\oops\constantPool.cpp, line 867]
Event: 532.538 Thread 0x000001e667b95b80 Implicit null exception at 0x000001e6400def5b to 0x000001e6400df020

VM Operations (20 events):
Event: 312.975 Executing VM operation: HandshakeAllThreads (Deoptimize)
Event: 312.976 Executing VM operation: HandshakeAllThreads (Deoptimize) done
Event: 360.606 Executing VM operation: HandshakeAllThreads (HandshakeForDeflation)
Event: 360.611 Executing VM operation: HandshakeAllThreads (HandshakeForDeflation) done
Event: 360.611 Executing VM operation: RendezvousGCThreads
Event: 360.611 Executing VM operation: RendezvousGCThreads done
Event: 408.107 Executing VM operation: G1CollectForAllocation (G1 Evacuation Pause)
Event: 409.107 Executing VM operation: G1CollectForAllocation (G1 Evacuation Pause) done
Event: 420.725 Executing VM operation: HandshakeAllThreads (HandshakeForDeflation)
Event: 420.725 Executing VM operation: HandshakeAllThreads (HandshakeForDeflation) done
Event: 420.725 Executing VM operation: RendezvousGCThreads
Event: 420.725 Executing VM operation: RendezvousGCThreads done
Event: 480.771 Executing VM operation: HandshakeAllThreads (HandshakeForDeflation)
Event: 480.783 Executing VM operation: HandshakeAllThreads (HandshakeForDeflation) done
Event: 480.783 Executing VM operation: RendezvousGCThreads
Event: 480.783 Executing VM operation: RendezvousGCThreads done
Event: 540.878 Executing VM operation: HandshakeAllThreads (HandshakeForDeflation)
Event: 540.898 Executing VM operation: HandshakeAllThreads (HandshakeForDeflation) done
Event: 540.898 Executing VM operation: RendezvousGCThreads
Event: 540.898 Executing VM operation: RendezvousGCThreads done

Memory protections (0 events):
No events

Nmethod flushes (20 events):
Event: 65.816 Thread 0x000001e64abdc4d0 flushing  nmethod 0x000001e638489288
Event: 65.816 Thread 0x000001e64abdc4d0 flushing  nmethod 0x000001e63848d708
Event: 65.816 Thread 0x000001e64abdc4d0 flushing  nmethod 0x000001e63848e088
Event: 65.816 Thread 0x000001e64abdc4d0 flushing  nmethod 0x000001e63848f788
Event: 65.816 Thread 0x000001e64abdc4d0 flushing  nmethod 0x000001e638490288
Event: 65.816 Thread 0x000001e64abdc4d0 flushing  nmethod 0x000001e638490888
Event: 65.816 Thread 0x000001e64abdc4d0 flushing  nmethod 0x000001e638494a88
Event: 65.816 Thread 0x000001e64abdc4d0 flushing  nmethod 0x000001e638499608
Event: 65.816 Thread 0x000001e64abdc4d0 flushing  nmethod 0x000001e6384a0108
Event: 65.816 Thread 0x000001e64abdc4d0 flushing  nmethod 0x000001e6384a0508
Event: 65.816 Thread 0x000001e64abdc4d0 flushing  nmethod 0x000001e6384a6288
Event: 65.816 Thread 0x000001e64abdc4d0 flushing  nmethod 0x000001e6384c0288
Event: 65.816 Thread 0x000001e64abdc4d0 flushing  nmethod 0x000001e6384c0908
Event: 65.816 Thread 0x000001e64abdc4d0 flushing  nmethod 0x000001e6384d7188
Event: 65.816 Thread 0x000001e64abdc4d0 flushing  nmethod 0x000001e6384d8308
Event: 65.816 Thread 0x000001e64abdc4d0 flushing  nmethod 0x000001e638524988
Event: 65.816 Thread 0x000001e64abdc4d0 flushing  nmethod 0x000001e638526788
Event: 65.816 Thread 0x000001e64abdc4d0 flushing  nmethod 0x000001e638528908
Event: 65.816 Thread 0x000001e64abdc4d0 flushing  nmethod 0x000001e6385d5208
Event: 65.816 Thread 0x000001e64abdc4d0 flushing  nmethod 0x000001e6385dcc08

Events (20 events):
Event: 418.213 Thread 0x000001e664f2d6f0 Thread added: 0x000001e668324200
Event: 418.214 Thread 0x000001e664f2d6f0 Thread added: 0x000001e668321410
Event: 428.465 Thread 0x000001e664256180 Thread added: 0x000001e668325c40
Event: 428.515 Thread 0x000001e668325c40 Thread exited: 0x000001e668325c40
Event: 488.541 Thread 0x000001e664256180 Thread exited: 0x000001e664256180
Event: 527.393 Thread 0x000001e664f2d6f0 Thread added: 0x000001e6683255b0
Event: 527.395 Thread 0x000001e664f2d6f0 Thread added: 0x000001e668324f20
Event: 527.397 Thread 0x000001e664f2d6f0 Thread added: 0x000001e668327680
Event: 527.398 Thread 0x000001e664f2d6f0 Thread added: 0x000001e6683227c0
Event: 527.399 Thread 0x000001e664f2d6f0 Thread added: 0x000001e668321aa0
Event: 527.400 Thread 0x000001e664f2d6f0 Thread added: 0x000001e668322e50
Event: 527.401 Thread 0x000001e664f2d6f0 Thread added: 0x000001e6683206f0
Event: 532.503 Thread 0x000001e664f2d6f0 Thread added: 0x000001e668323b70
Event: 532.504 Thread 0x000001e664f2d6f0 Thread added: 0x000001e668320d80
Event: 532.520 Thread 0x000001e668323b70 Thread added: 0x000001e668322130
Event: 532.522 Thread 0x000001e668323b70 Thread added: 0x000001e6683262d0
Event: 532.522 Thread 0x000001e668320d80 Thread added: 0x000001e668326ff0
Event: 532.525 Thread 0x000001e668323b70 Thread added: 0x000001e667b95b80
Event: 532.525 Thread 0x000001e668320d80 Thread added: 0x000001e667b92070
Event: 564.470 Thread 0x000001e664f2d6f0 Thread added: 0x000001e667b99690


Dynamic libraries:
0x00007ff7afe20000 - 0x00007ff7afe2e000 	C:\Users\HP\.jdks\openjdk-23\bin\java.exe
0x00007ffcbcfb0000 - 0x00007ffcbd1c7000 	C:\Windows\SYSTEM32\ntdll.dll
0x00007ffcbbb20000 - 0x00007ffcbbbe4000 	C:\Windows\System32\KERNEL32.DLL
0x00007ffcba680000 - 0x00007ffcbaa39000 	C:\Windows\System32\KERNELBASE.dll
0x00007ffcbab10000 - 0x00007ffcbac21000 	C:\Windows\System32\ucrtbase.dll
0x00007ffc9a300000 - 0x00007ffc9a31b000 	C:\Users\HP\.jdks\openjdk-23\bin\VCRUNTIME140.dll
0x00007ffc9be00000 - 0x00007ffc9be17000 	C:\Users\HP\.jdks\openjdk-23\bin\jli.dll
0x00007ffcbbee0000 - 0x00007ffcbc08e000 	C:\Windows\System32\USER32.dll
0x00007ffcbaa40000 - 0x00007ffcbaa66000 	C:\Windows\System32\win32u.dll
0x00007ffcbbeb0000 - 0x00007ffcbbed9000 	C:\Windows\System32\GDI32.dll
0x00007ffcba330000 - 0x00007ffcba44b000 	C:\Windows\System32\gdi32full.dll
0x00007ffcbaa70000 - 0x00007ffcbab0a000 	C:\Windows\System32\msvcp_win.dll
0x00007ffc9ba90000 - 0x00007ffc9bd22000 	C:\Windows\WinSxS\amd64_microsoft.windows.common-controls_6595b64144ccf1df_6.0.22621.4391_none_2715d37f73803e96\COMCTL32.dll
0x00007ffcbca40000 - 0x00007ffcbcae7000 	C:\Windows\System32\msvcrt.dll
0x00007ffcbbe70000 - 0x00007ffcbbea1000 	C:\Windows\System32\IMM32.DLL
0x00007ffca1500000 - 0x00007ffca150c000 	C:\Users\HP\.jdks\openjdk-23\bin\vcruntime140_1.dll
0x00007ffc95000000 - 0x00007ffc9508e000 	C:\Users\HP\.jdks\openjdk-23\bin\msvcp140.dll
0x00007ffc724a0000 - 0x00007ffc731ef000 	C:\Users\HP\.jdks\openjdk-23\bin\server\jvm.dll
0x00007ffcbb1e0000 - 0x00007ffcbb292000 	C:\Windows\System32\ADVAPI32.dll
0x00007ffcbb0b0000 - 0x00007ffcbb157000 	C:\Windows\System32\sechost.dll
0x00007ffcbaca0000 - 0x00007ffcbacc8000 	C:\Windows\System32\bcrypt.dll
0x00007ffcbae30000 - 0x00007ffcbaf44000 	C:\Windows\System32\RPCRT4.dll
0x00007ffcbb160000 - 0x00007ffcbb1d1000 	C:\Windows\System32\WS2_32.dll
0x00007ffcba0d0000 - 0x00007ffcba11d000 	C:\Windows\SYSTEM32\POWRPROF.dll
0x00007ffcb0fd0000 - 0x00007ffcb0fda000 	C:\Windows\SYSTEM32\VERSION.dll
0x00007ffcb3090000 - 0x00007ffcb30c4000 	C:\Windows\SYSTEM32\WINMM.dll
0x00007ffcb9fb0000 - 0x00007ffcb9fc3000 	C:\Windows\SYSTEM32\UMPDC.dll
0x00007ffcb92c0000 - 0x00007ffcb92d8000 	C:\Windows\SYSTEM32\kernel.appcore.dll
0x00007ffc9f5f0000 - 0x00007ffc9f5fa000 	C:\Users\HP\.jdks\openjdk-23\bin\jimage.dll
0x00007ffcb7b60000 - 0x00007ffcb7d92000 	C:\Windows\SYSTEM32\DBGHELP.DLL
0x00007ffcbc090000 - 0x00007ffcbc41f000 	C:\Windows\System32\combase.dll
0x00007ffcbc740000 - 0x00007ffcbc817000 	C:\Windows\System32\OLEAUT32.dll
0x00007ffc99930000 - 0x00007ffc99962000 	C:\Windows\SYSTEM32\dbgcore.DLL
0x00007ffcba2b0000 - 0x00007ffcba32b000 	C:\Windows\System32\bcryptPrimitives.dll
0x00007ffc99360000 - 0x00007ffc9936f000 	C:\Users\HP\.jdks\openjdk-23\bin\instrument.dll
0x00007ffc98e90000 - 0x00007ffc98eae000 	C:\Users\HP\.jdks\openjdk-23\bin\java.dll
0x00007ffcbc430000 - 0x00007ffcbc5d5000 	C:\Windows\System32\ole32.dll
0x00007ffcbb2a0000 - 0x00007ffcbbb16000 	C:\Windows\System32\SHELL32.dll
0x00007ffcb81a0000 - 0x00007ffcb8aa3000 	C:\Windows\SYSTEM32\windows.storage.dll
0x00007ffcb8060000 - 0x00007ffcb819f000 	C:\Windows\SYSTEM32\wintypes.dll
0x00007ffcbbd70000 - 0x00007ffcbbe69000 	C:\Windows\System32\SHCORE.dll
0x00007ffcbc820000 - 0x00007ffcbc87e000 	C:\Windows\System32\shlwapi.dll
0x00007ffcba1e0000 - 0x00007ffcba20b000 	C:\Windows\SYSTEM32\profapi.dll
0x00007ffc75f70000 - 0x00007ffc76047000 	C:\Users\HP\.jdks\openjdk-23\bin\jsvml.dll
0x00007ffc98e70000 - 0x00007ffc98e87000 	C:\Users\HP\.jdks\openjdk-23\bin\zip.dll
0x00007ffc98e60000 - 0x00007ffc98e70000 	C:\Users\HP\.jdks\openjdk-23\bin\net.dll
0x00007ffcb9770000 - 0x00007ffcb97d9000 	C:\Windows\system32\mswsock.dll
0x00007ffc98e40000 - 0x00007ffc98e56000 	C:\Users\HP\.jdks\openjdk-23\bin\nio.dll
0x00007ffc98e10000 - 0x00007ffc98e20000 	C:\Users\HP\.jdks\openjdk-23\bin\verify.dll
0x00007ffc9f600000 - 0x00007ffc9f627000 	C:\Users\HP\.gradle\native\c067742578af261105cb4f569cf0c3c89f3d7b1fecec35dd04571415982c5e48\windows-amd64\native-platform.dll
0x00007ffc72350000 - 0x00007ffc72494000 	C:\Users\HP\.gradle\native\100fb08df4bc3b14c8652ba06237920a3bd2aa13389f12d3474272988ae205f9\windows-amd64\native-platform-file-events.dll
0x00007ffc98e00000 - 0x00007ffc98e0a000 	C:\Users\HP\.jdks\openjdk-23\bin\management.dll
0x00007ffc98ca0000 - 0x00007ffc98cab000 	C:\Users\HP\.jdks\openjdk-23\bin\management_ext.dll
0x00007ffcbbc50000 - 0x00007ffcbbc58000 	C:\Windows\System32\PSAPI.DLL
0x00007ffcb99d0000 - 0x00007ffcb99eb000 	C:\Windows\SYSTEM32\CRYPTSP.dll
0x00007ffcb9220000 - 0x00007ffcb9255000 	C:\Windows\system32\rsaenh.dll
0x00007ffcb9860000 - 0x00007ffcb9888000 	C:\Windows\SYSTEM32\USERENV.dll
0x00007ffcb99c0000 - 0x00007ffcb99cc000 	C:\Windows\SYSTEM32\CRYPTBASE.dll
0x00007ffcb8d00000 - 0x00007ffcb8d2d000 	C:\Windows\SYSTEM32\IPHLPAPI.DLL
0x00007ffcbc420000 - 0x00007ffcbc429000 	C:\Windows\System32\NSI.dll
0x00007ffc95a40000 - 0x00007ffc95a49000 	C:\Users\HP\.jdks\openjdk-23\bin\extnet.dll
0x00007ffc95a30000 - 0x00007ffc95a3e000 	C:\Users\HP\.jdks\openjdk-23\bin\sunmscapi.dll
0x00007ffcba450000 - 0x00007ffcba5b6000 	C:\Windows\System32\CRYPT32.dll
0x00007ffcb9b80000 - 0x00007ffcb9bad000 	C:\Windows\SYSTEM32\ncrypt.dll
0x00007ffcb9b40000 - 0x00007ffcb9b77000 	C:\Windows\SYSTEM32\NTASN1.dll
0x00007ffc49760000 - 0x00007ffc49768000 	C:\Windows\system32\wshunix.dll

dbghelp: loaded successfully - version: 4.0.5 - missing functions: none
symbol engine: initialized successfully - sym options: 0x614 - pdb path: .;C:\Users\HP\.jdks\openjdk-23\bin;C:\Windows\SYSTEM32;C:\Windows\WinSxS\amd64_microsoft.windows.common-controls_6595b64144ccf1df_6.0.22621.4391_none_2715d37f73803e96;C:\Users\HP\.jdks\openjdk-23\bin\server;C:\Users\HP\.gradle\native\c067742578af261105cb4f569cf0c3c89f3d7b1fecec35dd04571415982c5e48\windows-amd64;C:\Users\HP\.gradle\native\100fb08df4bc3b14c8652ba06237920a3bd2aa13389f12d3474272988ae205f9\windows-amd64

VM Arguments:
jvm_args: --add-opens=java.base/java.util=ALL-UNNAMED --add-opens=java.base/java.lang=ALL-UNNAMED --add-opens=java.base/java.lang.invoke=ALL-UNNAMED --add-opens=java.prefs/java.util.prefs=ALL-UNNAMED --add-exports=jdk.compiler/com.sun.tools.javac.api=ALL-UNNAMED --add-exports=jdk.compiler/com.sun.tools.javac.util=ALL-UNNAMED --add-opens=java.base/java.nio.charset=ALL-UNNAMED --add-opens=java.base/java.net=ALL-UNNAMED --add-opens=java.base/java.util.concurrent.atomic=ALL-UNNAMED -XX:MaxMetaspaceSize=384m -XX:+HeapDumpOnOutOfMemoryError -Xms256m -Xmx512m -Dfile.encoding=UTF-8 -Duser.country=US -Duser.language=en -Duser.variant -javaagent:C:\Users\HP\.gradle\wrapper\dists\gradle-8.10.2-bin\a04bxjujx95o3nb99gddekhwo\gradle-8.10.2\lib\agents\gradle-instrumentation-agent-8.10.2.jar 
java_command: org.gradle.launcher.daemon.bootstrap.GradleDaemon 8.10.2
java_class_path (initial): C:\Users\HP\.gradle\wrapper\dists\gradle-8.10.2-bin\a04bxjujx95o3nb99gddekhwo\gradle-8.10.2\lib\gradle-daemon-main-8.10.2.jar
Launcher Type: SUN_STANDARD

[Global flags]
     intx CICompilerCount                          = 4                                         {product} {ergonomic}
   size_t CompressedClassSpaceSize                 = 335544320                                 {product} {ergonomic}
     uint ConcGCThreads                            = 2                                         {product} {ergonomic}
     uint G1ConcRefinementThreads                  = 8                                         {product} {ergonomic}
   size_t G1HeapRegionSize                         = 1048576                                   {product} {ergonomic}
     bool HeapDumpOnOutOfMemoryError               = true                                   {manageable} {command line}
   size_t InitialHeapSize                          = 268435456                                 {product} {command line}
   size_t MarkStackSize                            = 4194304                                   {product} {ergonomic}
   size_t MarkStackSizeMax                         = 536870912                                 {product} {ergonomic}
   size_t MaxHeapSize                              = 536870912                                 {product} {command line}
   size_t MaxMetaspaceSize                         = 402653184                                 {product} {command line}
   size_t MaxNewSize                               = 321912832                                 {product} {ergonomic}
   size_t MinHeapDeltaBytes                        = 1048576                                   {product} {ergonomic}
   size_t MinHeapSize                              = 268435456                                 {product} {command line}
    uintx NonNMethodCodeHeapSize                   = 5832704                                {pd product} {ergonomic}
    uintx NonProfiledCodeHeapSize                  = 122945536                              {pd product} {ergonomic}
    uintx ProfiledCodeHeapSize                     = 122880000                              {pd product} {ergonomic}
    uintx ReservedCodeCacheSize                    = 251658240                              {pd product} {ergonomic}
     bool SegmentedCodeCache                       = true                                      {product} {ergonomic}
   size_t SoftMaxHeapSize                          = 536870912                              {manageable} {ergonomic}
     bool UseCompressedOops                        = true                           {product lp64_product} {ergonomic}
     bool UseG1GC                                  = true                                      {product} {ergonomic}
     bool UseLargePagesIndividualAllocation        = false                                  {pd product} {ergonomic}

Logging:
Log output configuration:
 #0: stdout all=warning uptime,level,tags foldmultilines=false
 #1: stderr all=off uptime,level,tags foldmultilines=false

Environment Variables:
PATH=C:\Windows\system32;C:\Windows;C:\Windows\System32\Wbem;C:\Windows\System32\WindowsPowerShell\v1.0\;C:\Windows\System32\OpenSSH\;D:\app_hoc\Git\cmd;C:\Program Files\nodejs\;C:\Users\HP\AppData\Local\Microsoft\WindowsApps;C:\Users\HP\AppData\Roaming\npm;C:\Program Files\nodejs\;
USERNAME=HP
OS=Windows_NT
PROCESSOR_IDENTIFIER=Intel64 Family 6 Model 140 Stepping 1, GenuineIntel
TMP=C:\Users\HP\AppData\Local\Temp
TEMP=C:\Users\HP\AppData\Local\Temp




Periodic native trim disabled

---------------  S Y S T E M  ---------------

OS:
 Windows 11 , 64 bit Build 22621 (10.0.22621.4391)
OS uptime: 0 days 5:50 hours
Hyper-V role detected

CPU: total 8 (initial active 8) (4 cores per cpu, 2 threads per core) family 6 model 140 stepping 1 microcode 0xac, cx8, cmov, fxsr, ht, mmx, 3dnowpref, sse, sse2, sse3, ssse3, sse4.1, sse4.2, popcnt, lzcnt, tsc, tscinvbit, avx, avx2, aes, erms, clmul, bmi1, bmi2, adx, avx512f, avx512dq, avx512cd, avx512bw, avx512vl, sha, fma, vzeroupper, avx512_vpopcntdq, avx512_vpclmulqdq, avx512_vaes, avx512_vnni, clflush, clflushopt, clwb, avx512_vbmi2, avx512_vbmi, hv, rdtscp, rdpid, fsrm, gfni, avx512_bitalg, f16c, cet_ibt, cet_ss, avx512_ifma
Processor Information for the first 8 processors :
  Max Mhz: 2803, Current Mhz: 2803, Mhz Limit: 2803

Memory: 4k page, system-wide physical 7957M (121M free)
TotalPageFile size 30391M (AvailPageFile size 528M)
current process WorkingSet (physical memory assigned to process): 46M, peak: 316M
current process commit charge ("private bytes"): 506M, peak: 517M

vm_info: OpenJDK 64-Bit Server VM (23+37-2369) for windows-amd64 JRE (23+37-2369), built on 2024-08-20T16:01:23Z with MS VC++ 17.6 (VS2022)

END.
