#
# There is insufficient memory for the Java Runtime Environment to continue.
# Native memory allocation (malloc) failed to allocate 180064 bytes. Error detail: Chunk::new
# Possible reasons:
#   The system is out of physical RAM or swap space
#   This process is running with CompressedOops enabled, and the Java Heap may be blocking the growth of the native heap
# Possible solutions:
#   Reduce memory load on the system
#   Increase physical memory or swap space
#   Check if swap backing store is full
#   Decrease Java heap size (-Xmx/-Xms)
#   Decrease number of Java threads
#   Decrease Java thread stack sizes (-Xss)
#   Set larger code cache with -XX:ReservedCodeCacheSize=
#   JVM is running with Unscaled Compressed Oops mode in which the Java heap is
#     placed in the first 4GB address space. The Java Heap base address is the
#     maximum limit for the native heap growth. Please use -XX:HeapBaseMinAddress
#     to set the Java Heap base and to place the Java Heap above 4GB virtual address.
# This output file may be truncated or incomplete.
#
#  Out of Memory Error (arena.cpp:149), pid=16016, tid=15252
#
# JRE version: OpenJDK Runtime Environment (23.0+37) (build 23+37-2369)
# Java VM: OpenJDK 64-Bit Server VM (23+37-2369, mixed mode, sharing, tiered, compressed oops, compressed class ptrs, g1 gc, windows-amd64)
# No core dump will be written. Minidumps are not enabled by default on client versions of Windows
#

---------------  S U M M A R Y ------------

Command Line: --add-opens=java.base/java.util=ALL-UNNAMED --add-opens=java.base/java.lang=ALL-UNNAMED --add-opens=java.base/java.lang.invoke=ALL-UNNAMED --add-opens=java.prefs/java.util.prefs=ALL-UNNAMED --add-exports=jdk.compiler/com.sun.tools.javac.api=ALL-UNNAMED --add-exports=jdk.compiler/com.sun.tools.javac.util=ALL-UNNAMED --add-opens=java.base/java.nio.charset=ALL-UNNAMED --add-opens=java.base/java.net=ALL-UNNAMED --add-opens=java.base/java.util.concurrent.atomic=ALL-UNNAMED -XX:MaxMetaspaceSize=384m -XX:+HeapDumpOnOutOfMemoryError -Xms256m -Xmx512m -Dfile.encoding=UTF-8 -Duser.country=US -Duser.language=en -Duser.variant -javaagent:C:\Users\HP\.gradle\wrapper\dists\gradle-8.10.2-bin\a04bxjujx95o3nb99gddekhwo\gradle-8.10.2\lib\agents\gradle-instrumentation-agent-8.10.2.jar org.gradle.launcher.daemon.bootstrap.GradleDaemon 8.10.2

Host: 11th Gen Intel(R) Core(TM) i7-1165G7 @ 2.80GHz, 8 cores, 7G,  Windows 11 , 64 bit Build 22621 (10.0.22621.4391)
Time: Tue Nov 19 16:09:06 2024 SE Asia Standard Time elapsed time: 498.298584 seconds (0d 0h 8m 18s)

---------------  T H R E A D  ---------------

Current thread (0x000001a7bf0ddae0):  JavaThread "C2 CompilerThread0" daemon [_thread_in_native, id=15252, stack(0x0000000dbe200000,0x0000000dbe300000) (1024K)]


Current CompileTask:
C2:498298 12498       4       java.io.BufferedInputStream::<init> (68 bytes)

Stack: [0x0000000dbe200000,0x0000000dbe300000]
Native frames: (J=compiled Java code, j=interpreted, Vv=VM code, C=native code)
V  [jvm.dll+0x6e08a9]  (no source info available)
V  [jvm.dll+0x87da63]  (no source info available)
V  [jvm.dll+0x87feee]  (no source info available)
V  [jvm.dll+0x8805c3]  (no source info available)
V  [jvm.dll+0x27aee6]  (no source info available)
V  [jvm.dll+0xbc06f]  (no source info available)
V  [jvm.dll+0xbc2cb]  (no source info available)
V  [jvm.dll+0x3b3a9c]  (no source info available)
V  [jvm.dll+0x38a42b]  (no source info available)
V  [jvm.dll+0x38989a]  (no source info available)
V  [jvm.dll+0x244aa1]  (no source info available)
V  [jvm.dll+0x243dff]  (no source info available)
V  [jvm.dll+0x1c33a0]  (no source info available)
V  [jvm.dll+0x253cf1]  (no source info available)
V  [jvm.dll+0x251faa]  (no source info available)
V  [jvm.dll+0x3ee036]  (no source info available)
V  [jvm.dll+0x824f1b]  (no source info available)
V  [jvm.dll+0x6df055]  (no source info available)
C  [ucrtbase.dll+0x29333]  (no source info available)
C  [KERNEL32.DLL+0x1259d]  (no source info available)
C  [ntdll.dll+0x5af38]  (no source info available)

Lock stack of current Java thread (top to bottom):


---------------  P R O C E S S  ---------------

Threads class SMR info:
_java_thread_list=0x000001a7d9a76e20, length=89, elements={
0x000001a7a1dd5130, 0x000001a7bf0d4840, 0x000001a7bf0d6b50, 0x000001a7bf0d78a0,
0x000001a7bf0da5b0, 0x000001a7bf0db100, 0x000001a7bf0dcc60, 0x000001a7bf0ddae0,
0x000001a7bf10e9c0, 0x000001a7bf1d23a0, 0x000001a7bf3e89e0, 0x000001a7da052560,
0x000001a7da262430, 0x000001a7da494c90, 0x000001a7da427800, 0x000001a7da463280,
0x000001a7da462560, 0x000001a7da464630, 0x000001a7da461ed0, 0x000001a7d993ee80,
0x000001a7d99415e0, 0x000001a7d993f510, 0x000001a7d9944a60, 0x000001a7d993e160,
0x000001a7d9943d40, 0x000001a7d9940f50, 0x000001a7d993e7f0, 0x000001a7dc2c8480,
0x000001a7dc2cb270, 0x000001a7dc577580, 0x000001a7dc57b090, 0x000001a7dc578930,
0x000001a7dc5761d0, 0x000001a7dda95030, 0x000001a7dda92240, 0x000001a7dda95d50,
0x000001a7dda93c80, 0x000001a7dda91520, 0x000001a7dda928d0, 0x000001a7dda94310,
0x000001a7dda90e90, 0x000001a7dda956c0, 0x000001a7dda963e0, 0x000001a7dda96a70,
0x000001a7dda97100, 0x000001a7dda935f0, 0x000001a7dda92f60, 0x000001a7dda90170,
0x000001a7dda97790, 0x000001a7dd06d2e0, 0x000001a7dd06c5c0, 0x000001a7dd06ab80,
0x000001a7dd0700d0, 0x000001a7dd070760, 0x000001a7dd06f3b0, 0x000001a7dd06ed20,
0x000001a7dd06cc50, 0x000001a7dd06b210, 0x000001a7dd06b8a0, 0x000001a7db77d990,
0x000001a7db77bf50, 0x000001a7db77e6b0, 0x000001a7db77f3d0, 0x000001a7db77a510,
0x000001a7db77d300, 0x000001a7db7800f0, 0x000001a7db780780, 0x000001a7db77c5e0,
0x000001a7db7797f0, 0x000001a7db77aba0, 0x000001a7db779e80, 0x000001a7db780e10,
0x000001a7db77b230, 0x000001a7db77b8c0, 0x000001a7dc576ef0, 0x000001a7dc576860,
0x000001a7dc5782a0, 0x000001a7dc5754b0, 0x000001a7dc579650, 0x000001a7dc577c10,
0x000001a7dc579ce0, 0x000001a7dc57a370, 0x000001a7dc57aa00, 0x000001a7dc573a70,
0x000001a7dc574100, 0x000001a7dc2c9ec0, 0x000001a7dc2ca550, 0x000001a7dc2c5690,
0x000001a7dc2c5d20
}

Java Threads: ( => current thread )
  0x000001a7a1dd5130 JavaThread "main"                              [_thread_blocked, id=9976, stack(0x0000000dbd400000,0x0000000dbd500000) (1024K)]
  0x000001a7bf0d4840 JavaThread "Reference Handler"          daemon [_thread_blocked, id=15820, stack(0x0000000dbdc00000,0x0000000dbdd00000) (1024K)]
  0x000001a7bf0d6b50 JavaThread "Finalizer"                  daemon [_thread_blocked, id=7988, stack(0x0000000dbdd00000,0x0000000dbde00000) (1024K)]
  0x000001a7bf0d78a0 JavaThread "Signal Dispatcher"          daemon [_thread_blocked, id=16012, stack(0x0000000dbde00000,0x0000000dbdf00000) (1024K)]
  0x000001a7bf0da5b0 JavaThread "Attach Listener"            daemon [_thread_blocked, id=9272, stack(0x0000000dbdf00000,0x0000000dbe000000) (1024K)]
  0x000001a7bf0db100 JavaThread "Service Thread"             daemon [_thread_blocked, id=3836, stack(0x0000000dbe000000,0x0000000dbe100000) (1024K)]
  0x000001a7bf0dcc60 JavaThread "Monitor Deflation Thread"   daemon [_thread_blocked, id=17252, stack(0x0000000dbe100000,0x0000000dbe200000) (1024K)]
=>0x000001a7bf0ddae0 JavaThread "C2 CompilerThread0"         daemon [_thread_in_native, id=15252, stack(0x0000000dbe200000,0x0000000dbe300000) (1024K)]
  0x000001a7bf10e9c0 JavaThread "C1 CompilerThread0"         daemon [_thread_blocked, id=14432, stack(0x0000000dbe300000,0x0000000dbe400000) (1024K)]
  0x000001a7bf1d23a0 JavaThread "Common-Cleaner"             daemon [_thread_blocked, id=6200, stack(0x0000000dbe400000,0x0000000dbe500000) (1024K)]
  0x000001a7bf3e89e0 JavaThread "Notification Thread"        daemon [_thread_blocked, id=13444, stack(0x0000000dbe600000,0x0000000dbe700000) (1024K)]
  0x000001a7da052560 JavaThread "Daemon health stats"               [_thread_blocked, id=7880, stack(0x0000000dbec00000,0x0000000dbed00000) (1024K)]
  0x000001a7da262430 JavaThread "Incoming local TCP Connector on port 54529"        [_thread_in_native, id=15268, stack(0x0000000dbef00000,0x0000000dbf000000) (1024K)]
  0x000001a7da494c90 JavaThread "Daemon periodic checks"            [_thread_blocked, id=5140, stack(0x0000000dbf000000,0x0000000dbf100000) (1024K)]
  0x000001a7da427800 JavaThread "Daemon"                            [_thread_blocked, id=16804, stack(0x0000000dbe500000,0x0000000dbe600000) (1024K)]
  0x000001a7da463280 JavaThread "Daemon worker"                     [_thread_blocked, id=15408, stack(0x0000000dbf300000,0x0000000dbf400000) (1024K)]
  0x000001a7da462560 JavaThread "Cache worker for journal cache (C:\Users\HP\.gradle\caches\journal-1)"        [_thread_blocked, id=3824, stack(0x0000000dbf700000,0x0000000dbf800000) (1024K)]
  0x000001a7da464630 JavaThread "File lock request listener"        [_thread_in_native, id=10392, stack(0x0000000dbf800000,0x0000000dbf900000) (1024K)]
  0x000001a7da461ed0 JavaThread "Cache worker for file hash cache (C:\Users\HP\.gradle\caches\8.10.2\fileHashes)"        [_thread_blocked, id=7492, stack(0x0000000dbf900000,0x0000000dbfa00000) (1024K)]
  0x000001a7d993ee80 JavaThread "File watcher server"        daemon [_thread_in_native, id=11232, stack(0x0000000dbff00000,0x0000000dc0000000) (1024K)]
  0x000001a7d99415e0 JavaThread "File watcher consumer"      daemon [_thread_blocked, id=15476, stack(0x0000000dc0000000,0x0000000dc0100000) (1024K)]
  0x000001a7d993f510 JavaThread "Cache worker for file content cache (C:\Users\HP\.gradle\caches\8.10.2\fileContent)"        [_thread_blocked, id=17196, stack(0x0000000dc0100000,0x0000000dc0200000) (1024K)]
  0x000001a7d9944a60 JavaThread "jar transforms"                    [_thread_blocked, id=1732, stack(0x0000000dc0500000,0x0000000dc0600000) (1024K)]
  0x000001a7d993e160 JavaThread "jar transforms Thread 2"           [_thread_blocked, id=736, stack(0x0000000dc0600000,0x0000000dc0700000) (1024K)]
  0x000001a7d9943d40 JavaThread "jar transforms Thread 3"           [_thread_blocked, id=6416, stack(0x0000000dc0400000,0x0000000dc0500000) (1024K)]
  0x000001a7d9940f50 JavaThread "jar transforms Thread 4"           [_thread_blocked, id=10620, stack(0x0000000dc0700000,0x0000000dc0800000) (1024K)]
  0x000001a7d993e7f0 JavaThread "jar transforms Thread 5"           [_thread_blocked, id=16516, stack(0x0000000dc0800000,0x0000000dc0900000) (1024K)]
  0x000001a7dc2c8480 JavaThread "jar transforms Thread 6"           [_thread_blocked, id=17380, stack(0x0000000dc0900000,0x0000000dc0a00000) (1024K)]
  0x000001a7dc2cb270 JavaThread "jar transforms Thread 7"           [_thread_blocked, id=3612, stack(0x0000000dc0b00000,0x0000000dc0c00000) (1024K)]
  0x000001a7dc577580 JavaThread "Memory manager"                    [_thread_blocked, id=5168, stack(0x0000000dc2100000,0x0000000dc2200000) (1024K)]
  0x000001a7dc57b090 JavaThread "jar transforms Thread 8"           [_thread_blocked, id=15260, stack(0x0000000dc2200000,0x0000000dc2300000) (1024K)]
  0x000001a7dc578930 JavaThread "File lock release action executor Thread 2"        [_thread_blocked, id=18756, stack(0x0000000dc2900000,0x0000000dc2a00000) (1024K)]
  0x000001a7dc5761d0 JavaThread "Cache worker for Java compile cache (C:\Users\HP\.gradle\caches\8.10.2\javaCompile)"        [_thread_blocked, id=18880, stack(0x0000000dc2a00000,0x0000000dc2b00000) (1024K)]
  0x000001a7dda95030 JavaThread "Handler for socket connection from /127.0.0.1:54529 to /127.0.0.1:54781"        [_thread_in_native, id=19216, stack(0x0000000dbd300000,0x0000000dbd400000) (1024K)]
  0x000001a7dda92240 JavaThread "Cancel handler"                    [_thread_blocked, id=19228, stack(0x0000000dbf100000,0x0000000dbf200000) (1024K)]
  0x000001a7dda95d50 JavaThread "Asynchronous log dispatcher for DefaultDaemonConnection: socket connection from /127.0.0.1:54529 to /127.0.0.1:54781"        [_thread_blocked, id=19120, stack(0x0000000dbf200000,0x0000000dbf300000) (1024K)]
  0x000001a7dda93c80 JavaThread "Stdin handler"                     [_thread_blocked, id=15628, stack(0x0000000dbf400000,0x0000000dbf500000) (1024K)]
  0x000001a7dda91520 JavaThread "Daemon client event forwarder"        [_thread_blocked, id=7536, stack(0x0000000dbf500000,0x0000000dbf600000) (1024K)]
  0x000001a7dda928d0 JavaThread "Cache worker for file hash cache (D:\quan_ly_toa_nha_van_phong\module_6_back_end\.gradle\8.10.2\fileHashes)"        [_thread_blocked, id=13260, stack(0x0000000dbf600000,0x0000000dbf700000) (1024K)]
  0x000001a7dda94310 JavaThread "Cache worker for Build Output Cleanup Cache (D:\quan_ly_toa_nha_van_phong\module_6_back_end\.gradle\buildOutputCleanup)"        [_thread_blocked, id=11148, stack(0x0000000dbfc00000,0x0000000dbfd00000) (1024K)]
  0x000001a7dda90e90 JavaThread "Cache worker for checksums cache (D:\quan_ly_toa_nha_van_phong\module_6_back_end\.gradle\8.10.2\checksums)"        [_thread_blocked, id=2112, stack(0x0000000dbfd00000,0x0000000dbfe00000) (1024K)]
  0x000001a7dda956c0 JavaThread "Cache worker for cache directory md-rule (C:\Users\HP\.gradle\caches\8.10.2\md-rule)"        [_thread_blocked, id=16468, stack(0x0000000dbfe00000,0x0000000dbff00000) (1024K)]
  0x000001a7dda963e0 JavaThread "Cache worker for cache directory md-supplier (C:\Users\HP\.gradle\caches\8.10.2\md-supplier)"        [_thread_blocked, id=15872, stack(0x0000000dc0200000,0x0000000dc0300000) (1024K)]
  0x000001a7dda96a70 JavaThread "Unconstrained build operations"        [_thread_blocked, id=18372, stack(0x0000000dc0300000,0x0000000dc0400000) (1024K)]
  0x000001a7dda97100 JavaThread "Unconstrained build operations Thread 2"        [_thread_blocked, id=11384, stack(0x0000000dc0c00000,0x0000000dc0d00000) (1024K)]
  0x000001a7dda935f0 JavaThread "Unconstrained build operations Thread 3"        [_thread_blocked, id=2288, stack(0x0000000dc0d00000,0x0000000dc0e00000) (1024K)]
  0x000001a7dda92f60 JavaThread "Unconstrained build operations Thread 4"        [_thread_blocked, id=16324, stack(0x0000000dc0e00000,0x0000000dc0f00000) (1024K)]
  0x000001a7dda90170 JavaThread "Unconstrained build operations Thread 5"        [_thread_blocked, id=7048, stack(0x0000000dc0f00000,0x0000000dc1000000) (1024K)]
  0x000001a7dda97790 JavaThread "Unconstrained build operations Thread 6"        [_thread_blocked, id=18956, stack(0x0000000dc1000000,0x0000000dc1100000) (1024K)]
  0x000001a7dd06d2e0 JavaThread "Unconstrained build operations Thread 7"        [_thread_blocked, id=10376, stack(0x0000000dc1100000,0x0000000dc1200000) (1024K)]
  0x000001a7dd06c5c0 JavaThread "Unconstrained build operations Thread 8"        [_thread_blocked, id=13888, stack(0x0000000dbfb00000,0x0000000dbfc00000) (1024K)]
  0x000001a7dd06ab80 JavaThread "Unconstrained build operations Thread 9"        [_thread_blocked, id=16112, stack(0x0000000dc1200000,0x0000000dc1300000) (1024K)]
  0x000001a7dd0700d0 JavaThread "Unconstrained build operations Thread 10"        [_thread_blocked, id=11884, stack(0x0000000dc1300000,0x0000000dc1400000) (1024K)]
  0x000001a7dd070760 JavaThread "Unconstrained build operations Thread 11"        [_thread_blocked, id=17696, stack(0x0000000dc1400000,0x0000000dc1500000) (1024K)]
  0x000001a7dd06f3b0 JavaThread "Unconstrained build operations Thread 12"        [_thread_blocked, id=12088, stack(0x0000000dc1500000,0x0000000dc1600000) (1024K)]
  0x000001a7dd06ed20 JavaThread "Unconstrained build operations Thread 13"        [_thread_blocked, id=18640, stack(0x0000000dc1600000,0x0000000dc1700000) (1024K)]
  0x000001a7dd06cc50 JavaThread "Unconstrained build operations Thread 14"        [_thread_blocked, id=18628, stack(0x0000000dc1700000,0x0000000dc1800000) (1024K)]
  0x000001a7dd06b210 JavaThread "Unconstrained build operations Thread 15"        [_thread_blocked, id=3960, stack(0x0000000dbd100000,0x0000000dbd200000) (1024K)]
  0x000001a7dd06b8a0 JavaThread "Unconstrained build operations Thread 16"        [_thread_blocked, id=19504, stack(0x0000000dbd200000,0x0000000dbd300000) (1024K)]
  0x000001a7db77d990 JavaThread "Unconstrained build operations Thread 17"        [_thread_blocked, id=19864, stack(0x0000000dc1f00000,0x0000000dc2000000) (1024K)]
  0x000001a7db77bf50 JavaThread "Unconstrained build operations Thread 18"        [_thread_blocked, id=19976, stack(0x0000000dc2000000,0x0000000dc2100000) (1024K)]
  0x000001a7db77e6b0 JavaThread "Unconstrained build operations Thread 19"        [_thread_blocked, id=20028, stack(0x0000000dc2300000,0x0000000dc2400000) (1024K)]
  0x000001a7db77f3d0 JavaThread "Unconstrained build operations Thread 20"        [_thread_blocked, id=18192, stack(0x0000000dc2400000,0x0000000dc2500000) (1024K)]
  0x000001a7db77a510 JavaThread "Unconstrained build operations Thread 21"        [_thread_blocked, id=13744, stack(0x0000000dc2500000,0x0000000dc2600000) (1024K)]
  0x000001a7db77d300 JavaThread "Unconstrained build operations Thread 22"        [_thread_blocked, id=16020, stack(0x0000000dc2600000,0x0000000dc2700000) (1024K)]
  0x000001a7db7800f0 JavaThread "Unconstrained build operations Thread 23"        [_thread_blocked, id=9828, stack(0x0000000dc0a00000,0x0000000dc0b00000) (1024K)]
  0x000001a7db780780 JavaThread "Unconstrained build operations Thread 24"        [_thread_blocked, id=5416, stack(0x0000000dc1800000,0x0000000dc1900000) (1024K)]
  0x000001a7db77c5e0 JavaThread "Unconstrained build operations Thread 25"        [_thread_blocked, id=14084, stack(0x0000000dc1900000,0x0000000dc1a00000) (1024K)]
  0x000001a7db7797f0 JavaThread "Unconstrained build operations Thread 26"        [_thread_blocked, id=8704, stack(0x0000000dc1a00000,0x0000000dc1b00000) (1024K)]
  0x000001a7db77aba0 JavaThread "Unconstrained build operations Thread 27"        [_thread_blocked, id=7276, stack(0x0000000dc1b00000,0x0000000dc1c00000) (1024K)]
  0x000001a7db779e80 JavaThread "Unconstrained build operations Thread 28"        [_thread_blocked, id=19412, stack(0x0000000dc1c00000,0x0000000dc1d00000) (1024K)]
  0x000001a7db780e10 JavaThread "Unconstrained build operations Thread 29"        [_thread_blocked, id=20664, stack(0x0000000dc1d00000,0x0000000dc1e00000) (1024K)]
  0x000001a7db77b230 JavaThread "Unconstrained build operations Thread 30"        [_thread_blocked, id=21092, stack(0x0000000dc2800000,0x0000000dc2900000) (1024K)]
  0x000001a7db77b8c0 JavaThread "Unconstrained build operations Thread 31"        [_thread_blocked, id=21308, stack(0x0000000dc2b00000,0x0000000dc2c00000) (1024K)]
  0x000001a7dc576ef0 JavaThread "Unconstrained build operations Thread 32"        [_thread_blocked, id=20892, stack(0x0000000dc2c00000,0x0000000dc2d00000) (1024K)]
  0x000001a7dc576860 JavaThread "Unconstrained build operations Thread 33"        [_thread_blocked, id=10572, stack(0x0000000dc2d00000,0x0000000dc2e00000) (1024K)]
  0x000001a7dc5782a0 JavaThread "Unconstrained build operations Thread 34"        [_thread_blocked, id=7992, stack(0x0000000dc2f00000,0x0000000dc3000000) (1024K)]
  0x000001a7dc5754b0 JavaThread "Unconstrained build operations Thread 35"        [_thread_blocked, id=21328, stack(0x0000000dc3000000,0x0000000dc3100000) (1024K)]
  0x000001a7dc579650 JavaThread "Unconstrained build operations Thread 36"        [_thread_blocked, id=20860, stack(0x0000000dc3100000,0x0000000dc3200000) (1024K)]
  0x000001a7dc577c10 JavaThread "Unconstrained build operations Thread 37"        [_thread_blocked, id=21680, stack(0x0000000dc1e00000,0x0000000dc1f00000) (1024K)]
  0x000001a7dc579ce0 JavaThread "Unconstrained build operations Thread 38"        [_thread_blocked, id=23020, stack(0x0000000dc2700000,0x0000000dc2800000) (1024K)]
  0x000001a7dc57a370 JavaThread "Unconstrained build operations Thread 39"        [_thread_blocked, id=23484, stack(0x0000000dc3200000,0x0000000dc3300000) (1024K)]
  0x000001a7dc57aa00 JavaThread "Unconstrained build operations Thread 40"        [_thread_blocked, id=22952, stack(0x0000000dc3300000,0x0000000dc3400000) (1024K)]
  0x000001a7dc573a70 JavaThread "Unconstrained build operations Thread 41"        [_thread_blocked, id=21556, stack(0x0000000dc2e00000,0x0000000dc2f00000) (1024K)]
  0x000001a7dc574100 JavaThread "Unconstrained build operations Thread 42"        [_thread_blocked, id=20016, stack(0x0000000dc3400000,0x0000000dc3500000) (1024K)]
  0x000001a7dc2c9ec0 JavaThread "Daemon Thread 4"                   [_thread_blocked, id=3752, stack(0x0000000dc3500000,0x0000000dc3600000) (1024K)]
  0x000001a7dc2ca550 JavaThread "Unconstrained build operations Thread 43"        [_thread_blocked, id=3848, stack(0x0000000dc3600000,0x0000000dc3700000) (1024K)]
  0x000001a7dc2c5690 JavaThread "Unconstrained build operations Thread 44"        [_thread_blocked, id=22948, stack(0x0000000dc3700000,0x0000000dc3800000) (1024K)]
  0x000001a7dc2c5d20 JavaThread "Unconstrained build operations Thread 45"        [_thread_blocked, id=20668, stack(0x0000000dc3800000,0x0000000dc3900000) (1024K)]
Total: 89

Other Threads:
  0x000001a7bf0ba5e0 VMThread "VM Thread"                           [id=16724, stack(0x0000000dbdb00000,0x0000000dbdc00000) (1024K)]
  0x000001a7bf0a6e50 WatcherThread "VM Periodic Task Thread"        [id=10232, stack(0x0000000dbda00000,0x0000000dbdb00000) (1024K)]
  0x000001a7a40e6ea0 WorkerThread "GC Thread#0"                     [id=15844, stack(0x0000000dbd500000,0x0000000dbd600000) (1024K)]
  0x000001a7d910ef50 WorkerThread "GC Thread#1"                     [id=11360, stack(0x0000000dbe700000,0x0000000dbe800000) (1024K)]
  0x000001a7bf687220 WorkerThread "GC Thread#2"                     [id=1864, stack(0x0000000dbe800000,0x0000000dbe900000) (1024K)]
  0x000001a7bf8de1d0 WorkerThread "GC Thread#3"                     [id=5468, stack(0x0000000dbe900000,0x0000000dbea00000) (1024K)]
  0x000001a7bf617550 WorkerThread "GC Thread#4"                     [id=14848, stack(0x0000000dbea00000,0x0000000dbeb00000) (1024K)]
  0x000001a7bf617900 WorkerThread "GC Thread#5"                     [id=5692, stack(0x0000000dbeb00000,0x0000000dbec00000) (1024K)]
  0x000001a7da0e27d0 WorkerThread "GC Thread#6"                     [id=16672, stack(0x0000000dbed00000,0x0000000dbee00000) (1024K)]
  0x000001a7da0e1560 WorkerThread "GC Thread#7"                     [id=6948, stack(0x0000000dbee00000,0x0000000dbef00000) (1024K)]
  0x000001a7a40ecd90 ConcurrentGCThread "G1 Main Marker"            [id=4468, stack(0x0000000dbd600000,0x0000000dbd700000) (1024K)]
  0x000001a7a40ed8f0 WorkerThread "G1 Conc#0"                       [id=15716, stack(0x0000000dbd700000,0x0000000dbd800000) (1024K)]
  0x000001a7da60be50 WorkerThread "G1 Conc#1"                       [id=3932, stack(0x0000000dbfa00000,0x0000000dbfb00000) (1024K)]
  0x000001a7bef7a6e0 ConcurrentGCThread "G1 Refine#0"               [id=15836, stack(0x0000000dbd800000,0x0000000dbd900000) (1024K)]
  0x000001a7bef7b100 ConcurrentGCThread "G1 Service"                [id=6092, stack(0x0000000dbd900000,0x0000000dbda00000) (1024K)]
Total: 15

Threads with active compile tasks:
C2 CompilerThread0  498620 12498       4       java.io.BufferedInputStream::<init> (68 bytes)
Total: 1

VM state: not at safepoint (normal execution)

VM Mutex/Monitor currently owned by a thread: None

Heap address: 0x00000000e0000000, size: 512 MB, Compressed Oops mode: 32-bit

CDS archive(s) mapped at: [0x000001a7c0000000-0x000001a7c0d70000-0x000001a7c0d70000), size 14090240, SharedBaseAddress: 0x000001a7c0000000, ArchiveRelocationMode: 1.
Compressed class space mapped at: 0x000001a7c1000000-0x000001a7d5000000, reserved size: 335544320
Narrow klass base: 0x000001a7c0000000, Narrow klass shift: 0, Narrow klass range: 0x15000000

GC Precious Log:
 CardTable entry size: 512
 Card Set container configuration: InlinePtr #cards 5 size 8 Array Of Cards #cards 10 size 36 Howl #buckets 4 coarsen threshold 1843 Howl Bitmap #cards 512 size 80 coarsen threshold 460 Card regions per heap region 1 cards per card region 2048
 CPUs: 8 total, 8 available
 Memory: 7957M
 Large Page Support: Disabled
 NUMA Support: Disabled
 Compressed Oops: Enabled (32-bit)
 Heap Region Size: 1M
 Heap Min Capacity: 256M
 Heap Initial Capacity: 256M
 Heap Max Capacity: 512M
 Pre-touch: Disabled
 Parallel Workers: 8
 Concurrent Workers: 2
 Concurrent Refinement Workers: 8
 Periodic GC: Disabled

Heap:
 garbage-first heap   total reserved 524288K, committed 262144K, used 190531K [0x00000000e0000000, 0x0000000100000000)
  region size 1024K, 136 young (139264K), 0 survivors (0K)
 Metaspace       used 63932K, committed 65984K, reserved 393216K
  class space    used 9381K, committed 10368K, reserved 327680K

Heap Regions: E=young(eden), S=young(survivor), O=old, HS=humongous(starts), HC=humongous(continues), CS=collection set, F=free, TAMS=top-at-mark-start, PB=parsable bottom
|   0|0x00000000e0000000, 0x00000000e0100000, 0x00000000e0100000|100%|HS|  |TAMS 0x00000000e0000000| PB 0x00000000e0000000| Untracked |  0
|   1|0x00000000e0100000, 0x00000000e0200000, 0x00000000e0200000|100%|HC|  |TAMS 0x00000000e0100000| PB 0x00000000e0100000| Untracked |  0
|   2|0x00000000e0200000, 0x00000000e0300000, 0x00000000e0300000|100%|HC|  |TAMS 0x00000000e0200000| PB 0x00000000e0200000| Untracked |  0
|   3|0x00000000e0300000, 0x00000000e0400000, 0x00000000e0400000|100%|HC|  |TAMS 0x00000000e0300000| PB 0x00000000e0300000| Untracked |  0
|   4|0x00000000e0400000, 0x00000000e0500000, 0x00000000e0500000|100%| O|  |TAMS 0x00000000e0400000| PB 0x00000000e0400000| Untracked |  0
|   5|0x00000000e0500000, 0x00000000e05fc978, 0x00000000e0600000| 98%| O|  |TAMS 0x00000000e0500000| PB 0x00000000e0500000| Untracked |  0
|   6|0x00000000e0600000, 0x00000000e06ffff8, 0x00000000e0700000| 99%| O|  |TAMS 0x00000000e0600000| PB 0x00000000e0600000| Untracked |  0
|   7|0x00000000e0700000, 0x00000000e0800000, 0x00000000e0800000|100%| O|  |TAMS 0x00000000e0700000| PB 0x00000000e0700000| Untracked |  0
|   8|0x00000000e0800000, 0x00000000e0900000, 0x00000000e0900000|100%| O|  |TAMS 0x00000000e0800000| PB 0x00000000e0800000| Untracked |  0
|   9|0x00000000e0900000, 0x00000000e0a00000, 0x00000000e0a00000|100%| O|  |TAMS 0x00000000e0900000| PB 0x00000000e0900000| Untracked |  0
|  10|0x00000000e0a00000, 0x00000000e0afff68, 0x00000000e0b00000| 99%| O|  |TAMS 0x00000000e0a00000| PB 0x00000000e0a00000| Untracked |  0
|  11|0x00000000e0b00000, 0x00000000e0c00000, 0x00000000e0c00000|100%|HS|  |TAMS 0x00000000e0b00000| PB 0x00000000e0b00000| Untracked |  0
|  12|0x00000000e0c00000, 0x00000000e0d00000, 0x00000000e0d00000|100%| O|  |TAMS 0x00000000e0c00000| PB 0x00000000e0c00000| Untracked |  0
|  13|0x00000000e0d00000, 0x00000000e0e00000, 0x00000000e0e00000|100%| O|  |TAMS 0x00000000e0d00000| PB 0x00000000e0d00000| Untracked |  0
|  14|0x00000000e0e00000, 0x00000000e0f00000, 0x00000000e0f00000|100%| O|  |TAMS 0x00000000e0e00000| PB 0x00000000e0e00000| Untracked |  0
|  15|0x00000000e0f00000, 0x00000000e1000000, 0x00000000e1000000|100%| O|  |TAMS 0x00000000e0f00000| PB 0x00000000e0f00000| Untracked |  0
|  16|0x00000000e1000000, 0x00000000e1100000, 0x00000000e1100000|100%| O|  |TAMS 0x00000000e1000000| PB 0x00000000e1000000| Untracked |  0
|  17|0x00000000e1100000, 0x00000000e1200000, 0x00000000e1200000|100%| O|  |TAMS 0x00000000e1100000| PB 0x00000000e1100000| Untracked |  0
|  18|0x00000000e1200000, 0x00000000e12ffff0, 0x00000000e1300000| 99%| O|  |TAMS 0x00000000e1200000| PB 0x00000000e1200000| Untracked |  0
|  19|0x00000000e1300000, 0x00000000e1400000, 0x00000000e1400000|100%| O|  |TAMS 0x00000000e1300000| PB 0x00000000e1300000| Untracked |  0
|  20|0x00000000e1400000, 0x00000000e1500000, 0x00000000e1500000|100%| O|  |TAMS 0x00000000e1400000| PB 0x00000000e1400000| Untracked |  0
|  21|0x00000000e1500000, 0x00000000e15fffe0, 0x00000000e1600000| 99%| O|  |TAMS 0x00000000e1500000| PB 0x00000000e1500000| Untracked |  0
|  22|0x00000000e1600000, 0x00000000e1700000, 0x00000000e1700000|100%| O|  |TAMS 0x00000000e1600000| PB 0x00000000e1600000| Untracked |  0
|  23|0x00000000e1700000, 0x00000000e17ffff8, 0x00000000e1800000| 99%| O|  |TAMS 0x00000000e1700000| PB 0x00000000e1700000| Untracked |  0
|  24|0x00000000e1800000, 0x00000000e1900000, 0x00000000e1900000|100%| O|  |TAMS 0x00000000e1800000| PB 0x00000000e1800000| Untracked |  0
|  25|0x00000000e1900000, 0x00000000e1a00000, 0x00000000e1a00000|100%| O|  |TAMS 0x00000000e1900000| PB 0x00000000e1900000| Untracked |  0
|  26|0x00000000e1a00000, 0x00000000e1b00000, 0x00000000e1b00000|100%| O|  |TAMS 0x00000000e1a00000| PB 0x00000000e1a00000| Untracked |  0
|  27|0x00000000e1b00000, 0x00000000e1c00000, 0x00000000e1c00000|100%| O|  |TAMS 0x00000000e1b00000| PB 0x00000000e1b00000| Untracked |  0
|  28|0x00000000e1c00000, 0x00000000e1d00000, 0x00000000e1d00000|100%| O|  |TAMS 0x00000000e1c00000| PB 0x00000000e1c00000| Untracked |  0
|  29|0x00000000e1d00000, 0x00000000e1e00000, 0x00000000e1e00000|100%| O|  |TAMS 0x00000000e1d00000| PB 0x00000000e1d00000| Untracked |  0
|  30|0x00000000e1e00000, 0x00000000e1effff0, 0x00000000e1f00000| 99%| O|  |TAMS 0x00000000e1e00000| PB 0x00000000e1e00000| Untracked |  0
|  31|0x00000000e1f00000, 0x00000000e1fffff0, 0x00000000e2000000| 99%| O|  |TAMS 0x00000000e1f00000| PB 0x00000000e1f00000| Untracked |  0
|  32|0x00000000e2000000, 0x00000000e2100000, 0x00000000e2100000|100%| O|  |TAMS 0x00000000e2000000| PB 0x00000000e2000000| Untracked |  0
|  33|0x00000000e2100000, 0x00000000e2200000, 0x00000000e2200000|100%| O|  |TAMS 0x00000000e2100000| PB 0x00000000e2100000| Untracked |  0
|  34|0x00000000e2200000, 0x00000000e2300000, 0x00000000e2300000|100%| O|  |TAMS 0x00000000e2200000| PB 0x00000000e2200000| Untracked |  0
|  35|0x00000000e2300000, 0x00000000e2400000, 0x00000000e2400000|100%| O|  |TAMS 0x00000000e2300000| PB 0x00000000e2300000| Untracked |  0
|  36|0x00000000e2400000, 0x00000000e2500000, 0x00000000e2500000|100%| O|  |TAMS 0x00000000e2400000| PB 0x00000000e2400000| Untracked |  0
|  37|0x00000000e2500000, 0x00000000e2600000, 0x00000000e2600000|100%| O|  |TAMS 0x00000000e2500000| PB 0x00000000e2500000| Untracked |  0
|  38|0x00000000e2600000, 0x00000000e2700000, 0x00000000e2700000|100%| O|  |TAMS 0x00000000e2600000| PB 0x00000000e2600000| Untracked |  0
|  39|0x00000000e2700000, 0x00000000e2800000, 0x00000000e2800000|100%| O|  |TAMS 0x00000000e2700000| PB 0x00000000e2700000| Untracked |  0
|  40|0x00000000e2800000, 0x00000000e2900000, 0x00000000e2900000|100%| O|  |TAMS 0x00000000e2800000| PB 0x00000000e2800000| Untracked |  0
|  41|0x00000000e2900000, 0x00000000e2a00000, 0x00000000e2a00000|100%| O|  |TAMS 0x00000000e2900000| PB 0x00000000e2900000| Untracked |  0
|  42|0x00000000e2a00000, 0x00000000e2b00000, 0x00000000e2b00000|100%| O|  |TAMS 0x00000000e2a00000| PB 0x00000000e2a00000| Untracked |  0
|  43|0x00000000e2b00000, 0x00000000e2c00000, 0x00000000e2c00000|100%| O|  |TAMS 0x00000000e2b00000| PB 0x00000000e2b00000| Untracked |  0
|  44|0x00000000e2c00000, 0x00000000e2d00000, 0x00000000e2d00000|100%| O|  |TAMS 0x00000000e2c00000| PB 0x00000000e2c00000| Untracked |  0
|  45|0x00000000e2d00000, 0x00000000e2e00000, 0x00000000e2e00000|100%| O|  |TAMS 0x00000000e2d00000| PB 0x00000000e2d00000| Untracked |  0
|  46|0x00000000e2e00000, 0x00000000e2effff8, 0x00000000e2f00000| 99%| O|  |TAMS 0x00000000e2e00000| PB 0x00000000e2e00000| Untracked |  0
|  47|0x00000000e2f00000, 0x00000000e2fff660, 0x00000000e3000000| 99%| O|  |TAMS 0x00000000e2f00000| PB 0x00000000e2f00000| Untracked |  0
|  48|0x00000000e3000000, 0x00000000e30fffd8, 0x00000000e3100000| 99%| O|  |TAMS 0x00000000e3000000| PB 0x00000000e3000000| Untracked |  0
|  49|0x00000000e3100000, 0x00000000e31c9768, 0x00000000e3200000| 78%| O|  |TAMS 0x00000000e3100000| PB 0x00000000e3100000| Untracked |  0
|  50|0x00000000e3200000, 0x00000000e321ce08, 0x00000000e3300000| 11%| O|  |TAMS 0x00000000e3200000| PB 0x00000000e3200000| Untracked |  0
|  51|0x00000000e3300000, 0x00000000e33375e0, 0x00000000e3400000| 21%| O|  |TAMS 0x00000000e3300000| PB 0x00000000e3300000| Untracked |  0
|  52|0x00000000e3400000, 0x00000000e346cc80, 0x00000000e3500000| 42%| O|  |TAMS 0x00000000e3400000| PB 0x00000000e3400000| Untracked |  0
|  53|0x00000000e3500000, 0x00000000e356b950, 0x00000000e3600000| 42%| O|  |TAMS 0x00000000e3500000| PB 0x00000000e3500000| Untracked |  0
|  54|0x00000000e3600000, 0x00000000e361ee28, 0x00000000e3700000| 12%| O|  |TAMS 0x00000000e3600000| PB 0x00000000e3600000| Untracked |  0
|  55|0x00000000e3700000, 0x00000000e3700000, 0x00000000e3800000|  0%| F|  |TAMS 0x00000000e3700000| PB 0x00000000e3700000| Untracked |  0
|  56|0x00000000e3800000, 0x00000000e3800000, 0x00000000e3900000|  0%| F|  |TAMS 0x00000000e3800000| PB 0x00000000e3800000| Untracked |  0
|  57|0x00000000e3900000, 0x00000000e3900000, 0x00000000e3a00000|  0%| F|  |TAMS 0x00000000e3900000| PB 0x00000000e3900000| Untracked |  0
|  58|0x00000000e3a00000, 0x00000000e3a00000, 0x00000000e3b00000|  0%| F|  |TAMS 0x00000000e3a00000| PB 0x00000000e3a00000| Untracked |  0
|  59|0x00000000e3b00000, 0x00000000e3b00000, 0x00000000e3c00000|  0%| F|  |TAMS 0x00000000e3b00000| PB 0x00000000e3b00000| Untracked |  0
|  60|0x00000000e3c00000, 0x00000000e3c00000, 0x00000000e3d00000|  0%| F|  |TAMS 0x00000000e3c00000| PB 0x00000000e3c00000| Untracked |  0
|  61|0x00000000e3d00000, 0x00000000e3d00000, 0x00000000e3e00000|  0%| F|  |TAMS 0x00000000e3d00000| PB 0x00000000e3d00000| Untracked |  0
|  62|0x00000000e3e00000, 0x00000000e3e00000, 0x00000000e3f00000|  0%| F|  |TAMS 0x00000000e3e00000| PB 0x00000000e3e00000| Untracked |  0
|  63|0x00000000e3f00000, 0x00000000e3f00000, 0x00000000e4000000|  0%| F|  |TAMS 0x00000000e3f00000| PB 0x00000000e3f00000| Untracked |  0
|  64|0x00000000e4000000, 0x00000000e4000000, 0x00000000e4100000|  0%| F|  |TAMS 0x00000000e4000000| PB 0x00000000e4000000| Untracked |  0
|  65|0x00000000e4100000, 0x00000000e4100000, 0x00000000e4200000|  0%| F|  |TAMS 0x00000000e4100000| PB 0x00000000e4100000| Untracked |  0
|  66|0x00000000e4200000, 0x00000000e4200000, 0x00000000e4300000|  0%| F|  |TAMS 0x00000000e4200000| PB 0x00000000e4200000| Untracked |  0
|  67|0x00000000e4300000, 0x00000000e4300000, 0x00000000e4400000|  0%| F|  |TAMS 0x00000000e4300000| PB 0x00000000e4300000| Untracked |  0
|  68|0x00000000e4400000, 0x00000000e4400000, 0x00000000e4500000|  0%| F|  |TAMS 0x00000000e4400000| PB 0x00000000e4400000| Untracked |  0
|  69|0x00000000e4500000, 0x00000000e4500000, 0x00000000e4600000|  0%| F|  |TAMS 0x00000000e4500000| PB 0x00000000e4500000| Untracked |  0
|  70|0x00000000e4600000, 0x00000000e4600000, 0x00000000e4700000|  0%| F|  |TAMS 0x00000000e4600000| PB 0x00000000e4600000| Untracked |  0
|  71|0x00000000e4700000, 0x00000000e4700000, 0x00000000e4800000|  0%| F|  |TAMS 0x00000000e4700000| PB 0x00000000e4700000| Untracked |  0
|  72|0x00000000e4800000, 0x00000000e4800000, 0x00000000e4900000|  0%| F|  |TAMS 0x00000000e4800000| PB 0x00000000e4800000| Untracked |  0
|  73|0x00000000e4900000, 0x00000000e4900000, 0x00000000e4a00000|  0%| F|  |TAMS 0x00000000e4900000| PB 0x00000000e4900000| Untracked |  0
|  74|0x00000000e4a00000, 0x00000000e4a00000, 0x00000000e4b00000|  0%| F|  |TAMS 0x00000000e4a00000| PB 0x00000000e4a00000| Untracked |  0
|  75|0x00000000e4b00000, 0x00000000e4b00000, 0x00000000e4c00000|  0%| F|  |TAMS 0x00000000e4b00000| PB 0x00000000e4b00000| Untracked |  0
|  76|0x00000000e4c00000, 0x00000000e4c00000, 0x00000000e4d00000|  0%| F|  |TAMS 0x00000000e4c00000| PB 0x00000000e4c00000| Untracked |  0
|  77|0x00000000e4d00000, 0x00000000e4d00000, 0x00000000e4e00000|  0%| F|  |TAMS 0x00000000e4d00000| PB 0x00000000e4d00000| Untracked |  0
|  78|0x00000000e4e00000, 0x00000000e4e00000, 0x00000000e4f00000|  0%| F|  |TAMS 0x00000000e4e00000| PB 0x00000000e4e00000| Untracked |  0
|  79|0x00000000e4f00000, 0x00000000e4f00000, 0x00000000e5000000|  0%| F|  |TAMS 0x00000000e4f00000| PB 0x00000000e4f00000| Untracked |  0
|  80|0x00000000e5000000, 0x00000000e5000000, 0x00000000e5100000|  0%| F|  |TAMS 0x00000000e5000000| PB 0x00000000e5000000| Untracked |  0
|  81|0x00000000e5100000, 0x00000000e5100000, 0x00000000e5200000|  0%| F|  |TAMS 0x00000000e5100000| PB 0x00000000e5100000| Untracked |  0
|  82|0x00000000e5200000, 0x00000000e5200000, 0x00000000e5300000|  0%| F|  |TAMS 0x00000000e5200000| PB 0x00000000e5200000| Untracked |  0
|  83|0x00000000e5300000, 0x00000000e5300000, 0x00000000e5400000|  0%| F|  |TAMS 0x00000000e5300000| PB 0x00000000e5300000| Untracked |  0
|  84|0x00000000e5400000, 0x00000000e5400000, 0x00000000e5500000|  0%| F|  |TAMS 0x00000000e5400000| PB 0x00000000e5400000| Untracked |  0
|  85|0x00000000e5500000, 0x00000000e5500000, 0x00000000e5600000|  0%| F|  |TAMS 0x00000000e5500000| PB 0x00000000e5500000| Untracked |  0
|  86|0x00000000e5600000, 0x00000000e5600000, 0x00000000e5700000|  0%| F|  |TAMS 0x00000000e5600000| PB 0x00000000e5600000| Untracked |  0
|  87|0x00000000e5700000, 0x00000000e5700000, 0x00000000e5800000|  0%| F|  |TAMS 0x00000000e5700000| PB 0x00000000e5700000| Untracked |  0
|  88|0x00000000e5800000, 0x00000000e5800000, 0x00000000e5900000|  0%| F|  |TAMS 0x00000000e5800000| PB 0x00000000e5800000| Untracked |  0
|  89|0x00000000e5900000, 0x00000000e5900000, 0x00000000e5a00000|  0%| F|  |TAMS 0x00000000e5900000| PB 0x00000000e5900000| Untracked |  0
|  90|0x00000000e5a00000, 0x00000000e5a00000, 0x00000000e5b00000|  0%| F|  |TAMS 0x00000000e5a00000| PB 0x00000000e5a00000| Untracked |  0
|  91|0x00000000e5b00000, 0x00000000e5b00000, 0x00000000e5c00000|  0%| F|  |TAMS 0x00000000e5b00000| PB 0x00000000e5b00000| Untracked |  0
|  92|0x00000000e5c00000, 0x00000000e5c00000, 0x00000000e5d00000|  0%| F|  |TAMS 0x00000000e5c00000| PB 0x00000000e5c00000| Untracked |  0
|  93|0x00000000e5d00000, 0x00000000e5d00000, 0x00000000e5e00000|  0%| F|  |TAMS 0x00000000e5d00000| PB 0x00000000e5d00000| Untracked |  0
|  94|0x00000000e5e00000, 0x00000000e5e00000, 0x00000000e5f00000|  0%| F|  |TAMS 0x00000000e5e00000| PB 0x00000000e5e00000| Untracked |  0
|  95|0x00000000e5f00000, 0x00000000e5f00000, 0x00000000e6000000|  0%| F|  |TAMS 0x00000000e5f00000| PB 0x00000000e5f00000| Untracked |  0
|  96|0x00000000e6000000, 0x00000000e6000000, 0x00000000e6100000|  0%| F|  |TAMS 0x00000000e6000000| PB 0x00000000e6000000| Untracked |  0
|  97|0x00000000e6100000, 0x00000000e6100000, 0x00000000e6200000|  0%| F|  |TAMS 0x00000000e6100000| PB 0x00000000e6100000| Untracked |  0
|  98|0x00000000e6200000, 0x00000000e6200000, 0x00000000e6300000|  0%| F|  |TAMS 0x00000000e6200000| PB 0x00000000e6200000| Untracked |  0
|  99|0x00000000e6300000, 0x00000000e6300000, 0x00000000e6400000|  0%| F|  |TAMS 0x00000000e6300000| PB 0x00000000e6300000| Untracked |  0
| 100|0x00000000e6400000, 0x00000000e6400000, 0x00000000e6500000|  0%| F|  |TAMS 0x00000000e6400000| PB 0x00000000e6400000| Untracked |  0
| 101|0x00000000e6500000, 0x00000000e6500000, 0x00000000e6600000|  0%| F|  |TAMS 0x00000000e6500000| PB 0x00000000e6500000| Untracked |  0
| 102|0x00000000e6600000, 0x00000000e6600000, 0x00000000e6700000|  0%| F|  |TAMS 0x00000000e6600000| PB 0x00000000e6600000| Untracked |  0
| 103|0x00000000e6700000, 0x00000000e6700000, 0x00000000e6800000|  0%| F|  |TAMS 0x00000000e6700000| PB 0x00000000e6700000| Untracked |  0
| 104|0x00000000e6800000, 0x00000000e6800000, 0x00000000e6900000|  0%| F|  |TAMS 0x00000000e6800000| PB 0x00000000e6800000| Untracked |  0
| 105|0x00000000e6900000, 0x00000000e6900000, 0x00000000e6a00000|  0%| F|  |TAMS 0x00000000e6900000| PB 0x00000000e6900000| Untracked |  0
| 106|0x00000000e6a00000, 0x00000000e6a00000, 0x00000000e6b00000|  0%| F|  |TAMS 0x00000000e6a00000| PB 0x00000000e6a00000| Untracked |  0
| 107|0x00000000e6b00000, 0x00000000e6b00000, 0x00000000e6c00000|  0%| F|  |TAMS 0x00000000e6b00000| PB 0x00000000e6b00000| Untracked |  0
| 108|0x00000000e6c00000, 0x00000000e6c00000, 0x00000000e6d00000|  0%| F|  |TAMS 0x00000000e6c00000| PB 0x00000000e6c00000| Untracked |  0
| 109|0x00000000e6d00000, 0x00000000e6d00000, 0x00000000e6e00000|  0%| F|  |TAMS 0x00000000e6d00000| PB 0x00000000e6d00000| Untracked |  0
| 110|0x00000000e6e00000, 0x00000000e6e00000, 0x00000000e6f00000|  0%| F|  |TAMS 0x00000000e6e00000| PB 0x00000000e6e00000| Untracked |  0
| 111|0x00000000e6f00000, 0x00000000e6f00000, 0x00000000e7000000|  0%| F|  |TAMS 0x00000000e6f00000| PB 0x00000000e6f00000| Untracked |  0
| 112|0x00000000e7000000, 0x00000000e7000000, 0x00000000e7100000|  0%| F|  |TAMS 0x00000000e7000000| PB 0x00000000e7000000| Untracked |  0
| 113|0x00000000e7100000, 0x00000000e7100000, 0x00000000e7200000|  0%| F|  |TAMS 0x00000000e7100000| PB 0x00000000e7100000| Untracked |  0
| 114|0x00000000e7200000, 0x00000000e7200000, 0x00000000e7300000|  0%| F|  |TAMS 0x00000000e7200000| PB 0x00000000e7200000| Untracked |  0
| 115|0x00000000e7300000, 0x00000000e7300000, 0x00000000e7400000|  0%| F|  |TAMS 0x00000000e7300000| PB 0x00000000e7300000| Untracked |  0
| 116|0x00000000e7400000, 0x00000000e7400000, 0x00000000e7500000|  0%| F|  |TAMS 0x00000000e7400000| PB 0x00000000e7400000| Untracked |  0
| 117|0x00000000e7500000, 0x00000000e7500000, 0x00000000e7600000|  0%| F|  |TAMS 0x00000000e7500000| PB 0x00000000e7500000| Untracked |  0
| 118|0x00000000e7600000, 0x00000000e7600000, 0x00000000e7700000|  0%| F|  |TAMS 0x00000000e7600000| PB 0x00000000e7600000| Untracked |  0
| 119|0x00000000e7700000, 0x00000000e77b2008, 0x00000000e7800000| 69%| E|  |TAMS 0x00000000e7700000| PB 0x00000000e7700000| Complete |  0
| 120|0x00000000e7800000, 0x00000000e7900000, 0x00000000e7900000|100%| E|CS|TAMS 0x00000000e7800000| PB 0x00000000e7800000| Complete |  0
| 121|0x00000000e7900000, 0x00000000e7a00000, 0x00000000e7a00000|100%| E|CS|TAMS 0x00000000e7900000| PB 0x00000000e7900000| Complete |  0
| 122|0x00000000e7a00000, 0x00000000e7b00000, 0x00000000e7b00000|100%| E|CS|TAMS 0x00000000e7a00000| PB 0x00000000e7a00000| Complete |  0
| 123|0x00000000e7b00000, 0x00000000e7c00000, 0x00000000e7c00000|100%| E|CS|TAMS 0x00000000e7b00000| PB 0x00000000e7b00000| Complete |  0
| 124|0x00000000e7c00000, 0x00000000e7d00000, 0x00000000e7d00000|100%| E|CS|TAMS 0x00000000e7c00000| PB 0x00000000e7c00000| Complete |  0
| 125|0x00000000e7d00000, 0x00000000e7e00000, 0x00000000e7e00000|100%| E|CS|TAMS 0x00000000e7d00000| PB 0x00000000e7d00000| Complete |  0
| 126|0x00000000e7e00000, 0x00000000e7f00000, 0x00000000e7f00000|100%| E|CS|TAMS 0x00000000e7e00000| PB 0x00000000e7e00000| Complete |  0
| 127|0x00000000e7f00000, 0x00000000e8000000, 0x00000000e8000000|100%| E|CS|TAMS 0x00000000e7f00000| PB 0x00000000e7f00000| Complete |  0
| 128|0x00000000e8000000, 0x00000000e8100000, 0x00000000e8100000|100%| E|CS|TAMS 0x00000000e8000000| PB 0x00000000e8000000| Complete |  0
| 129|0x00000000e8100000, 0x00000000e8200000, 0x00000000e8200000|100%| E|CS|TAMS 0x00000000e8100000| PB 0x00000000e8100000| Complete |  0
| 130|0x00000000e8200000, 0x00000000e8300000, 0x00000000e8300000|100%| E|CS|TAMS 0x00000000e8200000| PB 0x00000000e8200000| Complete |  0
| 131|0x00000000e8300000, 0x00000000e8400000, 0x00000000e8400000|100%| E|CS|TAMS 0x00000000e8300000| PB 0x00000000e8300000| Complete |  0
| 132|0x00000000e8400000, 0x00000000e8500000, 0x00000000e8500000|100%| E|CS|TAMS 0x00000000e8400000| PB 0x00000000e8400000| Complete |  0
| 133|0x00000000e8500000, 0x00000000e8600000, 0x00000000e8600000|100%| E|CS|TAMS 0x00000000e8500000| PB 0x00000000e8500000| Complete |  0
| 134|0x00000000e8600000, 0x00000000e8700000, 0x00000000e8700000|100%| E|CS|TAMS 0x00000000e8600000| PB 0x00000000e8600000| Complete |  0
| 135|0x00000000e8700000, 0x00000000e8800000, 0x00000000e8800000|100%| E|CS|TAMS 0x00000000e8700000| PB 0x00000000e8700000| Complete |  0
| 136|0x00000000e8800000, 0x00000000e8900000, 0x00000000e8900000|100%| E|CS|TAMS 0x00000000e8800000| PB 0x00000000e8800000| Complete |  0
| 137|0x00000000e8900000, 0x00000000e8a00000, 0x00000000e8a00000|100%| E|CS|TAMS 0x00000000e8900000| PB 0x00000000e8900000| Complete |  0
| 138|0x00000000e8a00000, 0x00000000e8b00000, 0x00000000e8b00000|100%| E|CS|TAMS 0x00000000e8a00000| PB 0x00000000e8a00000| Complete |  0
| 139|0x00000000e8b00000, 0x00000000e8c00000, 0x00000000e8c00000|100%| E|CS|TAMS 0x00000000e8b00000| PB 0x00000000e8b00000| Complete |  0
| 140|0x00000000e8c00000, 0x00000000e8d00000, 0x00000000e8d00000|100%| E|CS|TAMS 0x00000000e8c00000| PB 0x00000000e8c00000| Complete |  0
| 141|0x00000000e8d00000, 0x00000000e8e00000, 0x00000000e8e00000|100%| E|CS|TAMS 0x00000000e8d00000| PB 0x00000000e8d00000| Complete |  0
| 142|0x00000000e8e00000, 0x00000000e8f00000, 0x00000000e8f00000|100%| E|CS|TAMS 0x00000000e8e00000| PB 0x00000000e8e00000| Complete |  0
| 143|0x00000000e8f00000, 0x00000000e9000000, 0x00000000e9000000|100%| E|CS|TAMS 0x00000000e8f00000| PB 0x00000000e8f00000| Complete |  0
| 144|0x00000000e9000000, 0x00000000e9100000, 0x00000000e9100000|100%| E|CS|TAMS 0x00000000e9000000| PB 0x00000000e9000000| Complete |  0
| 145|0x00000000e9100000, 0x00000000e9200000, 0x00000000e9200000|100%| E|CS|TAMS 0x00000000e9100000| PB 0x00000000e9100000| Complete |  0
| 146|0x00000000e9200000, 0x00000000e9300000, 0x00000000e9300000|100%| E|CS|TAMS 0x00000000e9200000| PB 0x00000000e9200000| Complete |  0
| 147|0x00000000e9300000, 0x00000000e9400000, 0x00000000e9400000|100%| E|CS|TAMS 0x00000000e9300000| PB 0x00000000e9300000| Complete |  0
| 148|0x00000000e9400000, 0x00000000e9500000, 0x00000000e9500000|100%| E|CS|TAMS 0x00000000e9400000| PB 0x00000000e9400000| Complete |  0
| 149|0x00000000e9500000, 0x00000000e9600000, 0x00000000e9600000|100%| E|CS|TAMS 0x00000000e9500000| PB 0x00000000e9500000| Complete |  0
| 150|0x00000000e9600000, 0x00000000e9700000, 0x00000000e9700000|100%| E|CS|TAMS 0x00000000e9600000| PB 0x00000000e9600000| Complete |  0
| 151|0x00000000e9700000, 0x00000000e9800000, 0x00000000e9800000|100%| E|CS|TAMS 0x00000000e9700000| PB 0x00000000e9700000| Complete |  0
| 152|0x00000000e9800000, 0x00000000e9900000, 0x00000000e9900000|100%| E|CS|TAMS 0x00000000e9800000| PB 0x00000000e9800000| Complete |  0
| 153|0x00000000e9900000, 0x00000000e9a00000, 0x00000000e9a00000|100%| E|CS|TAMS 0x00000000e9900000| PB 0x00000000e9900000| Complete |  0
| 154|0x00000000e9a00000, 0x00000000e9b00000, 0x00000000e9b00000|100%| E|CS|TAMS 0x00000000e9a00000| PB 0x00000000e9a00000| Complete |  0
| 155|0x00000000e9b00000, 0x00000000e9c00000, 0x00000000e9c00000|100%| E|CS|TAMS 0x00000000e9b00000| PB 0x00000000e9b00000| Complete |  0
| 156|0x00000000e9c00000, 0x00000000e9d00000, 0x00000000e9d00000|100%| E|CS|TAMS 0x00000000e9c00000| PB 0x00000000e9c00000| Complete |  0
| 157|0x00000000e9d00000, 0x00000000e9e00000, 0x00000000e9e00000|100%| E|CS|TAMS 0x00000000e9d00000| PB 0x00000000e9d00000| Complete |  0
| 158|0x00000000e9e00000, 0x00000000e9f00000, 0x00000000e9f00000|100%| E|CS|TAMS 0x00000000e9e00000| PB 0x00000000e9e00000| Complete |  0
| 159|0x00000000e9f00000, 0x00000000ea000000, 0x00000000ea000000|100%| E|CS|TAMS 0x00000000e9f00000| PB 0x00000000e9f00000| Complete |  0
| 160|0x00000000ea000000, 0x00000000ea100000, 0x00000000ea100000|100%| E|CS|TAMS 0x00000000ea000000| PB 0x00000000ea000000| Complete |  0
| 161|0x00000000ea100000, 0x00000000ea200000, 0x00000000ea200000|100%| E|CS|TAMS 0x00000000ea100000| PB 0x00000000ea100000| Complete |  0
| 162|0x00000000ea200000, 0x00000000ea300000, 0x00000000ea300000|100%| E|CS|TAMS 0x00000000ea200000| PB 0x00000000ea200000| Complete |  0
| 163|0x00000000ea300000, 0x00000000ea400000, 0x00000000ea400000|100%| E|CS|TAMS 0x00000000ea300000| PB 0x00000000ea300000| Complete |  0
| 164|0x00000000ea400000, 0x00000000ea500000, 0x00000000ea500000|100%| E|CS|TAMS 0x00000000ea400000| PB 0x00000000ea400000| Complete |  0
| 165|0x00000000ea500000, 0x00000000ea600000, 0x00000000ea600000|100%| E|CS|TAMS 0x00000000ea500000| PB 0x00000000ea500000| Complete |  0
| 166|0x00000000ea600000, 0x00000000ea700000, 0x00000000ea700000|100%| E|CS|TAMS 0x00000000ea600000| PB 0x00000000ea600000| Complete |  0
| 167|0x00000000ea700000, 0x00000000ea800000, 0x00000000ea800000|100%| E|CS|TAMS 0x00000000ea700000| PB 0x00000000ea700000| Complete |  0
| 168|0x00000000ea800000, 0x00000000ea900000, 0x00000000ea900000|100%| E|CS|TAMS 0x00000000ea800000| PB 0x00000000ea800000| Complete |  0
| 169|0x00000000ea900000, 0x00000000eaa00000, 0x00000000eaa00000|100%| E|CS|TAMS 0x00000000ea900000| PB 0x00000000ea900000| Complete |  0
| 170|0x00000000eaa00000, 0x00000000eab00000, 0x00000000eab00000|100%| E|CS|TAMS 0x00000000eaa00000| PB 0x00000000eaa00000| Complete |  0
| 171|0x00000000eab00000, 0x00000000eac00000, 0x00000000eac00000|100%| E|CS|TAMS 0x00000000eab00000| PB 0x00000000eab00000| Complete |  0
| 172|0x00000000eac00000, 0x00000000ead00000, 0x00000000ead00000|100%| E|CS|TAMS 0x00000000eac00000| PB 0x00000000eac00000| Complete |  0
| 173|0x00000000ead00000, 0x00000000eae00000, 0x00000000eae00000|100%| E|CS|TAMS 0x00000000ead00000| PB 0x00000000ead00000| Complete |  0
| 174|0x00000000eae00000, 0x00000000eaf00000, 0x00000000eaf00000|100%| E|CS|TAMS 0x00000000eae00000| PB 0x00000000eae00000| Complete |  0
| 175|0x00000000eaf00000, 0x00000000eb000000, 0x00000000eb000000|100%| O|  |TAMS 0x00000000eaf00000| PB 0x00000000eaf00000| Untracked |  0
| 176|0x00000000eb000000, 0x00000000eb100000, 0x00000000eb100000|100%| E|CS|TAMS 0x00000000eb000000| PB 0x00000000eb000000| Complete |  0
| 177|0x00000000eb100000, 0x00000000eb200000, 0x00000000eb200000|100%| E|CS|TAMS 0x00000000eb100000| PB 0x00000000eb100000| Complete |  0
| 178|0x00000000eb200000, 0x00000000eb300000, 0x00000000eb300000|100%| E|CS|TAMS 0x00000000eb200000| PB 0x00000000eb200000| Complete |  0
| 179|0x00000000eb300000, 0x00000000eb400000, 0x00000000eb400000|100%| E|CS|TAMS 0x00000000eb300000| PB 0x00000000eb300000| Complete |  0
| 180|0x00000000eb400000, 0x00000000eb500000, 0x00000000eb500000|100%| E|CS|TAMS 0x00000000eb400000| PB 0x00000000eb400000| Complete |  0
| 181|0x00000000eb500000, 0x00000000eb600000, 0x00000000eb600000|100%| E|CS|TAMS 0x00000000eb500000| PB 0x00000000eb500000| Complete |  0
| 182|0x00000000eb600000, 0x00000000eb700000, 0x00000000eb700000|100%| E|CS|TAMS 0x00000000eb600000| PB 0x00000000eb600000| Complete |  0
| 183|0x00000000eb700000, 0x00000000eb800000, 0x00000000eb800000|100%| E|CS|TAMS 0x00000000eb700000| PB 0x00000000eb700000| Complete |  0
| 184|0x00000000eb800000, 0x00000000eb900000, 0x00000000eb900000|100%| E|CS|TAMS 0x00000000eb800000| PB 0x00000000eb800000| Complete |  0
| 185|0x00000000eb900000, 0x00000000eba00000, 0x00000000eba00000|100%| E|CS|TAMS 0x00000000eb900000| PB 0x00000000eb900000| Complete |  0
| 186|0x00000000eba00000, 0x00000000ebb00000, 0x00000000ebb00000|100%| E|CS|TAMS 0x00000000eba00000| PB 0x00000000eba00000| Complete |  0
| 187|0x00000000ebb00000, 0x00000000ebc00000, 0x00000000ebc00000|100%| E|CS|TAMS 0x00000000ebb00000| PB 0x00000000ebb00000| Complete |  0
| 188|0x00000000ebc00000, 0x00000000ebd00000, 0x00000000ebd00000|100%| E|CS|TAMS 0x00000000ebc00000| PB 0x00000000ebc00000| Complete |  0
| 189|0x00000000ebd00000, 0x00000000ebe00000, 0x00000000ebe00000|100%| E|CS|TAMS 0x00000000ebd00000| PB 0x00000000ebd00000| Complete |  0
| 190|0x00000000ebe00000, 0x00000000ebf00000, 0x00000000ebf00000|100%| E|CS|TAMS 0x00000000ebe00000| PB 0x00000000ebe00000| Complete |  0
| 191|0x00000000ebf00000, 0x00000000ec000000, 0x00000000ec000000|100%| E|CS|TAMS 0x00000000ebf00000| PB 0x00000000ebf00000| Complete |  0
| 192|0x00000000ec000000, 0x00000000ec100000, 0x00000000ec100000|100%| E|CS|TAMS 0x00000000ec000000| PB 0x00000000ec000000| Complete |  0
| 193|0x00000000ec100000, 0x00000000ec200000, 0x00000000ec200000|100%| E|CS|TAMS 0x00000000ec100000| PB 0x00000000ec100000| Complete |  0
| 194|0x00000000ec200000, 0x00000000ec300000, 0x00000000ec300000|100%| E|CS|TAMS 0x00000000ec200000| PB 0x00000000ec200000| Complete |  0
| 195|0x00000000ec300000, 0x00000000ec400000, 0x00000000ec400000|100%| E|CS|TAMS 0x00000000ec300000| PB 0x00000000ec300000| Complete |  0
| 196|0x00000000ec400000, 0x00000000ec500000, 0x00000000ec500000|100%| E|CS|TAMS 0x00000000ec400000| PB 0x00000000ec400000| Complete |  0
| 197|0x00000000ec500000, 0x00000000ec600000, 0x00000000ec600000|100%| E|CS|TAMS 0x00000000ec500000| PB 0x00000000ec500000| Complete |  0
| 198|0x00000000ec600000, 0x00000000ec700000, 0x00000000ec700000|100%| E|CS|TAMS 0x00000000ec600000| PB 0x00000000ec600000| Complete |  0
| 199|0x00000000ec700000, 0x00000000ec800000, 0x00000000ec800000|100%| E|CS|TAMS 0x00000000ec700000| PB 0x00000000ec700000| Complete |  0
| 200|0x00000000ec800000, 0x00000000ec900000, 0x00000000ec900000|100%| E|CS|TAMS 0x00000000ec800000| PB 0x00000000ec800000| Complete |  0
| 201|0x00000000ec900000, 0x00000000eca00000, 0x00000000eca00000|100%| E|CS|TAMS 0x00000000ec900000| PB 0x00000000ec900000| Complete |  0
| 202|0x00000000eca00000, 0x00000000ecb00000, 0x00000000ecb00000|100%| E|CS|TAMS 0x00000000eca00000| PB 0x00000000eca00000| Complete |  0
| 203|0x00000000ecb00000, 0x00000000ecc00000, 0x00000000ecc00000|100%| E|CS|TAMS 0x00000000ecb00000| PB 0x00000000ecb00000| Complete |  0
| 204|0x00000000ecc00000, 0x00000000ecd00000, 0x00000000ecd00000|100%| E|CS|TAMS 0x00000000ecc00000| PB 0x00000000ecc00000| Complete |  0
| 205|0x00000000ecd00000, 0x00000000ece00000, 0x00000000ece00000|100%| E|CS|TAMS 0x00000000ecd00000| PB 0x00000000ecd00000| Complete |  0
| 206|0x00000000ece00000, 0x00000000ecf00000, 0x00000000ecf00000|100%| E|CS|TAMS 0x00000000ece00000| PB 0x00000000ece00000| Complete |  0
| 207|0x00000000ecf00000, 0x00000000ed000000, 0x00000000ed000000|100%| E|CS|TAMS 0x00000000ecf00000| PB 0x00000000ecf00000| Complete |  0
| 208|0x00000000ed000000, 0x00000000ed100000, 0x00000000ed100000|100%| E|CS|TAMS 0x00000000ed000000| PB 0x00000000ed000000| Complete |  0
| 209|0x00000000ed100000, 0x00000000ed200000, 0x00000000ed200000|100%| E|CS|TAMS 0x00000000ed100000| PB 0x00000000ed100000| Complete |  0
| 210|0x00000000ed200000, 0x00000000ed300000, 0x00000000ed300000|100%| E|CS|TAMS 0x00000000ed200000| PB 0x00000000ed200000| Complete |  0
| 211|0x00000000ed300000, 0x00000000ed400000, 0x00000000ed400000|100%| E|CS|TAMS 0x00000000ed300000| PB 0x00000000ed300000| Complete |  0
| 212|0x00000000ed400000, 0x00000000ed500000, 0x00000000ed500000|100%| E|CS|TAMS 0x00000000ed400000| PB 0x00000000ed400000| Complete |  0
| 213|0x00000000ed500000, 0x00000000ed600000, 0x00000000ed600000|100%| E|CS|TAMS 0x00000000ed500000| PB 0x00000000ed500000| Complete |  0
| 214|0x00000000ed600000, 0x00000000ed700000, 0x00000000ed700000|100%| E|CS|TAMS 0x00000000ed600000| PB 0x00000000ed600000| Complete |  0
| 215|0x00000000ed700000, 0x00000000ed800000, 0x00000000ed800000|100%| E|CS|TAMS 0x00000000ed700000| PB 0x00000000ed700000| Complete |  0
| 216|0x00000000ed800000, 0x00000000ed900000, 0x00000000ed900000|100%| E|CS|TAMS 0x00000000ed800000| PB 0x00000000ed800000| Complete |  0
| 217|0x00000000ed900000, 0x00000000eda00000, 0x00000000eda00000|100%| E|CS|TAMS 0x00000000ed900000| PB 0x00000000ed900000| Complete |  0
| 218|0x00000000eda00000, 0x00000000edb00000, 0x00000000edb00000|100%| E|CS|TAMS 0x00000000eda00000| PB 0x00000000eda00000| Complete |  0
| 219|0x00000000edb00000, 0x00000000edc00000, 0x00000000edc00000|100%| E|CS|TAMS 0x00000000edb00000| PB 0x00000000edb00000| Complete |  0
| 220|0x00000000edc00000, 0x00000000edd00000, 0x00000000edd00000|100%| E|CS|TAMS 0x00000000edc00000| PB 0x00000000edc00000| Complete |  0
| 221|0x00000000edd00000, 0x00000000ede00000, 0x00000000ede00000|100%| E|CS|TAMS 0x00000000edd00000| PB 0x00000000edd00000| Complete |  0
| 222|0x00000000ede00000, 0x00000000edf00000, 0x00000000edf00000|100%| E|CS|TAMS 0x00000000ede00000| PB 0x00000000ede00000| Complete |  0
| 223|0x00000000edf00000, 0x00000000ee000000, 0x00000000ee000000|100%| E|CS|TAMS 0x00000000edf00000| PB 0x00000000edf00000| Complete |  0
| 224|0x00000000ee000000, 0x00000000ee100000, 0x00000000ee100000|100%| E|CS|TAMS 0x00000000ee000000| PB 0x00000000ee000000| Complete |  0
| 225|0x00000000ee100000, 0x00000000ee200000, 0x00000000ee200000|100%| E|CS|TAMS 0x00000000ee100000| PB 0x00000000ee100000| Complete |  0
| 226|0x00000000ee200000, 0x00000000ee300000, 0x00000000ee300000|100%| E|CS|TAMS 0x00000000ee200000| PB 0x00000000ee200000| Complete |  0
| 227|0x00000000ee300000, 0x00000000ee400000, 0x00000000ee400000|100%| E|CS|TAMS 0x00000000ee300000| PB 0x00000000ee300000| Complete |  0
| 228|0x00000000ee400000, 0x00000000ee500000, 0x00000000ee500000|100%| E|CS|TAMS 0x00000000ee400000| PB 0x00000000ee400000| Complete |  0
| 229|0x00000000ee500000, 0x00000000ee600000, 0x00000000ee600000|100%| E|CS|TAMS 0x00000000ee500000| PB 0x00000000ee500000| Complete |  0
| 230|0x00000000ee600000, 0x00000000ee700000, 0x00000000ee700000|100%| E|CS|TAMS 0x00000000ee600000| PB 0x00000000ee600000| Complete |  0
| 231|0x00000000ee700000, 0x00000000ee800000, 0x00000000ee800000|100%| E|CS|TAMS 0x00000000ee700000| PB 0x00000000ee700000| Complete |  0
| 232|0x00000000ee800000, 0x00000000ee900000, 0x00000000ee900000|100%| E|CS|TAMS 0x00000000ee800000| PB 0x00000000ee800000| Complete |  0
| 233|0x00000000ee900000, 0x00000000eea00000, 0x00000000eea00000|100%| E|CS|TAMS 0x00000000ee900000| PB 0x00000000ee900000| Complete |  0
| 234|0x00000000eea00000, 0x00000000eeb00000, 0x00000000eeb00000|100%| E|CS|TAMS 0x00000000eea00000| PB 0x00000000eea00000| Complete |  0
| 235|0x00000000eeb00000, 0x00000000eec00000, 0x00000000eec00000|100%| E|CS|TAMS 0x00000000eeb00000| PB 0x00000000eeb00000| Complete |  0
| 236|0x00000000eec00000, 0x00000000eed00000, 0x00000000eed00000|100%| E|CS|TAMS 0x00000000eec00000| PB 0x00000000eec00000| Complete |  0
| 237|0x00000000eed00000, 0x00000000eee00000, 0x00000000eee00000|100%| E|CS|TAMS 0x00000000eed00000| PB 0x00000000eed00000| Complete |  0
| 238|0x00000000eee00000, 0x00000000eef00000, 0x00000000eef00000|100%| E|CS|TAMS 0x00000000eee00000| PB 0x00000000eee00000| Complete |  0
| 239|0x00000000eef00000, 0x00000000ef000000, 0x00000000ef000000|100%| E|CS|TAMS 0x00000000eef00000| PB 0x00000000eef00000| Complete |  0
| 240|0x00000000ef000000, 0x00000000ef100000, 0x00000000ef100000|100%| E|CS|TAMS 0x00000000ef000000| PB 0x00000000ef000000| Complete |  0
| 241|0x00000000ef100000, 0x00000000ef200000, 0x00000000ef200000|100%| E|CS|TAMS 0x00000000ef100000| PB 0x00000000ef100000| Complete |  0
| 242|0x00000000ef200000, 0x00000000ef300000, 0x00000000ef300000|100%| E|CS|TAMS 0x00000000ef200000| PB 0x00000000ef200000| Complete |  0
| 243|0x00000000ef300000, 0x00000000ef400000, 0x00000000ef400000|100%| E|CS|TAMS 0x00000000ef300000| PB 0x00000000ef300000| Complete |  0
| 244|0x00000000ef400000, 0x00000000ef500000, 0x00000000ef500000|100%| E|CS|TAMS 0x00000000ef400000| PB 0x00000000ef400000| Complete |  0
| 245|0x00000000ef500000, 0x00000000ef600000, 0x00000000ef600000|100%| E|CS|TAMS 0x00000000ef500000| PB 0x00000000ef500000| Complete |  0
| 246|0x00000000ef600000, 0x00000000ef700000, 0x00000000ef700000|100%| E|CS|TAMS 0x00000000ef600000| PB 0x00000000ef600000| Complete |  0
| 247|0x00000000ef700000, 0x00000000ef800000, 0x00000000ef800000|100%| E|CS|TAMS 0x00000000ef700000| PB 0x00000000ef700000| Complete |  0
| 248|0x00000000ef800000, 0x00000000ef900000, 0x00000000ef900000|100%| E|CS|TAMS 0x00000000ef800000| PB 0x00000000ef800000| Complete |  0
| 249|0x00000000ef900000, 0x00000000efa00000, 0x00000000efa00000|100%| E|CS|TAMS 0x00000000ef900000| PB 0x00000000ef900000| Complete |  0
| 250|0x00000000efa00000, 0x00000000efb00000, 0x00000000efb00000|100%| E|  |TAMS 0x00000000efa00000| PB 0x00000000efa00000| Complete |  0
| 251|0x00000000efb00000, 0x00000000efc00000, 0x00000000efc00000|100%| E|CS|TAMS 0x00000000efb00000| PB 0x00000000efb00000| Complete |  0
| 252|0x00000000efc00000, 0x00000000efd00000, 0x00000000efd00000|100%| E|CS|TAMS 0x00000000efc00000| PB 0x00000000efc00000| Complete |  0
| 253|0x00000000efd00000, 0x00000000efe00000, 0x00000000efe00000|100%| E|CS|TAMS 0x00000000efd00000| PB 0x00000000efd00000| Complete |  0
| 254|0x00000000efe00000, 0x00000000eff00000, 0x00000000eff00000|100%| E|CS|TAMS 0x00000000efe00000| PB 0x00000000efe00000| Complete |  0
| 255|0x00000000eff00000, 0x00000000f0000000, 0x00000000f0000000|100%| E|CS|TAMS 0x00000000eff00000| PB 0x00000000eff00000| Complete |  0

Card table byte_map: [0x000001a7bbd30000,0x000001a7bbe30000] _byte_map_base: 0x000001a7bb630000

Marking Bits: (CMBitMap*) 0x000001a7a40e7450
 Bits: [0x000001a7bbe30000, 0x000001a7bc630000)

Polling page: 0x000001a7a1fb0000

Metaspace:

Usage:
  Non-class:     53.27 MB used.
      Class:      9.16 MB used.
       Both:     62.43 MB used.

Virtual space:
  Non-class space:       64.00 MB reserved,      54.31 MB ( 85%) committed,  1 nodes.
      Class space:      320.00 MB reserved,      10.12 MB (  3%) committed,  1 nodes.
             Both:      384.00 MB reserved,      64.44 MB ( 17%) committed. 

Chunk freelists:
   Non-Class:  9.64 MB
       Class:  5.70 MB
        Both:  15.34 MB

MaxMetaspaceSize: 384.00 MB
CompressedClassSpaceSize: 320.00 MB
Initial GC threshold: 21.00 MB
Current GC threshold: 103.88 MB
CDS: on
 - commit_granule_bytes: 65536.
 - commit_granule_words: 8192.
 - virtual_space_node_default_size: 8388608.
 - enlarge_chunks_in_place: 1.
 - use_allocation_guard: 0.


Internal statistics:

num_allocs_failed_limit: 15.
num_arena_births: 3778.
num_arena_deaths: 0.
num_vsnodes_births: 2.
num_vsnodes_deaths: 0.
num_space_committed: 1031.
num_space_uncommitted: 0.
num_chunks_returned_to_freelist: 15.
num_chunks_taken_from_freelist: 6863.
num_chunk_merges: 12.
num_chunk_splits: 4362.
num_chunks_enlarged: 2589.
num_inconsistent_stats: 0.

CodeHeap 'non-profiled nmethods': size=120064Kb used=4962Kb max_used=4962Kb free=115101Kb
 bounds [0x000001a7b42b0000, 0x000001a7b4790000, 0x000001a7bb7f0000]
CodeHeap 'profiled nmethods': size=120000Kb used=15838Kb max_used=16391Kb free=104161Kb
 bounds [0x000001a7ac7f0000, 0x000001a7ad800000, 0x000001a7b3d20000]
CodeHeap 'non-nmethods': size=5696Kb used=2969Kb max_used=3017Kb free=2726Kb
 bounds [0x000001a7b3d20000, 0x000001a7b4030000, 0x000001a7b42b0000]
CodeCache: size=245760Kb, used=23769Kb, max_used=24370Kb, free=221988Kb
 total_blobs=11661, nmethods=10755, adapters=811, full_count=0
Compilation: enabled, stopped_count=0, restarted_count=0

Compilation events (20 events):
Event: 491.362 Thread 0x000001a7bf10e9c0 nmethod 12488 0x000001a7ad25a588 code [0x000001a7ad25a6a0, 0x000001a7ad25a808]
Event: 491.374 Thread 0x000001a7bf10e9c0 12490       3       org.apache.commons.lang.StringUtils::join (118 bytes)
Event: 491.386 Thread 0x000001a7bf10e9c0 nmethod 12490 0x000001a7ad259688 code [0x000001a7ad2598a0, 0x000001a7ad25a4d8]
Event: 491.386 Thread 0x000001a7bf10e9c0 12491       3       org.gradle.api.internal.artifacts.ivyservice.resolutionstrategy.DefaultComponentSelectionRules::<init> (40 bytes)
Event: 491.411 Thread 0x000001a7bf10e9c0 nmethod 12491 0x000001a7ad258f08 code [0x000001a7ad2590a0, 0x000001a7ad259620]
Event: 491.411 Thread 0x000001a7bf10e9c0 12489       3       org.apache.commons.lang.StringUtils::join (15 bytes)
Event: 491.412 Thread 0x000001a7bf10e9c0 nmethod 12489 0x000001a7ad258c08 code [0x000001a7ad258d40, 0x000001a7ad258ec8]
Event: 491.773 Thread 0x000001a7bf10e9c0 12492       3       java.lang.Long::toString (8 bytes)
Event: 491.773 Thread 0x000001a7bf10e9c0 nmethod 12492 0x000001a7ad258908 code [0x000001a7ad258a20, 0x000001a7ad258b60]
Event: 491.782 Thread 0x000001a7bf10e9c0 12493       3       java.util.concurrent.LinkedTransferQueue$DualNode::checkForUniprocessor (37 bytes)
Event: 491.786 Thread 0x000001a7bf10e9c0 nmethod 12493 0x000001a7ad258508 code [0x000001a7ad258640, 0x000001a7ad2588e0]
Event: 492.185 Thread 0x000001a7bf10e9c0 12494       3       org.gradle.api.internal.artifacts.ivyservice.resolveengine.artifact.CompositeResolvedArtifactSet::of (101 bytes)
Event: 492.205 Thread 0x000001a7bf10e9c0 nmethod 12494 0x000001a7ad565c08 code [0x000001a7ad565e40, 0x000001a7ad566dc0]
Event: 495.861 Thread 0x000001a7bf0ddae0 12495       4       java.io.ByteArrayOutputStream::<init> (43 bytes)
Event: 495.914 Thread 0x000001a7bf0ddae0 nmethod 12495 0x000001a7b4787308 code [0x000001a7b4787420, 0x000001a7b4787690]
Event: 496.358 Thread 0x000001a7bf0ddae0 12496  s    4       sun.nio.ch.FileLockImpl::release (78 bytes)
Event: 496.376 Thread 0x000001a7bf0ddae0 nmethod 12496 0x000001a7b4787708 code [0x000001a7b4787880, 0x000001a7b4788180]
Event: 496.376 Thread 0x000001a7bf0ddae0 12497   !   4       sun.nio.ch.FileChannelImpl::release (82 bytes)
Event: 496.382 Thread 0x000001a7bf0ddae0 nmethod 12497 0x000001a7b4788288 code [0x000001a7b47883e0, 0x000001a7b47889b0]
Event: 498.282 Thread 0x000001a7bf0ddae0 12498       4       java.io.BufferedInputStream::<init> (68 bytes)

GC Heap History (20 events):
Event: 41.062 GC heap before
{Heap before GC invocations=11 (full 0):
 garbage-first heap   total reserved 524288K, committed 262144K, used 175139K [0x00000000e0000000, 0x0000000100000000)
  region size 1024K, 150 young (153600K), 18 survivors (18432K)
 Metaspace       used 58214K, committed 60160K, reserved 393216K
  class space    used 8591K, committed 9536K, reserved 327680K
}
Event: 41.136 GC heap after
{Heap after GC invocations=12 (full 0):
 garbage-first heap   total reserved 524288K, committed 262144K, used 50414K [0x00000000e0000000, 0x0000000100000000)
  region size 1024K, 19 young (19456K), 19 survivors (19456K)
 Metaspace       used 58214K, committed 60160K, reserved 393216K
  class space    used 8591K, committed 9536K, reserved 327680K
}
Event: 76.752 GC heap before
{Heap before GC invocations=12 (full 0):
 garbage-first heap   total reserved 524288K, committed 262144K, used 130286K [0x00000000e0000000, 0x0000000100000000)
  region size 1024K, 98 young (100352K), 19 survivors (19456K)
 Metaspace       used 59410K, committed 61376K, reserved 393216K
  class space    used 8655K, committed 9600K, reserved 327680K
}
Event: 76.900 GC heap after
{Heap after GC invocations=13 (full 0):
 garbage-first heap   total reserved 524288K, committed 262144K, used 57090K [0x00000000e0000000, 0x0000000100000000)
  region size 1024K, 8 young (8192K), 8 survivors (8192K)
 Metaspace       used 59410K, committed 61376K, reserved 393216K
  class space    used 8655K, committed 9600K, reserved 327680K
}
Event: 115.728 GC heap before
{Heap before GC invocations=14 (full 0):
 garbage-first heap   total reserved 524288K, committed 262144K, used 140034K [0x00000000e0000000, 0x0000000100000000)
  region size 1024K, 90 young (92160K), 8 survivors (8192K)
 Metaspace       used 61716K, committed 63808K, reserved 393216K
  class space    used 9046K, committed 10048K, reserved 327680K
}
Event: 115.861 GC heap after
{Heap after GC invocations=15 (full 1):
 garbage-first heap   total reserved 524288K, committed 262144K, used 53318K [0x00000000e0000000, 0x0000000100000000)
  region size 1024K, 0 young (0K), 0 survivors (0K)
 Metaspace       used 61716K, committed 63808K, reserved 393216K
  class space    used 9046K, committed 10048K, reserved 327680K
}
Event: 115.885 GC heap before
{Heap before GC invocations=15 (full 1):
 garbage-first heap   total reserved 524288K, committed 262144K, used 54342K [0x00000000e0000000, 0x0000000100000000)
  region size 1024K, 2 young (2048K), 0 survivors (0K)
 Metaspace       used 61716K, committed 63808K, reserved 393216K
  class space    used 9046K, committed 10048K, reserved 327680K
}
Event: 115.942 GC heap after
{Heap after GC invocations=16 (full 2):
 garbage-first heap   total reserved 524288K, committed 262144K, used 53316K [0x00000000e0000000, 0x0000000100000000)
  region size 1024K, 0 young (0K), 0 survivors (0K)
 Metaspace       used 61716K, committed 63808K, reserved 393216K
  class space    used 9046K, committed 10048K, reserved 327680K
}
Event: 115.961 GC heap before
{Heap before GC invocations=16 (full 2):
 garbage-first heap   total reserved 524288K, committed 262144K, used 53316K [0x00000000e0000000, 0x0000000100000000)
  region size 1024K, 1 young (1024K), 0 survivors (0K)
 Metaspace       used 61716K, committed 63808K, reserved 393216K
  class space    used 9046K, committed 10048K, reserved 327680K
}
Event: 116.011 GC heap after
{Heap after GC invocations=17 (full 3):
 garbage-first heap   total reserved 524288K, committed 262144K, used 53316K [0x00000000e0000000, 0x0000000100000000)
  region size 1024K, 0 young (0K), 0 survivors (0K)
 Metaspace       used 61716K, committed 63808K, reserved 393216K
  class space    used 9046K, committed 10048K, reserved 327680K
}
Event: 116.024 GC heap before
{Heap before GC invocations=17 (full 3):
 garbage-first heap   total reserved 524288K, committed 262144K, used 53316K [0x00000000e0000000, 0x0000000100000000)
  region size 1024K, 1 young (1024K), 0 survivors (0K)
 Metaspace       used 61716K, committed 63808K, reserved 393216K
  class space    used 9046K, committed 10048K, reserved 327680K
}
Event: 116.092 GC heap after
{Heap after GC invocations=18 (full 4):
 garbage-first heap   total reserved 524288K, committed 262144K, used 53317K [0x00000000e0000000, 0x0000000100000000)
  region size 1024K, 0 young (0K), 0 survivors (0K)
 Metaspace       used 61716K, committed 63808K, reserved 393216K
  class space    used 9046K, committed 10048K, reserved 327680K
}
Event: 116.183 GC heap before
{Heap before GC invocations=18 (full 4):
 garbage-first heap   total reserved 524288K, committed 262144K, used 53317K [0x00000000e0000000, 0x0000000100000000)
  region size 1024K, 1 young (1024K), 0 survivors (0K)
 Metaspace       used 61716K, committed 63808K, reserved 393216K
  class space    used 9046K, committed 10048K, reserved 327680K
}
Event: 116.232 GC heap after
{Heap after GC invocations=19 (full 5):
 garbage-first heap   total reserved 524288K, committed 262144K, used 53317K [0x00000000e0000000, 0x0000000100000000)
  region size 1024K, 0 young (0K), 0 survivors (0K)
 Metaspace       used 61716K, committed 63808K, reserved 393216K
  class space    used 9046K, committed 10048K, reserved 327680K
}
Event: 116.259 GC heap before
{Heap before GC invocations=19 (full 5):
 garbage-first heap   total reserved 524288K, committed 262144K, used 53317K [0x00000000e0000000, 0x0000000100000000)
  region size 1024K, 1 young (1024K), 0 survivors (0K)
 Metaspace       used 61716K, committed 63808K, reserved 393216K
  class space    used 9046K, committed 10048K, reserved 327680K
}
Event: 116.310 GC heap after
{Heap after GC invocations=20 (full 6):
 garbage-first heap   total reserved 524288K, committed 262144K, used 53317K [0x00000000e0000000, 0x0000000100000000)
  region size 1024K, 0 young (0K), 0 survivors (0K)
 Metaspace       used 61716K, committed 63808K, reserved 393216K
  class space    used 9046K, committed 10048K, reserved 327680K
}
Event: 116.342 GC heap before
{Heap before GC invocations=20 (full 6):
 garbage-first heap   total reserved 524288K, committed 262144K, used 53317K [0x00000000e0000000, 0x0000000100000000)
  region size 1024K, 1 young (1024K), 0 survivors (0K)
 Metaspace       used 61716K, committed 63808K, reserved 393216K
  class space    used 9046K, committed 10048K, reserved 327680K
}
Event: 116.397 GC heap after
{Heap after GC invocations=21 (full 7):
 garbage-first heap   total reserved 524288K, committed 262144K, used 53315K [0x00000000e0000000, 0x0000000100000000)
  region size 1024K, 0 young (0K), 0 survivors (0K)
 Metaspace       used 61716K, committed 63808K, reserved 393216K
  class space    used 9046K, committed 10048K, reserved 327680K
}
Event: 116.411 GC heap before
{Heap before GC invocations=21 (full 7):
 garbage-first heap   total reserved 524288K, committed 262144K, used 53315K [0x00000000e0000000, 0x0000000100000000)
  region size 1024K, 1 young (1024K), 0 survivors (0K)
 Metaspace       used 61716K, committed 63808K, reserved 393216K
  class space    used 9046K, committed 10048K, reserved 327680K
}
Event: 116.463 GC heap after
{Heap after GC invocations=22 (full 8):
 garbage-first heap   total reserved 524288K, committed 262144K, used 53315K [0x00000000e0000000, 0x0000000100000000)
  region size 1024K, 0 young (0K), 0 survivors (0K)
 Metaspace       used 61716K, committed 63808K, reserved 393216K
  class space    used 9046K, committed 10048K, reserved 327680K
}

Dll operation events (15 events):
Event: 0.012 Loaded shared library C:\Users\HP\.jdks\openjdk-23\bin\java.dll
Event: 0.050 Loaded shared library C:\Users\HP\.jdks\openjdk-23\bin\jsvml.dll
Event: 0.133 Loaded shared library C:\Users\HP\.jdks\openjdk-23\bin\zip.dll
Event: 0.136 Loaded shared library C:\Users\HP\.jdks\openjdk-23\bin\instrument.dll
Event: 0.141 Loaded shared library C:\Users\HP\.jdks\openjdk-23\bin\net.dll
Event: 0.143 Loaded shared library C:\Users\HP\.jdks\openjdk-23\bin\nio.dll
Event: 0.153 Loaded shared library C:\Users\HP\.jdks\openjdk-23\bin\zip.dll
Event: 0.565 Loaded shared library C:\Users\HP\.jdks\openjdk-23\bin\jimage.dll
Event: 0.865 Loaded shared library C:\Users\HP\.jdks\openjdk-23\bin\verify.dll
Event: 1.094 Loaded shared library C:\Users\HP\.gradle\native\c067742578af261105cb4f569cf0c3c89f3d7b1fecec35dd04571415982c5e48\windows-amd64\native-platform.dll
Event: 1.099 Loaded shared library C:\Users\HP\.gradle\native\100fb08df4bc3b14c8652ba06237920a3bd2aa13389f12d3474272988ae205f9\windows-amd64\native-platform-file-events.dll
Event: 3.660 Loaded shared library C:\Users\HP\.jdks\openjdk-23\bin\management.dll
Event: 3.664 Loaded shared library C:\Users\HP\.jdks\openjdk-23\bin\management_ext.dll
Event: 4.024 Loaded shared library C:\Users\HP\.jdks\openjdk-23\bin\extnet.dll
Event: 4.500 Loaded shared library C:\Users\HP\.jdks\openjdk-23\bin\sunmscapi.dll

Deoptimization events (20 events):
Event: 185.534 Thread 0x000001a7da463280 DEOPT PACKING pc=0x000001a7b46fe940 sp=0x0000000dbf3f9570
Event: 185.534 Thread 0x000001a7da463280 DEOPT UNPACKING pc=0x000001a7b3d77982 sp=0x0000000dbf3f9530 mode 2
Event: 186.664 Thread 0x000001a7dd06fa40 Uncommon trap: trap_request=0xffffffc6 fr.pc=0x000001a7b45a7ca4 relative=0x0000000000001264
Event: 186.664 Thread 0x000001a7dd06fa40 Uncommon trap: reason=bimorphic_or_optimized_type_check action=maybe_recompile pc=0x000001a7b45a7ca4 method=java.util.concurrent.ConcurrentHashMap.putVal(Ljava/lang/Object;Ljava/lang/Object;Z)Ljava/lang/Object; @ 159 c2
Event: 186.664 Thread 0x000001a7dd06fa40 DEOPT PACKING pc=0x000001a7b45a7ca4 sp=0x0000000dc18fed80
Event: 186.664 Thread 0x000001a7dd06fa40 DEOPT UNPACKING pc=0x000001a7b3d77982 sp=0x0000000dc18fed40 mode 2
Event: 234.686 Thread 0x000001a7da463280 DEOPT PACKING pc=0x000001a7acfc764b sp=0x0000000dbf3f69b0
Event: 234.690 Thread 0x000001a7da463280 DEOPT UNPACKING pc=0x000001a7b3d784c2 sp=0x0000000dbf3f5e58 mode 0
Event: 490.226 Thread 0x000001a7da463280 Uncommon trap: trap_request=0xffffffbe fr.pc=0x000001a7b4781acc relative=0x0000000000004c8c
Event: 490.227 Thread 0x000001a7da463280 Uncommon trap: reason=profile_predicate action=maybe_recompile pc=0x000001a7b4781acc method=org.gradle.internal.time.ExponentialBackoff.retryUntil(Lorg/gradle/internal/time/ExponentialBackoff$Query;)Ljava/lang/Object; @ 13 c2
Event: 490.227 Thread 0x000001a7da463280 DEOPT PACKING pc=0x000001a7b4781acc sp=0x0000000dbf3f6330
Event: 490.231 Thread 0x000001a7da463280 DEOPT UNPACKING pc=0x000001a7b3d77982 sp=0x0000000dbf3f6368 mode 2
Event: 491.209 Thread 0x000001a7da463280 Uncommon trap: trap_request=0xffffffbe fr.pc=0x000001a7b4781acc relative=0x0000000000004c8c
Event: 491.209 Thread 0x000001a7da463280 Uncommon trap: reason=profile_predicate action=maybe_recompile pc=0x000001a7b4781acc method=org.gradle.internal.time.ExponentialBackoff.retryUntil(Lorg/gradle/internal/time/ExponentialBackoff$Query;)Ljava/lang/Object; @ 13 c2
Event: 491.209 Thread 0x000001a7da463280 DEOPT PACKING pc=0x000001a7b4781acc sp=0x0000000dbf3f5840
Event: 491.211 Thread 0x000001a7da463280 DEOPT UNPACKING pc=0x000001a7b3d77982 sp=0x0000000dbf3f5878 mode 2
Event: 491.810 Thread 0x000001a7da463280 Uncommon trap: trap_request=0xffffffbe fr.pc=0x000001a7b4781acc relative=0x0000000000004c8c
Event: 491.810 Thread 0x000001a7da463280 Uncommon trap: reason=profile_predicate action=maybe_recompile pc=0x000001a7b4781acc method=org.gradle.internal.time.ExponentialBackoff.retryUntil(Lorg/gradle/internal/time/ExponentialBackoff$Query;)Ljava/lang/Object; @ 13 c2
Event: 491.810 Thread 0x000001a7da463280 DEOPT PACKING pc=0x000001a7b4781acc sp=0x0000000dbf3f5fc0
Event: 491.817 Thread 0x000001a7da463280 DEOPT UNPACKING pc=0x000001a7b3d77982 sp=0x0000000dbf3f5ff8 mode 2

Classes loaded (20 events):
Event: 133.879 Loading class java/util/logging/LogRecord
Event: 133.881 Loading class java/util/logging/LogRecord done
Event: 136.038 Loading class java/lang/Short$ShortCache
Event: 136.038 Loading class java/lang/Short$ShortCache done
Event: 136.048 Loading class java/util/AbstractList$ListItr
Event: 136.049 Loading class java/util/AbstractList$ListItr done
Event: 136.152 Loading class java/io/NotSerializableException
Event: 136.153 Loading class java/io/NotSerializableException done
Event: 136.186 Loading class java/util/Collections$EmptyListIterator
Event: 136.187 Loading class java/util/Collections$EmptyListIterator done
Event: 136.219 Loading class java/time/Instant$1
Event: 136.221 Loading class java/time/Instant$1 done
Event: 136.503 Loading class java/net/UrlDeserializedState
Event: 136.504 Loading class java/net/UrlDeserializedState done
Event: 136.505 Loading class java/net/Proxy
Event: 136.505 Loading class java/net/Proxy done
Event: 136.579 Loading class java/util/concurrent/CompletableFuture$AsyncRun
Event: 136.597 Loading class java/util/concurrent/CompletableFuture$AsyncRun done
Event: 154.046 Loading class jdk/internal/math/FormattedFPDecimal
Event: 154.070 Loading class jdk/internal/math/FormattedFPDecimal done

Classes unloaded (0 events):
No events

Classes redefined (0 events):
No events

Internal exceptions (20 events):
Event: 133.805 Thread 0x000001a7da462bf0 Exception <a 'java/lang/NoSuchMethodError'{0x00000000ee81d3e8}: static Lorg/gradle/internal/build/event/types/DefaultFailure;.<clinit>()V> (0x00000000ee81d3e8) 
thrown [s\open\src\hotspot\share\prims\jni.cpp, line 1111]
Event: 134.404 Thread 0x000001a7da463280 Exception <a 'java/lang/NoSuchMethodError'{0x00000000ee86f600}: 'void java.lang.invoke.DirectMethodHandle$Holder.invokeInterface(java.lang.Object, java.lang.Object, java.lang.Object, int)'> (0x00000000ee86f600) 
thrown [s\open\src\hotspot\share\interpreter\linkResolver.cpp, line 796]
Event: 134.405 Thread 0x000001a7da463280 Exception <a 'java/lang/IncompatibleClassChangeError'{0x00000000ee873180}: Found class java.lang.Object, but interface was expected> (0x00000000ee873180) 
thrown [s\open\src\hotspot\share\interpreter\linkResolver.cpp, line 863]
Event: 134.491 Thread 0x000001a7da463280 Exception <a 'java/lang/NoSuchMethodError'{0x00000000ee8775b8}: 'void java.lang.invoke.DelegatingMethodHandle$Holder.reinvoke_L(java.lang.Object, java.lang.Object, java.lang.Object, int)'> (0x00000000ee8775b8) 
thrown [s\open\src\hotspot\share\interpreter\linkResolver.cpp, line 796]
Event: 135.402 Thread 0x000001a7da463280 Exception <a 'java/lang/IncompatibleClassChangeError'{0x00000000ee771cb0}: Found class java.lang.Object, but interface was expected> (0x00000000ee771cb0) 
thrown [s\open\src\hotspot\share\interpreter\linkResolver.cpp, line 863]
Event: 135.697 Thread 0x000001a7da463280 Exception <a 'java/lang/IncompatibleClassChangeError'{0x00000000ee7efd18}: Found class java.lang.Object, but interface was expected> (0x00000000ee7efd18) 
thrown [s\open\src\hotspot\share\interpreter\linkResolver.cpp, line 863]
Event: 136.499 Thread 0x000001a7da427800 Exception <a 'java/lang/NoSuchMethodError'{0x00000000edf28ec8}: static Lorg/gradle/tooling/internal/provider/serialization/ClassLoaderDetails;.<clinit>()V> (0x00000000edf28ec8) 
thrown [s\open\src\hotspot\share\prims\jni.cpp, line 1111]
Event: 136.500 Thread 0x000001a7da427800 Exception <a 'java/lang/NoSuchMethodError'{0x00000000edf36060}: static Lorg/gradle/tooling/internal/provider/serialization/WellKnownClassLoaderRegistry$KnownClassLoaderSpec;.<clinit>()V> (0x00000000edf36060) 
thrown [s\open\src\hotspot\share\prims\jni.cpp, line 1111]
Event: 136.500 Thread 0x000001a7da427800 Exception <a 'java/lang/NoSuchMethodError'{0x00000000edf377d8}: static Lorg/gradle/internal/classloader/ClassLoaderSpec;.<clinit>()V> (0x00000000edf377d8) 
thrown [s\open\src\hotspot\share\prims\jni.cpp, line 1111]
Event: 136.501 Thread 0x000001a7da427800 Exception <a 'java/lang/NoSuchMethodError'{0x00000000edf3fd50}: static Lorg/gradle/internal/classloader/ClassLoaderSpec;.<clinit>()V> (0x00000000edf3fd50) 
thrown [s\open\src\hotspot\share\prims\jni.cpp, line 1111]
Event: 136.503 Thread 0x000001a7da427800 Exception <a 'java/lang/NoSuchMethodError'{0x00000000edf49268}: static Lorg/gradle/internal/classloader/VisitableURLClassLoader$Spec;.<clinit>()V> (0x00000000edf49268) 
thrown [s\open\src\hotspot\share\prims\jni.cpp, line 1111]
Event: 136.516 Thread 0x000001a7da427800 Exception <a 'java/lang/NoSuchMethodError'{0x00000000edf643a0}: static [Ljava/net/URL;.<clinit>()V> (0x00000000edf643a0) 
thrown [s\open\src\hotspot\share\prims\jni.cpp, line 1111]
Event: 160.043 Thread 0x000001a7da463280 Exception <a 'sun/nio/fs/WindowsException'{0x00000000ed8db2a8}> (0x00000000ed8db2a8) 
thrown [s\open\src\hotspot\share\prims\jni.cpp, line 520]
Event: 160.108 Thread 0x000001a7da463280 Exception <a 'sun/nio/fs/WindowsException'{0x00000000ed8dc760}> (0x00000000ed8dc760) 
thrown [s\open\src\hotspot\share\prims\jni.cpp, line 520]
Event: 160.109 Thread 0x000001a7da463280 Exception <a 'sun/nio/fs/WindowsException'{0x00000000ed8ddc08}> (0x00000000ed8ddc08) 
thrown [s\open\src\hotspot\share\prims\jni.cpp, line 520]
Event: 160.110 Thread 0x000001a7da463280 Exception <a 'sun/nio/fs/WindowsException'{0x00000000ed8df088}> (0x00000000ed8df088) 
thrown [s\open\src\hotspot\share\prims\jni.cpp, line 520]
Event: 180.555 Thread 0x000001a7dd06c5c0 Implicit null exception at 0x000001a7b44902d9 to 0x000001a7b4490380
Event: 183.384 Thread 0x000001a7da463280 Exception <a 'java/lang/NoClassDefFoundError'{0x00000000ec828e58}: org/jetbrains/kotlin/gradle/plugin/KotlinPluginWrapper> (0x00000000ec828e58) 
thrown [s\open\src\hotspot\share\oops\constantPool.cpp, line 867]
Event: 183.384 Thread 0x000001a7da463280 Exception <a 'java/lang/NoClassDefFoundError'{0x00000000ec82afb0}: org/graalvm/buildtools/gradle/NativeImagePlugin> (0x00000000ec82afb0) 
thrown [s\open\src\hotspot\share\oops\constantPool.cpp, line 867]
Event: 183.386 Thread 0x000001a7da463280 Exception <a 'java/lang/NoClassDefFoundError'{0x00000000ec82d0f8}: org/cyclonedx/gradle/CycloneDxPlugin> (0x00000000ec82d0f8) 
thrown [s\open\src\hotspot\share\oops\constantPool.cpp, line 867]

VM Operations (20 events):
Event: 180.746 Executing VM operation: HandshakeAllThreads (HandshakeForDeflation)
Event: 180.747 Executing VM operation: HandshakeAllThreads (HandshakeForDeflation) done
Event: 180.748 Executing VM operation: RendezvousGCThreads
Event: 180.748 Executing VM operation: RendezvousGCThreads done
Event: 240.702 Executing VM operation: HandshakeAllThreads (HandshakeForDeflation)
Event: 240.748 Executing VM operation: HandshakeAllThreads (HandshakeForDeflation) done
Event: 240.748 Executing VM operation: RendezvousGCThreads
Event: 240.748 Executing VM operation: RendezvousGCThreads done
Event: 360.881 Executing VM operation: HandshakeAllThreads (HandshakeForDeflation)
Event: 360.915 Executing VM operation: HandshakeAllThreads (HandshakeForDeflation) done
Event: 360.917 Executing VM operation: RendezvousGCThreads
Event: 360.917 Executing VM operation: RendezvousGCThreads done
Event: 420.957 Executing VM operation: HandshakeAllThreads (HandshakeForDeflation)
Event: 420.963 Executing VM operation: HandshakeAllThreads (HandshakeForDeflation) done
Event: 420.972 Executing VM operation: RendezvousGCThreads
Event: 420.973 Executing VM operation: RendezvousGCThreads done
Event: 481.038 Executing VM operation: HandshakeAllThreads (HandshakeForDeflation)
Event: 481.042 Executing VM operation: HandshakeAllThreads (HandshakeForDeflation) done
Event: 481.042 Executing VM operation: RendezvousGCThreads
Event: 481.042 Executing VM operation: RendezvousGCThreads done

Memory protections (0 events):
No events

Nmethod flushes (20 events):
Event: 115.914 Thread 0x000001a7bf0ba5e0 flushing  nmethod 0x000001a7aca43688
Event: 115.914 Thread 0x000001a7bf0ba5e0 flushing  nmethod 0x000001a7aca60788
Event: 115.914 Thread 0x000001a7bf0ba5e0 flushing  nmethod 0x000001a7acad8288
Event: 115.914 Thread 0x000001a7bf0ba5e0 flushing  nmethod 0x000001a7acad9d08
Event: 115.914 Thread 0x000001a7bf0ba5e0 flushing  nmethod 0x000001a7acbbf108
Event: 115.914 Thread 0x000001a7bf0ba5e0 flushing  nmethod 0x000001a7acdb9f88
Event: 115.914 Thread 0x000001a7bf0ba5e0 flushing  nmethod 0x000001a7acdba688
Event: 115.914 Thread 0x000001a7bf0ba5e0 flushing  nmethod 0x000001a7acddb508
Event: 115.914 Thread 0x000001a7bf0ba5e0 flushing  nmethod 0x000001a7ace6af88
Event: 115.914 Thread 0x000001a7bf0ba5e0 flushing  nmethod 0x000001a7acf00e08
Event: 115.914 Thread 0x000001a7bf0ba5e0 flushing  nmethod 0x000001a7acfae188
Event: 115.914 Thread 0x000001a7bf0ba5e0 flushing  nmethod 0x000001a7ad01fb08
Event: 115.914 Thread 0x000001a7bf0ba5e0 flushing  nmethod 0x000001a7ad021508
Event: 115.914 Thread 0x000001a7bf0ba5e0 flushing  nmethod 0x000001a7ad2eb408
Event: 115.914 Thread 0x000001a7bf0ba5e0 flushing  nmethod 0x000001a7ad31b288
Event: 115.914 Thread 0x000001a7bf0ba5e0 flushing  nmethod 0x000001a7ad353208
Event: 115.914 Thread 0x000001a7bf0ba5e0 flushing  nmethod 0x000001a7ad4c6f88
Event: 115.914 Thread 0x000001a7bf0ba5e0 flushing  nmethod 0x000001a7ad561e88
Event: 115.914 Thread 0x000001a7bf0ba5e0 flushing  nmethod 0x000001a7ad61a108
Event: 115.985 Thread 0x000001a7bf0ba5e0 flushing  nmethod 0x000001a7ac93c788

Events (20 events):
Event: 349.034 Thread 0x000001a7da463280 Thread added: 0x000001a7dc5782a0
Event: 366.741 Thread 0x000001a7da463280 Thread added: 0x000001a7dc5754b0
Event: 372.356 Thread 0x000001a7da463280 Thread added: 0x000001a7dc579650
Event: 393.076 Thread 0x000001a7dc573a70 Thread added: 0x000001a7dc577c10
Event: 393.534 Thread 0x000001a7dc577c10 Thread exited: 0x000001a7dc577c10
Event: 415.951 Thread 0x000001a7da463280 Thread added: 0x000001a7dc577c10
Event: 432.993 Thread 0x000001a7da463280 Thread added: 0x000001a7dc579ce0
Event: 446.250 Thread 0x000001a7da463280 Thread added: 0x000001a7dc57a370
Event: 450.127 Thread 0x000001a7da463280 Thread added: 0x000001a7dc57aa00
Event: 453.639 Thread 0x000001a7dc573a70 Thread exited: 0x000001a7dc573a70
Event: 454.036 Thread 0x000001a7da463280 Thread added: 0x000001a7dc573a70
Event: 464.647 Thread 0x000001a7da463280 Thread added: 0x000001a7dc574100
Event: 478.672 Thread 0x000001a7da262430 Thread added: 0x000001a7dc2c9ec0
Event: 478.917 Thread 0x000001a7dc2c9ec0 Thread added: 0x000001a7dc2c63b0
Event: 479.030 Thread 0x000001a7dc2c63b0 Thread exited: 0x000001a7dc2c63b0
Event: 484.611 Thread 0x000001a7da463280 Thread added: 0x000001a7dc2ca550
Event: 490.249 Thread 0x000001a7da463280 Thread added: 0x000001a7dc2c5690
Event: 491.799 Thread 0x000001a7dc2c9ec0 Thread added: 0x000001a7dc2c5d20
Event: 491.822 Thread 0x000001a7dc2c5d20 Thread exited: 0x000001a7dc2c5d20
Event: 492.191 Thread 0x000001a7da463280 Thread added: 0x000001a7dc2c5d20


Dynamic libraries:
0x00007ff7afe20000 - 0x00007ff7afe2e000 	C:\Users\HP\.jdks\openjdk-23\bin\java.exe
0x00007ffcbcfb0000 - 0x00007ffcbd1c7000 	C:\Windows\SYSTEM32\ntdll.dll
0x00007ffcbbb20000 - 0x00007ffcbbbe4000 	C:\Windows\System32\KERNEL32.DLL
0x00007ffcba680000 - 0x00007ffcbaa39000 	C:\Windows\System32\KERNELBASE.dll
0x00007ffcbab10000 - 0x00007ffcbac21000 	C:\Windows\System32\ucrtbase.dll
0x00007ffc9a300000 - 0x00007ffc9a31b000 	C:\Users\HP\.jdks\openjdk-23\bin\VCRUNTIME140.dll
0x00007ffc9be00000 - 0x00007ffc9be17000 	C:\Users\HP\.jdks\openjdk-23\bin\jli.dll
0x00007ffcbbee0000 - 0x00007ffcbc08e000 	C:\Windows\System32\USER32.dll
0x00007ffc9ba90000 - 0x00007ffc9bd22000 	C:\Windows\WinSxS\amd64_microsoft.windows.common-controls_6595b64144ccf1df_6.0.22621.4391_none_2715d37f73803e96\COMCTL32.dll
0x00007ffcbaa40000 - 0x00007ffcbaa66000 	C:\Windows\System32\win32u.dll
0x00007ffcbca40000 - 0x00007ffcbcae7000 	C:\Windows\System32\msvcrt.dll
0x00007ffcbbeb0000 - 0x00007ffcbbed9000 	C:\Windows\System32\GDI32.dll
0x00007ffcba330000 - 0x00007ffcba44b000 	C:\Windows\System32\gdi32full.dll
0x00007ffcbaa70000 - 0x00007ffcbab0a000 	C:\Windows\System32\msvcp_win.dll
0x00007ffcbbe70000 - 0x00007ffcbbea1000 	C:\Windows\System32\IMM32.DLL
0x00007ffca1500000 - 0x00007ffca150c000 	C:\Users\HP\.jdks\openjdk-23\bin\vcruntime140_1.dll
0x00007ffc95000000 - 0x00007ffc9508e000 	C:\Users\HP\.jdks\openjdk-23\bin\msvcp140.dll
0x00007ffc724a0000 - 0x00007ffc731ef000 	C:\Users\HP\.jdks\openjdk-23\bin\server\jvm.dll
0x00007ffcbb1e0000 - 0x00007ffcbb292000 	C:\Windows\System32\ADVAPI32.dll
0x00007ffcbb0b0000 - 0x00007ffcbb157000 	C:\Windows\System32\sechost.dll
0x00007ffcbaca0000 - 0x00007ffcbacc8000 	C:\Windows\System32\bcrypt.dll
0x00007ffcbae30000 - 0x00007ffcbaf44000 	C:\Windows\System32\RPCRT4.dll
0x00007ffcbb160000 - 0x00007ffcbb1d1000 	C:\Windows\System32\WS2_32.dll
0x00007ffcba0d0000 - 0x00007ffcba11d000 	C:\Windows\SYSTEM32\POWRPROF.dll
0x00007ffcb3090000 - 0x00007ffcb30c4000 	C:\Windows\SYSTEM32\WINMM.dll
0x00007ffcb0fd0000 - 0x00007ffcb0fda000 	C:\Windows\SYSTEM32\VERSION.dll
0x00007ffcb9fb0000 - 0x00007ffcb9fc3000 	C:\Windows\SYSTEM32\UMPDC.dll
0x00007ffcb92c0000 - 0x00007ffcb92d8000 	C:\Windows\SYSTEM32\kernel.appcore.dll
0x00007ffc9f5f0000 - 0x00007ffc9f5fa000 	C:\Users\HP\.jdks\openjdk-23\bin\jimage.dll
0x00007ffcb7b60000 - 0x00007ffcb7d92000 	C:\Windows\SYSTEM32\DBGHELP.DLL
0x00007ffcbc090000 - 0x00007ffcbc41f000 	C:\Windows\System32\combase.dll
0x00007ffcbc740000 - 0x00007ffcbc817000 	C:\Windows\System32\OLEAUT32.dll
0x00007ffc99930000 - 0x00007ffc99962000 	C:\Windows\SYSTEM32\dbgcore.DLL
0x00007ffcba2b0000 - 0x00007ffcba32b000 	C:\Windows\System32\bcryptPrimitives.dll
0x00007ffc99360000 - 0x00007ffc9936f000 	C:\Users\HP\.jdks\openjdk-23\bin\instrument.dll
0x00007ffc98e90000 - 0x00007ffc98eae000 	C:\Users\HP\.jdks\openjdk-23\bin\java.dll
0x00007ffcbc430000 - 0x00007ffcbc5d5000 	C:\Windows\System32\ole32.dll
0x00007ffcbb2a0000 - 0x00007ffcbbb16000 	C:\Windows\System32\SHELL32.dll
0x00007ffcb81a0000 - 0x00007ffcb8aa3000 	C:\Windows\SYSTEM32\windows.storage.dll
0x00007ffcb8060000 - 0x00007ffcb819f000 	C:\Windows\SYSTEM32\wintypes.dll
0x00007ffcbbd70000 - 0x00007ffcbbe69000 	C:\Windows\System32\SHCORE.dll
0x00007ffcbc820000 - 0x00007ffcbc87e000 	C:\Windows\System32\shlwapi.dll
0x00007ffcba1e0000 - 0x00007ffcba20b000 	C:\Windows\SYSTEM32\profapi.dll
0x00007ffc75f70000 - 0x00007ffc76047000 	C:\Users\HP\.jdks\openjdk-23\bin\jsvml.dll
0x00007ffc98e70000 - 0x00007ffc98e87000 	C:\Users\HP\.jdks\openjdk-23\bin\zip.dll
0x00007ffc98e60000 - 0x00007ffc98e70000 	C:\Users\HP\.jdks\openjdk-23\bin\net.dll
0x00007ffcb9770000 - 0x00007ffcb97d9000 	C:\Windows\system32\mswsock.dll
0x00007ffc98e40000 - 0x00007ffc98e56000 	C:\Users\HP\.jdks\openjdk-23\bin\nio.dll
0x00007ffc98e10000 - 0x00007ffc98e20000 	C:\Users\HP\.jdks\openjdk-23\bin\verify.dll
0x00007ffc9f600000 - 0x00007ffc9f627000 	C:\Users\HP\.gradle\native\c067742578af261105cb4f569cf0c3c89f3d7b1fecec35dd04571415982c5e48\windows-amd64\native-platform.dll
0x00007ffc72350000 - 0x00007ffc72494000 	C:\Users\HP\.gradle\native\100fb08df4bc3b14c8652ba06237920a3bd2aa13389f12d3474272988ae205f9\windows-amd64\native-platform-file-events.dll
0x00007ffc98e00000 - 0x00007ffc98e0a000 	C:\Users\HP\.jdks\openjdk-23\bin\management.dll
0x00007ffc98ca0000 - 0x00007ffc98cab000 	C:\Users\HP\.jdks\openjdk-23\bin\management_ext.dll
0x00007ffcbbc50000 - 0x00007ffcbbc58000 	C:\Windows\System32\PSAPI.DLL
0x00007ffcb99d0000 - 0x00007ffcb99eb000 	C:\Windows\SYSTEM32\CRYPTSP.dll
0x00007ffcb9220000 - 0x00007ffcb9255000 	C:\Windows\system32\rsaenh.dll
0x00007ffcb9860000 - 0x00007ffcb9888000 	C:\Windows\SYSTEM32\USERENV.dll
0x00007ffcb99c0000 - 0x00007ffcb99cc000 	C:\Windows\SYSTEM32\CRYPTBASE.dll
0x00007ffcb8d00000 - 0x00007ffcb8d2d000 	C:\Windows\SYSTEM32\IPHLPAPI.DLL
0x00007ffcbc420000 - 0x00007ffcbc429000 	C:\Windows\System32\NSI.dll
0x00007ffc95a40000 - 0x00007ffc95a49000 	C:\Users\HP\.jdks\openjdk-23\bin\extnet.dll
0x00007ffc95a30000 - 0x00007ffc95a3e000 	C:\Users\HP\.jdks\openjdk-23\bin\sunmscapi.dll
0x00007ffcba450000 - 0x00007ffcba5b6000 	C:\Windows\System32\CRYPT32.dll
0x00007ffcb9b80000 - 0x00007ffcb9bad000 	C:\Windows\SYSTEM32\ncrypt.dll
0x00007ffcb9b40000 - 0x00007ffcb9b77000 	C:\Windows\SYSTEM32\NTASN1.dll
0x00007ffc49760000 - 0x00007ffc49768000 	C:\Windows\system32\wshunix.dll

dbghelp: loaded successfully - version: 4.0.5 - missing functions: none
symbol engine: initialized successfully - sym options: 0x614 - pdb path: .;C:\Users\HP\.jdks\openjdk-23\bin;C:\Windows\SYSTEM32;C:\Windows\WinSxS\amd64_microsoft.windows.common-controls_6595b64144ccf1df_6.0.22621.4391_none_2715d37f73803e96;C:\Users\HP\.jdks\openjdk-23\bin\server;C:\Users\HP\.gradle\native\c067742578af261105cb4f569cf0c3c89f3d7b1fecec35dd04571415982c5e48\windows-amd64;C:\Users\HP\.gradle\native\100fb08df4bc3b14c8652ba06237920a3bd2aa13389f12d3474272988ae205f9\windows-amd64

VM Arguments:
jvm_args: --add-opens=java.base/java.util=ALL-UNNAMED --add-opens=java.base/java.lang=ALL-UNNAMED --add-opens=java.base/java.lang.invoke=ALL-UNNAMED --add-opens=java.prefs/java.util.prefs=ALL-UNNAMED --add-exports=jdk.compiler/com.sun.tools.javac.api=ALL-UNNAMED --add-exports=jdk.compiler/com.sun.tools.javac.util=ALL-UNNAMED --add-opens=java.base/java.nio.charset=ALL-UNNAMED --add-opens=java.base/java.net=ALL-UNNAMED --add-opens=java.base/java.util.concurrent.atomic=ALL-UNNAMED -XX:MaxMetaspaceSize=384m -XX:+HeapDumpOnOutOfMemoryError -Xms256m -Xmx512m -Dfile.encoding=UTF-8 -Duser.country=US -Duser.language=en -Duser.variant -javaagent:C:\Users\HP\.gradle\wrapper\dists\gradle-8.10.2-bin\a04bxjujx95o3nb99gddekhwo\gradle-8.10.2\lib\agents\gradle-instrumentation-agent-8.10.2.jar 
java_command: org.gradle.launcher.daemon.bootstrap.GradleDaemon 8.10.2
java_class_path (initial): C:\Users\HP\.gradle\wrapper\dists\gradle-8.10.2-bin\a04bxjujx95o3nb99gddekhwo\gradle-8.10.2\lib\gradle-daemon-main-8.10.2.jar
Launcher Type: SUN_STANDARD

[Global flags]
     intx CICompilerCount                          = 4                                         {product} {ergonomic}
   size_t CompressedClassSpaceSize                 = 335544320                                 {product} {ergonomic}
     uint ConcGCThreads                            = 2                                         {product} {ergonomic}
     uint G1ConcRefinementThreads                  = 8                                         {product} {ergonomic}
   size_t G1HeapRegionSize                         = 1048576                                   {product} {ergonomic}
     bool HeapDumpOnOutOfMemoryError               = true                                   {manageable} {command line}
   size_t InitialHeapSize                          = 268435456                                 {product} {command line}
   size_t MarkStackSize                            = 4194304                                   {product} {ergonomic}
   size_t MarkStackSizeMax                         = 536870912                                 {product} {ergonomic}
   size_t MaxHeapSize                              = 536870912                                 {product} {command line}
   size_t MaxMetaspaceSize                         = 402653184                                 {product} {command line}
   size_t MaxNewSize                               = 321912832                                 {product} {ergonomic}
   size_t MinHeapDeltaBytes                        = 1048576                                   {product} {ergonomic}
   size_t MinHeapSize                              = 268435456                                 {product} {command line}
    uintx NonNMethodCodeHeapSize                   = 5832704                                {pd product} {ergonomic}
    uintx NonProfiledCodeHeapSize                  = 122945536                              {pd product} {ergonomic}
    uintx ProfiledCodeHeapSize                     = 122880000                              {pd product} {ergonomic}
    uintx ReservedCodeCacheSize                    = 251658240                              {pd product} {ergonomic}
     bool SegmentedCodeCache                       = true                                      {product} {ergonomic}
   size_t SoftMaxHeapSize                          = 536870912                              {manageable} {ergonomic}
     bool UseCompressedOops                        = true                           {product lp64_product} {ergonomic}
     bool UseG1GC                                  = true                                      {product} {ergonomic}
     bool UseLargePagesIndividualAllocation        = false                                  {pd product} {ergonomic}

Logging:
Log output configuration:
 #0: stdout all=warning uptime,level,tags foldmultilines=false
 #1: stderr all=off uptime,level,tags foldmultilines=false

Environment Variables:
PATH=C:\Windows\system32;C:\Windows;C:\Windows\System32\Wbem;C:\Windows\System32\WindowsPowerShell\v1.0\;C:\Windows\System32\OpenSSH\;D:\app_hoc\Git\cmd;C:\Program Files\nodejs\;C:\Users\HP\AppData\Local\Microsoft\WindowsApps;C:\Users\HP\AppData\Roaming\npm;C:\Program Files\nodejs\;
USERNAME=HP
OS=Windows_NT
PROCESSOR_IDENTIFIER=Intel64 Family 6 Model 140 Stepping 1, GenuineIntel
TMP=C:\Users\HP\AppData\Local\Temp
TEMP=C:\Users\HP\AppData\Local\Temp




Periodic native trim disabled

---------------  S Y S T E M  ---------------

OS:
 Windows 11 , 64 bit Build 22621 (10.0.22621.4391)
OS uptime: 0 days 5:48 hours
Hyper-V role detected

CPU: total 8 (initial active 8) (4 cores per cpu, 2 threads per core) family 6 model 140 stepping 1 microcode 0xac, cx8, cmov, fxsr, ht, mmx, 3dnowpref, sse, sse2, sse3, ssse3, sse4.1, sse4.2, popcnt, lzcnt, tsc, tscinvbit, avx, avx2, aes, erms, clmul, bmi1, bmi2, adx, avx512f, avx512dq, avx512cd, avx512bw, avx512vl, sha, fma, vzeroupper, avx512_vpopcntdq, avx512_vpclmulqdq, avx512_vaes, avx512_vnni, clflush, clflushopt, clwb, avx512_vbmi2, avx512_vbmi, hv, rdtscp, rdpid, fsrm, gfni, avx512_bitalg, f16c, cet_ibt, cet_ss, avx512_ifma
Processor Information for the first 8 processors :
  Max Mhz: 2803, Current Mhz: 2803, Mhz Limit: 2803

Memory: 4k page, system-wide physical 7957M (267M free)
TotalPageFile size 30391M (AvailPageFile size 24M)
current process WorkingSet (physical memory assigned to process): 57M, peak: 338M
current process commit charge ("private bytes"): 502M, peak: 529M

vm_info: OpenJDK 64-Bit Server VM (23+37-2369) for windows-amd64 JRE (23+37-2369), built on 2024-08-20T16:01:23Z with MS VC++ 17.6 (VS2022)

END.
